2019-10-12 15:02:02.005 [main] INFO  com.zhupeng.baseframe.WebApplication - 启动开始……
2019-10-12 15:02:02.005 [main] INFO  com.zhupeng.baseframe.WebApplication - 启动开始……
2019-10-12 15:02:02.794 [restartedMain] INFO  com.zhupeng.baseframe.WebApplication - 启动开始……
2019-10-12 15:02:02.794 [restartedMain] INFO  com.zhupeng.baseframe.WebApplication - 启动开始……
2019-10-12 15:02:13.951 [restartedMain] INFO  com.zhupeng.baseframe.WebApplication - Starting WebApplication on AUTOBVT-SMVSLG2 with PID 9536 (D:\workspace\myfile\GIT\baseframe\target\classes started by Administrator in D:\workspace\myfile\GIT\baseframe)
2019-10-12 15:02:13.951 [restartedMain] INFO  com.zhupeng.baseframe.WebApplication - Starting WebApplication on AUTOBVT-SMVSLG2 with PID 9536 (D:\workspace\myfile\GIT\baseframe\target\classes started by Administrator in D:\workspace\myfile\GIT\baseframe)
2019-10-12 15:02:13.952 [restartedMain] INFO  com.zhupeng.baseframe.WebApplication - No active profile set, falling back to default profiles: default
2019-10-12 15:02:13.952 [restartedMain] INFO  com.zhupeng.baseframe.WebApplication - No active profile set, falling back to default profiles: default
2019-10-12 15:02:17.542 [restartedMain] INFO  o.s.b.c.e.AnnotationConfigEmbeddedWebApplicationContext - Refreshing org.springframework.boot.context.embedded.AnnotationConfigEmbeddedWebApplicationContext@d5e94dc: startup date [Sat Oct 12 15:02:17 CST 2019]; root of context hierarchy
2019-10-12 15:02:17.934 [background-preinit] INFO  org.hibernate.validator.internal.util.Version - HV000001: Hibernate Validator 5.3.5.Final
2019-10-12 15:02:20.695 [restartedMain] INFO  o.s.d.r.config.RepositoryConfigurationDelegate - Multiple Spring Data modules found, entering strict repository configuration mode!
2019-10-12 15:02:21.637 [restartedMain] INFO  o.s.c.s.PostProcessorRegistrationDelegate$BeanPostProcessorChecker - Bean 'shiroConfig' of type [com.zhupeng.baseframe.config.ShiroConfig$$EnhancerBySpringCGLIB$$f5284d77] is not eligible for getting processed by all BeanPostProcessors (for example: not eligible for auto-proxying)
2019-10-12 15:02:22.747 [restartedMain] INFO  o.s.c.s.PostProcessorRegistrationDelegate$BeanPostProcessorChecker - Bean 'credentialsMatcher' of type [org.apache.shiro.authc.credential.HashedCredentialsMatcher] is not eligible for getting processed by all BeanPostProcessors (for example: not eligible for auto-proxying)
2019-10-12 15:02:23.001 [restartedMain] INFO  o.s.c.s.PostProcessorRegistrationDelegate$BeanPostProcessorChecker - Bean 'ehCacheManager' of type [org.apache.shiro.cache.ehcache.EhCacheManager] is not eligible for getting processed by all BeanPostProcessors (for example: not eligible for auto-proxying)
2019-10-12 15:02:23.002 [restartedMain] INFO  org.apache.shiro.cache.ehcache.EhCacheManager - Cache with name 'com.zhupeng.baseframe.shiro.UserRealm.authorizationCache' does not yet exist.  Creating now.
2019-10-12 15:02:23.003 [restartedMain] INFO  org.apache.shiro.cache.ehcache.EhCacheManager - Added EhCache named [com.zhupeng.baseframe.shiro.UserRealm.authorizationCache]
2019-10-12 15:02:23.314 [restartedMain] INFO  o.s.c.s.PostProcessorRegistrationDelegate$BeanPostProcessorChecker - Bean 'mybatis-org.mybatis.spring.boot.autoconfigure.MybatisProperties' of type [org.mybatis.spring.boot.autoconfigure.MybatisProperties] is not eligible for getting processed by all BeanPostProcessors (for example: not eligible for auto-proxying)
2019-10-12 15:02:23.333 [restartedMain] INFO  o.s.c.s.PostProcessorRegistrationDelegate$BeanPostProcessorChecker - Bean 'org.mybatis.spring.boot.autoconfigure.MybatisAutoConfiguration' of type [org.mybatis.spring.boot.autoconfigure.MybatisAutoConfiguration$$EnhancerBySpringCGLIB$$d1123303] is not eligible for getting processed by all BeanPostProcessors (for example: not eligible for auto-proxying)
2019-10-12 15:02:23.339 [restartedMain] INFO  o.s.c.s.PostProcessorRegistrationDelegate$BeanPostProcessorChecker - Bean 'org.springframework.boot.autoconfigure.jdbc.DataSourceConfiguration$Generic' of type [org.springframework.boot.autoconfigure.jdbc.DataSourceConfiguration$Generic] is not eligible for getting processed by all BeanPostProcessors (for example: not eligible for auto-proxying)
2019-10-12 15:02:23.411 [restartedMain] INFO  o.s.c.s.PostProcessorRegistrationDelegate$BeanPostProcessorChecker - Bean 'spring.datasource-org.springframework.boot.autoconfigure.jdbc.DataSourceProperties' of type [org.springframework.boot.autoconfigure.jdbc.DataSourceProperties] is not eligible for getting processed by all BeanPostProcessors (for example: not eligible for auto-proxying)
2019-10-12 15:02:23.729 [restartedMain] INFO  o.s.c.s.PostProcessorRegistrationDelegate$BeanPostProcessorChecker - Bean 'dataSource' of type [com.alibaba.druid.pool.DruidDataSource] is not eligible for getting processed by all BeanPostProcessors (for example: not eligible for auto-proxying)
2019-10-12 15:02:24.319 [restartedMain] INFO  o.s.c.s.PostProcessorRegistrationDelegate$BeanPostProcessorChecker - Bean 'sqlSessionFactory' of type [org.apache.ibatis.session.defaults.DefaultSqlSessionFactory] is not eligible for getting processed by all BeanPostProcessors (for example: not eligible for auto-proxying)
2019-10-12 15:02:24.357 [restartedMain] INFO  o.s.c.s.PostProcessorRegistrationDelegate$BeanPostProcessorChecker - Bean 'sqlSessionTemplate' of type [org.mybatis.spring.SqlSessionTemplate] is not eligible for getting processed by all BeanPostProcessors (for example: not eligible for auto-proxying)
2019-10-12 15:02:24.358 [restartedMain] INFO  o.s.c.s.PostProcessorRegistrationDelegate$BeanPostProcessorChecker - Bean 'userMapper' of type [org.mybatis.spring.mapper.MapperFactoryBean] is not eligible for getting processed by all BeanPostProcessors (for example: not eligible for auto-proxying)
2019-10-12 15:02:24.363 [restartedMain] INFO  o.s.c.s.PostProcessorRegistrationDelegate$BeanPostProcessorChecker - Bean 'userMapper' of type [com.sun.proxy.$Proxy69] is not eligible for getting processed by all BeanPostProcessors (for example: not eligible for auto-proxying)
2019-10-12 15:02:24.373 [restartedMain] INFO  o.s.c.s.PostProcessorRegistrationDelegate$BeanPostProcessorChecker - Bean 'kaptchaConfig' of type [com.zhupeng.baseframe.config.KaptchaConfig$$EnhancerBySpringCGLIB$$9a5d3568] is not eligible for getting processed by all BeanPostProcessors (for example: not eligible for auto-proxying)
2019-10-12 15:02:24.396 [restartedMain] INFO  o.s.c.s.PostProcessorRegistrationDelegate$BeanPostProcessorChecker - Bean 'producer' of type [com.google.code.kaptcha.impl.DefaultKaptcha] is not eligible for getting processed by all BeanPostProcessors (for example: not eligible for auto-proxying)
2019-10-12 15:02:24.398 [restartedMain] INFO  o.s.c.s.PostProcessorRegistrationDelegate$BeanPostProcessorChecker - Bean 'userServiceImpl' of type [com.zhupeng.baseframe.service.impl.UserServiceImpl] is not eligible for getting processed by all BeanPostProcessors (for example: not eligible for auto-proxying)
2019-10-12 15:02:24.409 [restartedMain] INFO  o.s.c.s.PostProcessorRegistrationDelegate$BeanPostProcessorChecker - Bean 'roleMapper' of type [org.mybatis.spring.mapper.MapperFactoryBean] is not eligible for getting processed by all BeanPostProcessors (for example: not eligible for auto-proxying)
2019-10-12 15:02:24.416 [restartedMain] INFO  o.s.c.s.PostProcessorRegistrationDelegate$BeanPostProcessorChecker - Bean 'roleMapper' of type [com.sun.proxy.$Proxy71] is not eligible for getting processed by all BeanPostProcessors (for example: not eligible for auto-proxying)
2019-10-12 15:02:24.417 [restartedMain] INFO  o.s.c.s.PostProcessorRegistrationDelegate$BeanPostProcessorChecker - Bean 'roleServiceImpl' of type [com.zhupeng.baseframe.service.impl.RoleServiceImpl] is not eligible for getting processed by all BeanPostProcessors (for example: not eligible for auto-proxying)
2019-10-12 15:02:24.428 [restartedMain] INFO  o.s.c.s.PostProcessorRegistrationDelegate$BeanPostProcessorChecker - Bean 'permissionMapper' of type [org.mybatis.spring.mapper.MapperFactoryBean] is not eligible for getting processed by all BeanPostProcessors (for example: not eligible for auto-proxying)
2019-10-12 15:02:24.429 [restartedMain] INFO  o.s.c.s.PostProcessorRegistrationDelegate$BeanPostProcessorChecker - Bean 'permissionMapper' of type [com.sun.proxy.$Proxy72] is not eligible for getting processed by all BeanPostProcessors (for example: not eligible for auto-proxying)
2019-10-12 15:02:24.430 [restartedMain] INFO  o.s.c.s.PostProcessorRegistrationDelegate$BeanPostProcessorChecker - Bean 'permissionServiceImpl' of type [com.zhupeng.baseframe.service.impl.PermissionServiceImpl] is not eligible for getting processed by all BeanPostProcessors (for example: not eligible for auto-proxying)
2019-10-12 15:02:24.432 [restartedMain] INFO  o.s.c.s.PostProcessorRegistrationDelegate$BeanPostProcessorChecker - Bean 'myShiroRealm' of type [com.zhupeng.baseframe.shiro.UserRealm] is not eligible for getting processed by all BeanPostProcessors (for example: not eligible for auto-proxying)
2019-10-12 15:02:24.454 [restartedMain] INFO  o.s.c.s.PostProcessorRegistrationDelegate$BeanPostProcessorChecker - Bean 'sessionManager' of type [org.apache.shiro.web.session.mgt.DefaultWebSessionManager] is not eligible for getting processed by all BeanPostProcessors (for example: not eligible for auto-proxying)
2019-10-12 15:02:24.462 [restartedMain] INFO  o.s.c.s.PostProcessorRegistrationDelegate$BeanPostProcessorChecker - Bean 'rememberMeCookie' of type [org.apache.shiro.web.servlet.SimpleCookie] is not eligible for getting processed by all BeanPostProcessors (for example: not eligible for auto-proxying)
2019-10-12 15:02:24.469 [restartedMain] INFO  o.s.c.s.PostProcessorRegistrationDelegate$BeanPostProcessorChecker - Bean 'rememberMeManager' of type [org.apache.shiro.web.mgt.CookieRememberMeManager] is not eligible for getting processed by all BeanPostProcessors (for example: not eligible for auto-proxying)
2019-10-12 15:02:24.491 [restartedMain] INFO  o.s.c.s.PostProcessorRegistrationDelegate$BeanPostProcessorChecker - Bean 'securityManager' of type [org.apache.shiro.web.mgt.DefaultWebSecurityManager] is not eligible for getting processed by all BeanPostProcessors (for example: not eligible for auto-proxying)
2019-10-12 15:02:24.713 [restartedMain] INFO  o.s.c.s.PostProcessorRegistrationDelegate$BeanPostProcessorChecker - Bean 'authorizationAttributeSourceAdvisor' of type [org.apache.shiro.spring.security.interceptor.AuthorizationAttributeSourceAdvisor] is not eligible for getting processed by all BeanPostProcessors (for example: not eligible for auto-proxying)
2019-10-12 15:02:24.858 [restartedMain] INFO  o.s.c.s.PostProcessorRegistrationDelegate$BeanPostProcessorChecker - Bean 'org.springframework.transaction.annotation.ProxyTransactionManagementConfiguration' of type [org.springframework.transaction.annotation.ProxyTransactionManagementConfiguration$$EnhancerBySpringCGLIB$$9e3de1d3] is not eligible for getting processed by all BeanPostProcessors (for example: not eligible for auto-proxying)
2019-10-12 15:02:28.520 [restartedMain] INFO  o.s.b.c.e.tomcat.TomcatEmbeddedServletContainer - Tomcat initialized with port(s): 9999 (http)
2019-10-12 15:02:28.582 [restartedMain] INFO  org.apache.catalina.core.StandardService - Starting service [Tomcat]
2019-10-12 15:02:28.583 [restartedMain] INFO  org.apache.catalina.core.StandardEngine - Starting Servlet Engine: Apache Tomcat/8.5.16
2019-10-12 15:02:29.059 [localhost-startStop-1] INFO  o.a.c.c.C.[Tomcat].[localhost].[/baseframe] - Initializing Spring embedded WebApplicationContext
2019-10-12 15:02:29.059 [localhost-startStop-1] INFO  org.springframework.web.context.ContextLoader - Root WebApplicationContext: initialization completed in 11517 ms
2019-10-12 15:02:30.032 [localhost-startStop-1] INFO  o.s.boot.web.servlet.ServletRegistrationBean - Mapping servlet: 'kaptchaServlet' to [/kaptcha.jpg]
2019-10-12 15:02:30.035 [localhost-startStop-1] INFO  o.s.boot.web.servlet.ServletRegistrationBean - Mapping servlet: 'dispatcherServlet' to [/]
2019-10-12 15:02:30.056 [localhost-startStop-1] INFO  o.s.boot.web.servlet.FilterRegistrationBean - Mapping filter: 'characterEncodingFilter' to: [/*]
2019-10-12 15:02:30.057 [localhost-startStop-1] INFO  o.s.boot.web.servlet.FilterRegistrationBean - Mapping filter: 'hiddenHttpMethodFilter' to: [/*]
2019-10-12 15:02:30.057 [localhost-startStop-1] INFO  o.s.boot.web.servlet.FilterRegistrationBean - Mapping filter: 'httpPutFormContentFilter' to: [/*]
2019-10-12 15:02:30.057 [localhost-startStop-1] INFO  o.s.boot.web.servlet.FilterRegistrationBean - Mapping filter: 'requestContextFilter' to: [/*]
2019-10-12 15:02:30.057 [localhost-startStop-1] INFO  o.s.boot.web.servlet.FilterRegistrationBean - Mapping filter: 'shirFilter' to: [/*]
2019-10-12 15:02:30.639 [restartedMain] INFO  org.springframework.aop.framework.CglibAopProxy - Final method [public final void org.apache.shiro.realm.AuthenticatingRealm.init()] cannot get proxied via CGLIB: Calls to this method will NOT be routed to the target instance and might lead to NPEs against uninitialized fields in the proxy instance.
2019-10-12 15:02:30.640 [restartedMain] INFO  org.springframework.aop.framework.CglibAopProxy - Final method [public final org.apache.shiro.authc.AuthenticationInfo org.apache.shiro.realm.AuthenticatingRealm.getAuthenticationInfo(org.apache.shiro.authc.AuthenticationToken) throws org.apache.shiro.authc.AuthenticationException] cannot get proxied via CGLIB: Calls to this method will NOT be routed to the target instance and might lead to NPEs against uninitialized fields in the proxy instance.
2019-10-12 15:02:33.386 [restartedMain] INFO  o.s.w.s.m.m.a.RequestMappingHandlerMapping - Mapped "{[/uploadImg],methods=[GET]}" onto public void com.zhupeng.baseframe.controller.FileController.uploadImg(javax.servlet.http.HttpServletResponse)
2019-10-12 15:02:33.389 [restartedMain] INFO  o.s.w.s.m.m.a.RequestMappingHandlerMapping - Mapped "{[/userController/register]}" onto public com.zhupeng.baseframe.entity.ro.ResponseResult com.zhupeng.baseframe.controller.UserController.register(com.zhupeng.baseframe.entity.co.user.UserRegisterCo)
2019-10-12 15:02:33.389 [restartedMain] INFO  o.s.w.s.m.m.a.RequestMappingHandlerMapping - Mapped "{[/userController/delete]}" onto public void com.zhupeng.baseframe.controller.UserController.delete()
2019-10-12 15:02:33.390 [restartedMain] INFO  o.s.w.s.m.m.a.RequestMappingHandlerMapping - Mapped "{[/userController/getRole]}" onto public void com.zhupeng.baseframe.controller.UserController.getRole()
2019-10-12 15:02:33.391 [restartedMain] INFO  o.s.w.s.m.m.a.RequestMappingHandlerMapping - Mapped "{[/userController/test],methods=[GET]}" onto public java.lang.String com.zhupeng.baseframe.controller.UserController.addUser()
2019-10-12 15:02:33.392 [restartedMain] INFO  o.s.w.s.m.m.a.RequestMappingHandlerMapping - Mapped "{[/userController/logOut]}" onto public java.lang.String com.zhupeng.baseframe.controller.UserController.logOut(javax.servlet.http.HttpSession)
2019-10-12 15:02:33.392 [restartedMain] INFO  o.s.w.s.m.m.a.RequestMappingHandlerMapping - Mapped "{[/userController/loginUser]}" onto public com.zhupeng.baseframe.entity.ro.ResponseResult com.zhupeng.baseframe.controller.UserController.loginUser(com.zhupeng.baseframe.entity.co.user.LoginUserCo,javax.servlet.http.HttpSession,javax.servlet.http.HttpServletRequest)
2019-10-12 15:02:33.392 [restartedMain] INFO  o.s.w.s.m.m.a.RequestMappingHandlerMapping - Mapped "{[/userController/Captcha.jpg]}" onto public void com.zhupeng.baseframe.controller.UserController.kaptcha(javax.servlet.http.HttpServletResponse)
2019-10-12 15:02:33.393 [restartedMain] INFO  o.s.w.s.m.m.a.RequestMappingHandlerMapping - Mapped "{[/v2/api-docs],methods=[GET],produces=[application/json || application/hal+json]}" onto public org.springframework.http.ResponseEntity<springfox.documentation.spring.web.json.Json> springfox.documentation.swagger2.web.Swagger2Controller.getDocumentation(java.lang.String,javax.servlet.http.HttpServletRequest)
2019-10-12 15:02:33.397 [restartedMain] INFO  o.s.w.s.m.m.a.RequestMappingHandlerMapping - Mapped "{[/swagger-resources/configuration/ui]}" onto org.springframework.http.ResponseEntity<springfox.documentation.swagger.web.UiConfiguration> springfox.documentation.swagger.web.ApiResourceController.uiConfiguration()
2019-10-12 15:02:33.398 [restartedMain] INFO  o.s.w.s.m.m.a.RequestMappingHandlerMapping - Mapped "{[/swagger-resources]}" onto org.springframework.http.ResponseEntity<java.util.List<springfox.documentation.swagger.web.SwaggerResource>> springfox.documentation.swagger.web.ApiResourceController.swaggerResources()
2019-10-12 15:02:33.399 [restartedMain] INFO  o.s.w.s.m.m.a.RequestMappingHandlerMapping - Mapped "{[/swagger-resources/configuration/security]}" onto org.springframework.http.ResponseEntity<springfox.documentation.swagger.web.SecurityConfiguration> springfox.documentation.swagger.web.ApiResourceController.securityConfiguration()
2019-10-12 15:02:33.402 [restartedMain] INFO  o.s.w.s.m.m.a.RequestMappingHandlerMapping - Mapped "{[/error]}" onto public org.springframework.http.ResponseEntity<java.util.Map<java.lang.String, java.lang.Object>> org.springframework.boot.autoconfigure.web.BasicErrorController.error(javax.servlet.http.HttpServletRequest)
2019-10-12 15:02:33.403 [restartedMain] INFO  o.s.w.s.m.m.a.RequestMappingHandlerMapping - Mapped "{[/error],produces=[text/html]}" onto public org.springframework.web.servlet.ModelAndView org.springframework.boot.autoconfigure.web.BasicErrorController.errorHtml(javax.servlet.http.HttpServletRequest,javax.servlet.http.HttpServletResponse)
2019-10-12 15:02:36.025 [restartedMain] INFO  o.s.w.s.m.m.a.RequestMappingHandlerAdapter - Looking for @ControllerAdvice: org.springframework.boot.context.embedded.AnnotationConfigEmbeddedWebApplicationContext@d5e94dc: startup date [Sat Oct 12 15:02:17 CST 2019]; root of context hierarchy
2019-10-12 15:02:36.349 [restartedMain] INFO  o.s.web.servlet.handler.SimpleUrlHandlerMapping - Mapped URL path [/webjars/**] onto handler of type [class org.springframework.web.servlet.resource.ResourceHttpRequestHandler]
2019-10-12 15:02:36.349 [restartedMain] INFO  o.s.web.servlet.handler.SimpleUrlHandlerMapping - Mapped URL path [/**] onto handler of type [class org.springframework.web.servlet.resource.ResourceHttpRequestHandler]
2019-10-12 15:02:36.402 [restartedMain] INFO  o.s.w.s.m.m.a.ExceptionHandlerExceptionResolver - Detected @ExceptionHandler methods in exceptionHelper
2019-10-12 15:02:36.546 [restartedMain] INFO  o.s.web.servlet.handler.SimpleUrlHandlerMapping - Mapped URL path [/**/favicon.ico] onto handler of type [class org.springframework.web.servlet.resource.ResourceHttpRequestHandler]
2019-10-12 15:02:37.606 [restartedMain] INFO  o.s.b.a.w.WebMvcAutoConfiguration$WelcomePageHandlerMapping - Adding welcome page: class path resource [static/index.html]
2019-10-12 15:02:38.757 [restartedMain] INFO  o.s.ui.freemarker.SpringTemplateLoader - SpringTemplateLoader for FreeMarker: using resource loader [org.springframework.boot.context.embedded.AnnotationConfigEmbeddedWebApplicationContext@d5e94dc: startup date [Sat Oct 12 15:02:17 CST 2019]; root of context hierarchy] and template loader path [classpath:/templates/]
2019-10-12 15:02:38.758 [restartedMain] INFO  o.s.w.servlet.view.freemarker.FreeMarkerConfigurer - ClassTemplateLoader for Spring macros added to FreeMarker configuration
2019-10-12 15:02:40.074 [restartedMain] INFO  o.s.b.d.autoconfigure.OptionalLiveReloadServer - LiveReload server is running on port 35729
2019-10-12 15:02:40.331 [restartedMain] INFO  o.s.jmx.export.annotation.AnnotationMBeanExporter - Registering beans for JMX exposure on startup
2019-10-12 15:02:40.333 [restartedMain] INFO  o.s.jmx.export.annotation.AnnotationMBeanExporter - Bean with name 'dataSource' has been autodetected for JMX exposure
2019-10-12 15:02:40.339 [restartedMain] INFO  o.s.jmx.export.annotation.AnnotationMBeanExporter - Located MBean 'dataSource': registering with JMX server as MBean [com.alibaba.druid.pool:name=dataSource,type=DruidDataSource]
2019-10-12 15:02:40.369 [restartedMain] INFO  o.s.context.support.DefaultLifecycleProcessor - Starting beans in phase 2147483647
2019-10-12 15:02:40.369 [restartedMain] INFO  s.d.s.web.plugins.DocumentationPluginsBootstrapper - Context refreshed
2019-10-12 15:02:40.431 [restartedMain] INFO  s.d.s.web.plugins.DocumentationPluginsBootstrapper - Found 1 custom documentation plugin(s)
2019-10-12 15:02:40.462 [restartedMain] INFO  s.d.spring.web.scanners.ApiListingReferenceScanner - Scanning for api listing references
2019-10-12 15:02:40.950 [restartedMain] INFO  o.s.s.a.ScheduledAnnotationBeanPostProcessor - No TaskScheduler/ScheduledExecutorService bean found for scheduled processing
2019-10-12 15:02:40.993 [restartedMain] INFO  org.apache.coyote.http11.Http11NioProtocol - Initializing ProtocolHandler ["http-nio-9999"]
2019-10-12 15:02:41.029 [restartedMain] INFO  org.apache.coyote.http11.Http11NioProtocol - Starting ProtocolHandler ["http-nio-9999"]
2019-10-12 15:02:41.044 [restartedMain] INFO  org.apache.tomcat.util.net.NioSelectorPool - Using a shared selector for servlet write/read
2019-10-12 15:02:41.100 [restartedMain] INFO  o.s.b.c.e.tomcat.TomcatEmbeddedServletContainer - Tomcat started on port(s): 9999 (http)
2019-10-12 15:02:41.116 [restartedMain] INFO  com.zhupeng.baseframe.WebApplication - Started WebApplication in 38.286 seconds (JVM running for 42.478)
2019-10-12 15:02:41.116 [restartedMain] INFO  com.zhupeng.baseframe.WebApplication - Started WebApplication in 38.286 seconds (JVM running for 42.478)
2019-10-12 15:02:41.117 [restartedMain] INFO  com.zhupeng.baseframe.WebApplication - 启动完成！
2019-10-12 15:02:41.117 [restartedMain] INFO  com.zhupeng.baseframe.WebApplication - 启动完成！
2019-10-12 15:03:00.356 [pool-2-thread-1] INFO  com.zhupeng.baseframe.aop.LogAopAdvise - 请求request ==> url:[null], class:[com.zhupeng.baseframe.task.TimerTask], method:[timeTest], paramters:[null]
2019-10-12 15:03:00.356 [pool-2-thread-1] INFO  com.zhupeng.baseframe.aop.LogAopAdvise - 请求request ==> url:[null], class:[com.zhupeng.baseframe.task.TimerTask], method:[timeTest], paramters:[null]
2019-10-12 15:03:00.364 [pool-2-thread-1] INFO  com.zhupeng.baseframe.task.TimerTask - 定时任务开始……
2019-10-12 15:03:00.364 [pool-2-thread-1] INFO  com.zhupeng.baseframe.task.TimerTask - 定时任务开始……
2019-10-12 15:03:02.884 [pool-2-thread-1] INFO  com.zhupeng.baseframe.aop.LogAopAdvise - 调用TimerTask.timeTest()方法，发生异常，异常信息是：Cannot get Jedis connection; nested exception is redis.clients.jedis.exceptions.JedisConnectionException: Could not get a resource from the pool
2019-10-12 15:03:02.884 [pool-2-thread-1] INFO  com.zhupeng.baseframe.aop.LogAopAdvise - 调用TimerTask.timeTest()方法，发生异常，异常信息是：Cannot get Jedis connection; nested exception is redis.clients.jedis.exceptions.JedisConnectionException: Could not get a resource from the pool
2019-10-12 15:04:00.002 [pool-2-thread-1] INFO  com.zhupeng.baseframe.aop.LogAopAdvise - 请求request ==> url:[null], class:[com.zhupeng.baseframe.task.TimerTask], method:[timeTest], paramters:[null]
2019-10-12 15:04:00.002 [pool-2-thread-1] INFO  com.zhupeng.baseframe.aop.LogAopAdvise - 请求request ==> url:[null], class:[com.zhupeng.baseframe.task.TimerTask], method:[timeTest], paramters:[null]
2019-10-12 15:04:00.003 [pool-2-thread-1] INFO  com.zhupeng.baseframe.task.TimerTask - 定时任务开始……
2019-10-12 15:04:00.003 [pool-2-thread-1] INFO  com.zhupeng.baseframe.task.TimerTask - 定时任务开始……
2019-10-12 15:04:00.008 [pool-2-thread-1] INFO  com.zhupeng.baseframe.aop.LogAopAdvise - 调用TimerTask.timeTest()方法，发生异常，异常信息是：Cannot get Jedis connection; nested exception is redis.clients.jedis.exceptions.JedisConnectionException: Could not get a resource from the pool
2019-10-12 15:04:00.008 [pool-2-thread-1] INFO  com.zhupeng.baseframe.aop.LogAopAdvise - 调用TimerTask.timeTest()方法，发生异常，异常信息是：Cannot get Jedis connection; nested exception is redis.clients.jedis.exceptions.JedisConnectionException: Could not get a resource from the pool
2019-10-12 15:04:01.317 [http-nio-9999-exec-9] INFO  o.a.c.c.C.[Tomcat].[localhost].[/baseframe] - Initializing Spring FrameworkServlet 'dispatcherServlet'
2019-10-12 15:04:01.318 [http-nio-9999-exec-9] INFO  org.springframework.web.servlet.DispatcherServlet - FrameworkServlet 'dispatcherServlet': initialization started
2019-10-12 15:04:01.490 [http-nio-9999-exec-9] INFO  org.springframework.web.servlet.DispatcherServlet - FrameworkServlet 'dispatcherServlet': initialization completed in 172 ms
2019-10-12 15:04:01.904 [http-nio-9999-exec-9] INFO  o.a.s.session.mgt.AbstractValidatingSessionManager - Enabling session validation scheduler...
2019-10-12 15:04:02.372 [http-nio-9999-exec-5] INFO  com.zhupeng.baseframe.aop.LogAopAdvise - 请求request ==> url:[http://localhost:9999/baseframe/userController/Captcha.jpg], class:[com.zhupeng.baseframe.controller.UserController], method:[kaptcha], paramters:[{}]
2019-10-12 15:04:02.372 [http-nio-9999-exec-5] INFO  com.zhupeng.baseframe.aop.LogAopAdvise - 请求request ==> url:[http://localhost:9999/baseframe/userController/Captcha.jpg], class:[com.zhupeng.baseframe.controller.UserController], method:[kaptcha], paramters:[{}]
2019-10-12 15:04:05.753 [http-nio-9999-exec-5] INFO  com.zhupeng.baseframe.aop.LogAopAdvise - 返回response ==>  class:[com.zhupeng.baseframe.controller.UserController], method:[kaptcha], paramters:[]
2019-10-12 15:04:05.753 [http-nio-9999-exec-5] INFO  com.zhupeng.baseframe.aop.LogAopAdvise - 返回response ==>  class:[com.zhupeng.baseframe.controller.UserController], method:[kaptcha], paramters:[]
2019-10-12 15:04:48.158 [Thread-12] INFO  o.s.b.c.e.AnnotationConfigEmbeddedWebApplicationContext - Closing org.springframework.boot.context.embedded.AnnotationConfigEmbeddedWebApplicationContext@d5e94dc: startup date [Sat Oct 12 15:02:17 CST 2019]; root of context hierarchy
2019-10-12 15:04:48.163 [Thread-12] INFO  o.s.context.support.DefaultLifecycleProcessor - Stopping beans in phase 2147483647
2019-10-12 15:04:48.185 [Thread-12] INFO  o.s.jmx.export.annotation.AnnotationMBeanExporter - Unregistering JMX-exposed beans on shutdown
2019-10-12 15:04:48.185 [Thread-12] INFO  o.s.jmx.export.annotation.AnnotationMBeanExporter - Unregistering JMX-exposed beans
2019-10-12 15:04:48.198 [Thread-12] INFO  o.a.s.session.mgt.AbstractValidatingSessionManager - Disabled session validation scheduler.
2019-10-12 15:04:56.448 [main] INFO  com.zhupeng.baseframe.WebApplication - 启动开始……
2019-10-12 15:04:56.448 [main] INFO  com.zhupeng.baseframe.WebApplication - 启动开始……
2019-10-12 15:04:57.057 [restartedMain] INFO  com.zhupeng.baseframe.WebApplication - 启动开始……
2019-10-12 15:04:57.057 [restartedMain] INFO  com.zhupeng.baseframe.WebApplication - 启动开始……
2019-10-12 15:04:58.169 [restartedMain] INFO  com.zhupeng.baseframe.WebApplication - Starting WebApplication on AUTOBVT-SMVSLG2 with PID 9372 (D:\workspace\myfile\GIT\baseframe\target\classes started by Administrator in D:\workspace\myfile\GIT\baseframe)
2019-10-12 15:04:58.169 [restartedMain] INFO  com.zhupeng.baseframe.WebApplication - Starting WebApplication on AUTOBVT-SMVSLG2 with PID 9372 (D:\workspace\myfile\GIT\baseframe\target\classes started by Administrator in D:\workspace\myfile\GIT\baseframe)
2019-10-12 15:04:58.169 [restartedMain] INFO  com.zhupeng.baseframe.WebApplication - No active profile set, falling back to default profiles: default
2019-10-12 15:04:58.169 [restartedMain] INFO  com.zhupeng.baseframe.WebApplication - No active profile set, falling back to default profiles: default
2019-10-12 15:04:58.648 [restartedMain] INFO  o.s.b.c.e.AnnotationConfigEmbeddedWebApplicationContext - Refreshing org.springframework.boot.context.embedded.AnnotationConfigEmbeddedWebApplicationContext@179684df: startup date [Sat Oct 12 15:04:58 CST 2019]; root of context hierarchy
2019-10-12 15:04:59.286 [background-preinit] INFO  org.hibernate.validator.internal.util.Version - HV000001: Hibernate Validator 5.3.5.Final
2019-10-12 15:05:01.102 [restartedMain] INFO  o.s.d.r.config.RepositoryConfigurationDelegate - Multiple Spring Data modules found, entering strict repository configuration mode!
2019-10-12 15:05:01.788 [restartedMain] INFO  o.s.c.s.PostProcessorRegistrationDelegate$BeanPostProcessorChecker - Bean 'shiroConfig' of type [com.zhupeng.baseframe.config.ShiroConfig$$EnhancerBySpringCGLIB$$385c837e] is not eligible for getting processed by all BeanPostProcessors (for example: not eligible for auto-proxying)
2019-10-12 15:05:02.607 [restartedMain] INFO  o.s.c.s.PostProcessorRegistrationDelegate$BeanPostProcessorChecker - Bean 'credentialsMatcher' of type [org.apache.shiro.authc.credential.HashedCredentialsMatcher] is not eligible for getting processed by all BeanPostProcessors (for example: not eligible for auto-proxying)
2019-10-12 15:05:02.788 [restartedMain] INFO  o.s.c.s.PostProcessorRegistrationDelegate$BeanPostProcessorChecker - Bean 'ehCacheManager' of type [org.apache.shiro.cache.ehcache.EhCacheManager] is not eligible for getting processed by all BeanPostProcessors (for example: not eligible for auto-proxying)
2019-10-12 15:05:02.789 [restartedMain] INFO  org.apache.shiro.cache.ehcache.EhCacheManager - Cache with name 'com.zhupeng.baseframe.shiro.UserRealm.authorizationCache' does not yet exist.  Creating now.
2019-10-12 15:05:02.790 [restartedMain] INFO  org.apache.shiro.cache.ehcache.EhCacheManager - Added EhCache named [com.zhupeng.baseframe.shiro.UserRealm.authorizationCache]
2019-10-12 15:05:02.997 [restartedMain] INFO  o.s.c.s.PostProcessorRegistrationDelegate$BeanPostProcessorChecker - Bean 'mybatis-org.mybatis.spring.boot.autoconfigure.MybatisProperties' of type [org.mybatis.spring.boot.autoconfigure.MybatisProperties] is not eligible for getting processed by all BeanPostProcessors (for example: not eligible for auto-proxying)
2019-10-12 15:05:03.012 [restartedMain] INFO  o.s.c.s.PostProcessorRegistrationDelegate$BeanPostProcessorChecker - Bean 'org.mybatis.spring.boot.autoconfigure.MybatisAutoConfiguration' of type [org.mybatis.spring.boot.autoconfigure.MybatisAutoConfiguration$$EnhancerBySpringCGLIB$$1446690a] is not eligible for getting processed by all BeanPostProcessors (for example: not eligible for auto-proxying)
2019-10-12 15:05:03.016 [restartedMain] INFO  o.s.c.s.PostProcessorRegistrationDelegate$BeanPostProcessorChecker - Bean 'org.springframework.boot.autoconfigure.jdbc.DataSourceConfiguration$Generic' of type [org.springframework.boot.autoconfigure.jdbc.DataSourceConfiguration$Generic] is not eligible for getting processed by all BeanPostProcessors (for example: not eligible for auto-proxying)
2019-10-12 15:05:03.065 [restartedMain] INFO  o.s.c.s.PostProcessorRegistrationDelegate$BeanPostProcessorChecker - Bean 'spring.datasource-org.springframework.boot.autoconfigure.jdbc.DataSourceProperties' of type [org.springframework.boot.autoconfigure.jdbc.DataSourceProperties] is not eligible for getting processed by all BeanPostProcessors (for example: not eligible for auto-proxying)
2019-10-12 15:05:03.413 [restartedMain] INFO  o.s.c.s.PostProcessorRegistrationDelegate$BeanPostProcessorChecker - Bean 'dataSource' of type [com.alibaba.druid.pool.DruidDataSource] is not eligible for getting processed by all BeanPostProcessors (for example: not eligible for auto-proxying)
2019-10-12 15:05:03.756 [restartedMain] INFO  o.s.c.s.PostProcessorRegistrationDelegate$BeanPostProcessorChecker - Bean 'sqlSessionFactory' of type [org.apache.ibatis.session.defaults.DefaultSqlSessionFactory] is not eligible for getting processed by all BeanPostProcessors (for example: not eligible for auto-proxying)
2019-10-12 15:05:03.775 [restartedMain] INFO  o.s.c.s.PostProcessorRegistrationDelegate$BeanPostProcessorChecker - Bean 'sqlSessionTemplate' of type [org.mybatis.spring.SqlSessionTemplate] is not eligible for getting processed by all BeanPostProcessors (for example: not eligible for auto-proxying)
2019-10-12 15:05:03.776 [restartedMain] INFO  o.s.c.s.PostProcessorRegistrationDelegate$BeanPostProcessorChecker - Bean 'userMapper' of type [org.mybatis.spring.mapper.MapperFactoryBean] is not eligible for getting processed by all BeanPostProcessors (for example: not eligible for auto-proxying)
2019-10-12 15:05:03.785 [restartedMain] INFO  o.s.c.s.PostProcessorRegistrationDelegate$BeanPostProcessorChecker - Bean 'userMapper' of type [com.sun.proxy.$Proxy69] is not eligible for getting processed by all BeanPostProcessors (for example: not eligible for auto-proxying)
2019-10-12 15:05:03.794 [restartedMain] INFO  o.s.c.s.PostProcessorRegistrationDelegate$BeanPostProcessorChecker - Bean 'kaptchaConfig' of type [com.zhupeng.baseframe.config.KaptchaConfig$$EnhancerBySpringCGLIB$$dd916b6f] is not eligible for getting processed by all BeanPostProcessors (for example: not eligible for auto-proxying)
2019-10-12 15:05:03.833 [restartedMain] INFO  o.s.c.s.PostProcessorRegistrationDelegate$BeanPostProcessorChecker - Bean 'producer' of type [com.google.code.kaptcha.impl.DefaultKaptcha] is not eligible for getting processed by all BeanPostProcessors (for example: not eligible for auto-proxying)
2019-10-12 15:05:03.835 [restartedMain] INFO  o.s.c.s.PostProcessorRegistrationDelegate$BeanPostProcessorChecker - Bean 'userServiceImpl' of type [com.zhupeng.baseframe.service.impl.UserServiceImpl] is not eligible for getting processed by all BeanPostProcessors (for example: not eligible for auto-proxying)
2019-10-12 15:05:03.848 [restartedMain] INFO  o.s.c.s.PostProcessorRegistrationDelegate$BeanPostProcessorChecker - Bean 'roleMapper' of type [org.mybatis.spring.mapper.MapperFactoryBean] is not eligible for getting processed by all BeanPostProcessors (for example: not eligible for auto-proxying)
2019-10-12 15:05:03.849 [restartedMain] INFO  o.s.c.s.PostProcessorRegistrationDelegate$BeanPostProcessorChecker - Bean 'roleMapper' of type [com.sun.proxy.$Proxy71] is not eligible for getting processed by all BeanPostProcessors (for example: not eligible for auto-proxying)
2019-10-12 15:05:03.849 [restartedMain] INFO  o.s.c.s.PostProcessorRegistrationDelegate$BeanPostProcessorChecker - Bean 'roleServiceImpl' of type [com.zhupeng.baseframe.service.impl.RoleServiceImpl] is not eligible for getting processed by all BeanPostProcessors (for example: not eligible for auto-proxying)
2019-10-12 15:05:03.858 [restartedMain] INFO  o.s.c.s.PostProcessorRegistrationDelegate$BeanPostProcessorChecker - Bean 'permissionMapper' of type [org.mybatis.spring.mapper.MapperFactoryBean] is not eligible for getting processed by all BeanPostProcessors (for example: not eligible for auto-proxying)
2019-10-12 15:05:03.859 [restartedMain] INFO  o.s.c.s.PostProcessorRegistrationDelegate$BeanPostProcessorChecker - Bean 'permissionMapper' of type [com.sun.proxy.$Proxy72] is not eligible for getting processed by all BeanPostProcessors (for example: not eligible for auto-proxying)
2019-10-12 15:05:03.859 [restartedMain] INFO  o.s.c.s.PostProcessorRegistrationDelegate$BeanPostProcessorChecker - Bean 'permissionServiceImpl' of type [com.zhupeng.baseframe.service.impl.PermissionServiceImpl] is not eligible for getting processed by all BeanPostProcessors (for example: not eligible for auto-proxying)
2019-10-12 15:05:03.860 [restartedMain] INFO  o.s.c.s.PostProcessorRegistrationDelegate$BeanPostProcessorChecker - Bean 'myShiroRealm' of type [com.zhupeng.baseframe.shiro.UserRealm] is not eligible for getting processed by all BeanPostProcessors (for example: not eligible for auto-proxying)
2019-10-12 15:05:03.930 [restartedMain] INFO  o.s.c.s.PostProcessorRegistrationDelegate$BeanPostProcessorChecker - Bean 'sessionManager' of type [org.apache.shiro.web.session.mgt.DefaultWebSessionManager] is not eligible for getting processed by all BeanPostProcessors (for example: not eligible for auto-proxying)
2019-10-12 15:05:03.935 [restartedMain] INFO  o.s.c.s.PostProcessorRegistrationDelegate$BeanPostProcessorChecker - Bean 'rememberMeCookie' of type [org.apache.shiro.web.servlet.SimpleCookie] is not eligible for getting processed by all BeanPostProcessors (for example: not eligible for auto-proxying)
2019-10-12 15:05:03.941 [restartedMain] INFO  o.s.c.s.PostProcessorRegistrationDelegate$BeanPostProcessorChecker - Bean 'rememberMeManager' of type [org.apache.shiro.web.mgt.CookieRememberMeManager] is not eligible for getting processed by all BeanPostProcessors (for example: not eligible for auto-proxying)
2019-10-12 15:05:03.965 [restartedMain] INFO  o.s.c.s.PostProcessorRegistrationDelegate$BeanPostProcessorChecker - Bean 'securityManager' of type [org.apache.shiro.web.mgt.DefaultWebSecurityManager] is not eligible for getting processed by all BeanPostProcessors (for example: not eligible for auto-proxying)
2019-10-12 15:05:04.080 [restartedMain] INFO  o.s.c.s.PostProcessorRegistrationDelegate$BeanPostProcessorChecker - Bean 'authorizationAttributeSourceAdvisor' of type [org.apache.shiro.spring.security.interceptor.AuthorizationAttributeSourceAdvisor] is not eligible for getting processed by all BeanPostProcessors (for example: not eligible for auto-proxying)
2019-10-12 15:05:04.311 [restartedMain] INFO  o.s.c.s.PostProcessorRegistrationDelegate$BeanPostProcessorChecker - Bean 'org.springframework.transaction.annotation.ProxyTransactionManagementConfiguration' of type [org.springframework.transaction.annotation.ProxyTransactionManagementConfiguration$$EnhancerBySpringCGLIB$$e17217da] is not eligible for getting processed by all BeanPostProcessors (for example: not eligible for auto-proxying)
2019-10-12 15:05:05.795 [restartedMain] INFO  o.s.b.c.e.tomcat.TomcatEmbeddedServletContainer - Tomcat initialized with port(s): 9999 (http)
2019-10-12 15:05:05.812 [restartedMain] INFO  org.apache.catalina.core.StandardService - Starting service [Tomcat]
2019-10-12 15:05:05.813 [restartedMain] INFO  org.apache.catalina.core.StandardEngine - Starting Servlet Engine: Apache Tomcat/8.5.16
2019-10-12 15:05:06.108 [localhost-startStop-1] INFO  o.a.c.c.C.[Tomcat].[localhost].[/baseframe] - Initializing Spring embedded WebApplicationContext
2019-10-12 15:05:06.108 [localhost-startStop-1] INFO  org.springframework.web.context.ContextLoader - Root WebApplicationContext: initialization completed in 7460 ms
2019-10-12 15:05:06.922 [localhost-startStop-1] INFO  o.s.boot.web.servlet.ServletRegistrationBean - Mapping servlet: 'kaptchaServlet' to [/kaptcha.jpg]
2019-10-12 15:05:06.924 [localhost-startStop-1] INFO  o.s.boot.web.servlet.ServletRegistrationBean - Mapping servlet: 'dispatcherServlet' to [/]
2019-10-12 15:05:06.930 [localhost-startStop-1] INFO  o.s.boot.web.servlet.FilterRegistrationBean - Mapping filter: 'characterEncodingFilter' to: [/*]
2019-10-12 15:05:06.931 [localhost-startStop-1] INFO  o.s.boot.web.servlet.FilterRegistrationBean - Mapping filter: 'hiddenHttpMethodFilter' to: [/*]
2019-10-12 15:05:06.931 [localhost-startStop-1] INFO  o.s.boot.web.servlet.FilterRegistrationBean - Mapping filter: 'httpPutFormContentFilter' to: [/*]
2019-10-12 15:05:06.932 [localhost-startStop-1] INFO  o.s.boot.web.servlet.FilterRegistrationBean - Mapping filter: 'requestContextFilter' to: [/*]
2019-10-12 15:05:06.932 [localhost-startStop-1] INFO  o.s.boot.web.servlet.FilterRegistrationBean - Mapping filter: 'shirFilter' to: [/*]
2019-10-12 15:05:07.414 [restartedMain] INFO  org.springframework.aop.framework.CglibAopProxy - Final method [public final void org.apache.shiro.realm.AuthenticatingRealm.init()] cannot get proxied via CGLIB: Calls to this method will NOT be routed to the target instance and might lead to NPEs against uninitialized fields in the proxy instance.
2019-10-12 15:05:07.414 [restartedMain] INFO  org.springframework.aop.framework.CglibAopProxy - Final method [public final org.apache.shiro.authc.AuthenticationInfo org.apache.shiro.realm.AuthenticatingRealm.getAuthenticationInfo(org.apache.shiro.authc.AuthenticationToken) throws org.apache.shiro.authc.AuthenticationException] cannot get proxied via CGLIB: Calls to this method will NOT be routed to the target instance and might lead to NPEs against uninitialized fields in the proxy instance.
2019-10-12 15:05:09.976 [restartedMain] INFO  o.s.w.s.m.m.a.RequestMappingHandlerMapping - Mapped "{[/uploadImg/test],methods=[GET]}" onto public void com.zhupeng.baseframe.controller.FileController.uploadImg(javax.servlet.http.HttpServletResponse)
2019-10-12 15:05:09.980 [restartedMain] INFO  o.s.w.s.m.m.a.RequestMappingHandlerMapping - Mapped "{[/userController/register]}" onto public com.zhupeng.baseframe.entity.ro.ResponseResult com.zhupeng.baseframe.controller.UserController.register(com.zhupeng.baseframe.entity.co.user.UserRegisterCo)
2019-10-12 15:05:09.980 [restartedMain] INFO  o.s.w.s.m.m.a.RequestMappingHandlerMapping - Mapped "{[/userController/delete]}" onto public void com.zhupeng.baseframe.controller.UserController.delete()
2019-10-12 15:05:09.980 [restartedMain] INFO  o.s.w.s.m.m.a.RequestMappingHandlerMapping - Mapped "{[/userController/test],methods=[GET]}" onto public java.lang.String com.zhupeng.baseframe.controller.UserController.addUser()
2019-10-12 15:05:09.981 [restartedMain] INFO  o.s.w.s.m.m.a.RequestMappingHandlerMapping - Mapped "{[/userController/getRole]}" onto public void com.zhupeng.baseframe.controller.UserController.getRole()
2019-10-12 15:05:09.981 [restartedMain] INFO  o.s.w.s.m.m.a.RequestMappingHandlerMapping - Mapped "{[/userController/logOut]}" onto public java.lang.String com.zhupeng.baseframe.controller.UserController.logOut(javax.servlet.http.HttpSession)
2019-10-12 15:05:09.981 [restartedMain] INFO  o.s.w.s.m.m.a.RequestMappingHandlerMapping - Mapped "{[/userController/loginUser]}" onto public com.zhupeng.baseframe.entity.ro.ResponseResult com.zhupeng.baseframe.controller.UserController.loginUser(com.zhupeng.baseframe.entity.co.user.LoginUserCo,javax.servlet.http.HttpSession,javax.servlet.http.HttpServletRequest)
2019-10-12 15:05:09.981 [restartedMain] INFO  o.s.w.s.m.m.a.RequestMappingHandlerMapping - Mapped "{[/userController/Captcha.jpg]}" onto public void com.zhupeng.baseframe.controller.UserController.kaptcha(javax.servlet.http.HttpServletResponse)
2019-10-12 15:05:09.982 [restartedMain] INFO  o.s.w.s.m.m.a.RequestMappingHandlerMapping - Mapped "{[/v2/api-docs],methods=[GET],produces=[application/json || application/hal+json]}" onto public org.springframework.http.ResponseEntity<springfox.documentation.spring.web.json.Json> springfox.documentation.swagger2.web.Swagger2Controller.getDocumentation(java.lang.String,javax.servlet.http.HttpServletRequest)
2019-10-12 15:05:09.986 [restartedMain] INFO  o.s.w.s.m.m.a.RequestMappingHandlerMapping - Mapped "{[/swagger-resources/configuration/ui]}" onto org.springframework.http.ResponseEntity<springfox.documentation.swagger.web.UiConfiguration> springfox.documentation.swagger.web.ApiResourceController.uiConfiguration()
2019-10-12 15:05:09.987 [restartedMain] INFO  o.s.w.s.m.m.a.RequestMappingHandlerMapping - Mapped "{[/swagger-resources]}" onto org.springframework.http.ResponseEntity<java.util.List<springfox.documentation.swagger.web.SwaggerResource>> springfox.documentation.swagger.web.ApiResourceController.swaggerResources()
2019-10-12 15:05:09.988 [restartedMain] INFO  o.s.w.s.m.m.a.RequestMappingHandlerMapping - Mapped "{[/swagger-resources/configuration/security]}" onto org.springframework.http.ResponseEntity<springfox.documentation.swagger.web.SecurityConfiguration> springfox.documentation.swagger.web.ApiResourceController.securityConfiguration()
2019-10-12 15:05:09.991 [restartedMain] INFO  o.s.w.s.m.m.a.RequestMappingHandlerMapping - Mapped "{[/error]}" onto public org.springframework.http.ResponseEntity<java.util.Map<java.lang.String, java.lang.Object>> org.springframework.boot.autoconfigure.web.BasicErrorController.error(javax.servlet.http.HttpServletRequest)
2019-10-12 15:05:09.992 [restartedMain] INFO  o.s.w.s.m.m.a.RequestMappingHandlerMapping - Mapped "{[/error],produces=[text/html]}" onto public org.springframework.web.servlet.ModelAndView org.springframework.boot.autoconfigure.web.BasicErrorController.errorHtml(javax.servlet.http.HttpServletRequest,javax.servlet.http.HttpServletResponse)
2019-10-12 15:05:11.825 [restartedMain] INFO  o.s.w.s.m.m.a.RequestMappingHandlerAdapter - Looking for @ControllerAdvice: org.springframework.boot.context.embedded.AnnotationConfigEmbeddedWebApplicationContext@179684df: startup date [Sat Oct 12 15:04:58 CST 2019]; root of context hierarchy
2019-10-12 15:05:12.136 [restartedMain] INFO  o.s.web.servlet.handler.SimpleUrlHandlerMapping - Mapped URL path [/webjars/**] onto handler of type [class org.springframework.web.servlet.resource.ResourceHttpRequestHandler]
2019-10-12 15:05:12.136 [restartedMain] INFO  o.s.web.servlet.handler.SimpleUrlHandlerMapping - Mapped URL path [/**] onto handler of type [class org.springframework.web.servlet.resource.ResourceHttpRequestHandler]
2019-10-12 15:05:12.194 [restartedMain] INFO  o.s.w.s.m.m.a.ExceptionHandlerExceptionResolver - Detected @ExceptionHandler methods in exceptionHelper
2019-10-12 15:05:12.281 [restartedMain] INFO  o.s.web.servlet.handler.SimpleUrlHandlerMapping - Mapped URL path [/**/favicon.ico] onto handler of type [class org.springframework.web.servlet.resource.ResourceHttpRequestHandler]
2019-10-12 15:05:13.136 [restartedMain] INFO  o.s.b.a.w.WebMvcAutoConfiguration$WelcomePageHandlerMapping - Adding welcome page: class path resource [static/index.html]
2019-10-12 15:05:14.089 [restartedMain] INFO  o.s.ui.freemarker.SpringTemplateLoader - SpringTemplateLoader for FreeMarker: using resource loader [org.springframework.boot.context.embedded.AnnotationConfigEmbeddedWebApplicationContext@179684df: startup date [Sat Oct 12 15:04:58 CST 2019]; root of context hierarchy] and template loader path [classpath:/templates/]
2019-10-12 15:05:14.091 [restartedMain] INFO  o.s.w.servlet.view.freemarker.FreeMarkerConfigurer - ClassTemplateLoader for Spring macros added to FreeMarker configuration
2019-10-12 15:05:15.372 [restartedMain] INFO  o.s.b.d.autoconfigure.OptionalLiveReloadServer - LiveReload server is running on port 35729
2019-10-12 15:05:15.528 [restartedMain] INFO  o.s.jmx.export.annotation.AnnotationMBeanExporter - Registering beans for JMX exposure on startup
2019-10-12 15:05:15.532 [restartedMain] INFO  o.s.jmx.export.annotation.AnnotationMBeanExporter - Bean with name 'dataSource' has been autodetected for JMX exposure
2019-10-12 15:05:15.540 [restartedMain] INFO  o.s.jmx.export.annotation.AnnotationMBeanExporter - Located MBean 'dataSource': registering with JMX server as MBean [com.alibaba.druid.pool:name=dataSource,type=DruidDataSource]
2019-10-12 15:05:15.547 [restartedMain] INFO  o.s.context.support.DefaultLifecycleProcessor - Starting beans in phase 2147483647
2019-10-12 15:05:15.547 [restartedMain] INFO  s.d.s.web.plugins.DocumentationPluginsBootstrapper - Context refreshed
2019-10-12 15:05:15.573 [restartedMain] INFO  s.d.s.web.plugins.DocumentationPluginsBootstrapper - Found 1 custom documentation plugin(s)
2019-10-12 15:05:15.595 [restartedMain] INFO  s.d.spring.web.scanners.ApiListingReferenceScanner - Scanning for api listing references
2019-10-12 15:05:15.973 [restartedMain] INFO  o.s.s.a.ScheduledAnnotationBeanPostProcessor - No TaskScheduler/ScheduledExecutorService bean found for scheduled processing
2019-10-12 15:05:15.987 [restartedMain] INFO  org.apache.coyote.http11.Http11NioProtocol - Initializing ProtocolHandler ["http-nio-9999"]
2019-10-12 15:05:16.003 [restartedMain] INFO  org.apache.coyote.http11.Http11NioProtocol - Starting ProtocolHandler ["http-nio-9999"]
2019-10-12 15:05:16.018 [restartedMain] INFO  org.apache.tomcat.util.net.NioSelectorPool - Using a shared selector for servlet write/read
2019-10-12 15:05:16.103 [restartedMain] INFO  o.s.b.c.e.tomcat.TomcatEmbeddedServletContainer - Tomcat started on port(s): 9999 (http)
2019-10-12 15:05:16.110 [restartedMain] INFO  com.zhupeng.baseframe.WebApplication - Started WebApplication in 19.018 seconds (JVM running for 21.299)
2019-10-12 15:05:16.110 [restartedMain] INFO  com.zhupeng.baseframe.WebApplication - Started WebApplication in 19.018 seconds (JVM running for 21.299)
2019-10-12 15:05:16.110 [restartedMain] INFO  com.zhupeng.baseframe.WebApplication - 启动完成！
2019-10-12 15:05:16.110 [restartedMain] INFO  com.zhupeng.baseframe.WebApplication - 启动完成！
2019-10-12 15:05:16.399 [http-nio-9999-exec-10] INFO  o.a.c.c.C.[Tomcat].[localhost].[/baseframe] - Initializing Spring FrameworkServlet 'dispatcherServlet'
2019-10-12 15:05:16.399 [http-nio-9999-exec-10] INFO  org.springframework.web.servlet.DispatcherServlet - FrameworkServlet 'dispatcherServlet': initialization started
2019-10-12 15:05:16.936 [http-nio-9999-exec-10] INFO  org.springframework.web.servlet.DispatcherServlet - FrameworkServlet 'dispatcherServlet': initialization completed in 537 ms
2019-10-12 15:05:17.003 [http-nio-9999-exec-10] INFO  o.a.s.session.mgt.AbstractValidatingSessionManager - Enabling session validation scheduler...
2019-10-12 15:05:17.224 [http-nio-9999-exec-8] INFO  com.zhupeng.baseframe.aop.LogAopAdvise - 请求request ==> url:[http://localhost:9999/baseframe/userController/Captcha.jpg], class:[com.zhupeng.baseframe.controller.UserController], method:[kaptcha], paramters:[{}]
2019-10-12 15:05:17.224 [http-nio-9999-exec-8] INFO  com.zhupeng.baseframe.aop.LogAopAdvise - 请求request ==> url:[http://localhost:9999/baseframe/userController/Captcha.jpg], class:[com.zhupeng.baseframe.controller.UserController], method:[kaptcha], paramters:[{}]
2019-10-12 15:05:17.997 [http-nio-9999-exec-8] INFO  com.zhupeng.baseframe.aop.LogAopAdvise - 返回response ==>  class:[com.zhupeng.baseframe.controller.UserController], method:[kaptcha], paramters:[]
2019-10-12 15:05:17.997 [http-nio-9999-exec-8] INFO  com.zhupeng.baseframe.aop.LogAopAdvise - 返回response ==>  class:[com.zhupeng.baseframe.controller.UserController], method:[kaptcha], paramters:[]
2019-10-12 15:05:41.705 [http-nio-9999-exec-9] INFO  com.zhupeng.baseframe.aop.LogAopAdvise - 请求request ==> url:[http://localhost:9999/baseframe/uploadImg/test], class:[com.zhupeng.baseframe.controller.FileController], method:[uploadImg], paramters:[{}]
2019-10-12 15:05:41.705 [http-nio-9999-exec-9] INFO  com.zhupeng.baseframe.aop.LogAopAdvise - 请求request ==> url:[http://localhost:9999/baseframe/uploadImg/test], class:[com.zhupeng.baseframe.controller.FileController], method:[uploadImg], paramters:[{}]
2019-10-12 15:06:01.699 [pool-2-thread-1] INFO  com.zhupeng.baseframe.aop.LogAopAdvise - 请求request ==> url:[null], class:[com.zhupeng.baseframe.task.TimerTask], method:[timeTest], paramters:[null]
2019-10-12 15:06:01.699 [pool-2-thread-1] INFO  com.zhupeng.baseframe.aop.LogAopAdvise - 请求request ==> url:[null], class:[com.zhupeng.baseframe.task.TimerTask], method:[timeTest], paramters:[null]
2019-10-12 15:06:01.724 [pool-2-thread-1] INFO  com.zhupeng.baseframe.task.TimerTask - 定时任务开始……
2019-10-12 15:06:01.724 [pool-2-thread-1] INFO  com.zhupeng.baseframe.task.TimerTask - 定时任务开始……
2019-10-12 15:06:13.915 [http-nio-9999-exec-9] INFO  com.zhupeng.baseframe.aop.LogAopAdvise - 返回response ==>  class:[com.zhupeng.baseframe.controller.FileController], method:[uploadImg], paramters:[]
2019-10-12 15:06:13.915 [http-nio-9999-exec-9] INFO  com.zhupeng.baseframe.aop.LogAopAdvise - 返回response ==>  class:[com.zhupeng.baseframe.controller.FileController], method:[uploadImg], paramters:[]
2019-10-12 15:06:13.928 [pool-2-thread-1] INFO  com.zhupeng.baseframe.aop.LogAopAdvise - 调用TimerTask.timeTest()方法，发生异常，异常信息是：Cannot get Jedis connection; nested exception is redis.clients.jedis.exceptions.JedisConnectionException: Could not get a resource from the pool
2019-10-12 15:06:13.928 [pool-2-thread-1] INFO  com.zhupeng.baseframe.aop.LogAopAdvise - 调用TimerTask.timeTest()方法，发生异常，异常信息是：Cannot get Jedis connection; nested exception is redis.clients.jedis.exceptions.JedisConnectionException: Could not get a resource from the pool
2019-10-12 15:07:00.001 [pool-2-thread-1] INFO  com.zhupeng.baseframe.aop.LogAopAdvise - 请求request ==> url:[null], class:[com.zhupeng.baseframe.task.TimerTask], method:[timeTest], paramters:[null]
2019-10-12 15:07:00.001 [pool-2-thread-1] INFO  com.zhupeng.baseframe.aop.LogAopAdvise - 请求request ==> url:[null], class:[com.zhupeng.baseframe.task.TimerTask], method:[timeTest], paramters:[null]
2019-10-12 15:07:00.002 [pool-2-thread-1] INFO  com.zhupeng.baseframe.task.TimerTask - 定时任务开始……
2019-10-12 15:07:00.002 [pool-2-thread-1] INFO  com.zhupeng.baseframe.task.TimerTask - 定时任务开始……
2019-10-12 15:07:00.016 [pool-2-thread-1] INFO  com.zhupeng.baseframe.aop.LogAopAdvise - 调用TimerTask.timeTest()方法，发生异常，异常信息是：Cannot get Jedis connection; nested exception is redis.clients.jedis.exceptions.JedisConnectionException: Could not get a resource from the pool
2019-10-12 15:07:00.016 [pool-2-thread-1] INFO  com.zhupeng.baseframe.aop.LogAopAdvise - 调用TimerTask.timeTest()方法，发生异常，异常信息是：Cannot get Jedis connection; nested exception is redis.clients.jedis.exceptions.JedisConnectionException: Could not get a resource from the pool
2019-10-12 15:07:47.087 [Thread-12] INFO  o.s.b.c.e.AnnotationConfigEmbeddedWebApplicationContext - Closing org.springframework.boot.context.embedded.AnnotationConfigEmbeddedWebApplicationContext@179684df: startup date [Sat Oct 12 15:04:58 CST 2019]; root of context hierarchy
2019-10-12 15:07:47.093 [Thread-12] INFO  o.s.context.support.DefaultLifecycleProcessor - Stopping beans in phase 2147483647
2019-10-12 15:07:47.103 [Thread-12] INFO  o.s.jmx.export.annotation.AnnotationMBeanExporter - Unregistering JMX-exposed beans on shutdown
2019-10-12 15:07:47.104 [Thread-12] INFO  o.s.jmx.export.annotation.AnnotationMBeanExporter - Unregistering JMX-exposed beans
2019-10-12 15:07:47.121 [Thread-12] INFO  o.a.s.session.mgt.AbstractValidatingSessionManager - Disabled session validation scheduler.
2019-10-12 15:07:52.976 [main] INFO  com.zhupeng.baseframe.WebApplication - 启动开始……
2019-10-12 15:07:52.976 [main] INFO  com.zhupeng.baseframe.WebApplication - 启动开始……
2019-10-12 15:07:53.755 [restartedMain] INFO  com.zhupeng.baseframe.WebApplication - 启动开始……
2019-10-12 15:07:53.755 [restartedMain] INFO  com.zhupeng.baseframe.WebApplication - 启动开始……
2019-10-12 15:07:55.374 [restartedMain] INFO  com.zhupeng.baseframe.WebApplication - Starting WebApplication on AUTOBVT-SMVSLG2 with PID 9184 (D:\workspace\myfile\GIT\baseframe\target\classes started by Administrator in D:\workspace\myfile\GIT\baseframe)
2019-10-12 15:07:55.374 [restartedMain] INFO  com.zhupeng.baseframe.WebApplication - Starting WebApplication on AUTOBVT-SMVSLG2 with PID 9184 (D:\workspace\myfile\GIT\baseframe\target\classes started by Administrator in D:\workspace\myfile\GIT\baseframe)
2019-10-12 15:07:55.374 [restartedMain] INFO  com.zhupeng.baseframe.WebApplication - No active profile set, falling back to default profiles: default
2019-10-12 15:07:55.374 [restartedMain] INFO  com.zhupeng.baseframe.WebApplication - No active profile set, falling back to default profiles: default
2019-10-12 15:07:55.764 [background-preinit] INFO  org.hibernate.validator.internal.util.Version - HV000001: Hibernate Validator 5.3.5.Final
2019-10-12 15:07:56.273 [restartedMain] INFO  o.s.b.c.e.AnnotationConfigEmbeddedWebApplicationContext - Refreshing org.springframework.boot.context.embedded.AnnotationConfigEmbeddedWebApplicationContext@d5e94dc: startup date [Sat Oct 12 15:07:56 CST 2019]; root of context hierarchy
2019-10-12 15:07:58.228 [restartedMain] INFO  o.s.d.r.config.RepositoryConfigurationDelegate - Multiple Spring Data modules found, entering strict repository configuration mode!
2019-10-12 15:07:58.792 [restartedMain] INFO  o.s.c.s.PostProcessorRegistrationDelegate$BeanPostProcessorChecker - Bean 'shiroConfig' of type [com.zhupeng.baseframe.config.ShiroConfig$$EnhancerBySpringCGLIB$$6e503154] is not eligible for getting processed by all BeanPostProcessors (for example: not eligible for auto-proxying)
2019-10-12 15:08:00.069 [restartedMain] INFO  o.s.c.s.PostProcessorRegistrationDelegate$BeanPostProcessorChecker - Bean 'credentialsMatcher' of type [org.apache.shiro.authc.credential.HashedCredentialsMatcher] is not eligible for getting processed by all BeanPostProcessors (for example: not eligible for auto-proxying)
2019-10-12 15:08:00.272 [restartedMain] INFO  o.s.c.s.PostProcessorRegistrationDelegate$BeanPostProcessorChecker - Bean 'ehCacheManager' of type [org.apache.shiro.cache.ehcache.EhCacheManager] is not eligible for getting processed by all BeanPostProcessors (for example: not eligible for auto-proxying)
2019-10-12 15:08:00.273 [restartedMain] INFO  org.apache.shiro.cache.ehcache.EhCacheManager - Cache with name 'com.zhupeng.baseframe.shiro.UserRealm.authorizationCache' does not yet exist.  Creating now.
2019-10-12 15:08:00.275 [restartedMain] INFO  org.apache.shiro.cache.ehcache.EhCacheManager - Added EhCache named [com.zhupeng.baseframe.shiro.UserRealm.authorizationCache]
2019-10-12 15:08:00.563 [restartedMain] INFO  o.s.c.s.PostProcessorRegistrationDelegate$BeanPostProcessorChecker - Bean 'mybatis-org.mybatis.spring.boot.autoconfigure.MybatisProperties' of type [org.mybatis.spring.boot.autoconfigure.MybatisProperties] is not eligible for getting processed by all BeanPostProcessors (for example: not eligible for auto-proxying)
2019-10-12 15:08:00.583 [restartedMain] INFO  o.s.c.s.PostProcessorRegistrationDelegate$BeanPostProcessorChecker - Bean 'org.mybatis.spring.boot.autoconfigure.MybatisAutoConfiguration' of type [org.mybatis.spring.boot.autoconfigure.MybatisAutoConfiguration$$EnhancerBySpringCGLIB$$4a3a16e0] is not eligible for getting processed by all BeanPostProcessors (for example: not eligible for auto-proxying)
2019-10-12 15:08:00.588 [restartedMain] INFO  o.s.c.s.PostProcessorRegistrationDelegate$BeanPostProcessorChecker - Bean 'org.springframework.boot.autoconfigure.jdbc.DataSourceConfiguration$Generic' of type [org.springframework.boot.autoconfigure.jdbc.DataSourceConfiguration$Generic] is not eligible for getting processed by all BeanPostProcessors (for example: not eligible for auto-proxying)
2019-10-12 15:08:00.632 [restartedMain] INFO  o.s.c.s.PostProcessorRegistrationDelegate$BeanPostProcessorChecker - Bean 'spring.datasource-org.springframework.boot.autoconfigure.jdbc.DataSourceProperties' of type [org.springframework.boot.autoconfigure.jdbc.DataSourceProperties] is not eligible for getting processed by all BeanPostProcessors (for example: not eligible for auto-proxying)
2019-10-12 15:08:00.858 [restartedMain] INFO  o.s.c.s.PostProcessorRegistrationDelegate$BeanPostProcessorChecker - Bean 'dataSource' of type [com.alibaba.druid.pool.DruidDataSource] is not eligible for getting processed by all BeanPostProcessors (for example: not eligible for auto-proxying)
2019-10-12 15:08:01.149 [restartedMain] INFO  o.s.c.s.PostProcessorRegistrationDelegate$BeanPostProcessorChecker - Bean 'sqlSessionFactory' of type [org.apache.ibatis.session.defaults.DefaultSqlSessionFactory] is not eligible for getting processed by all BeanPostProcessors (for example: not eligible for auto-proxying)
2019-10-12 15:08:01.166 [restartedMain] INFO  o.s.c.s.PostProcessorRegistrationDelegate$BeanPostProcessorChecker - Bean 'sqlSessionTemplate' of type [org.mybatis.spring.SqlSessionTemplate] is not eligible for getting processed by all BeanPostProcessors (for example: not eligible for auto-proxying)
2019-10-12 15:08:01.167 [restartedMain] INFO  o.s.c.s.PostProcessorRegistrationDelegate$BeanPostProcessorChecker - Bean 'userMapper' of type [org.mybatis.spring.mapper.MapperFactoryBean] is not eligible for getting processed by all BeanPostProcessors (for example: not eligible for auto-proxying)
2019-10-12 15:08:01.169 [restartedMain] INFO  o.s.c.s.PostProcessorRegistrationDelegate$BeanPostProcessorChecker - Bean 'userMapper' of type [com.sun.proxy.$Proxy69] is not eligible for getting processed by all BeanPostProcessors (for example: not eligible for auto-proxying)
2019-10-12 15:08:01.180 [restartedMain] INFO  o.s.c.s.PostProcessorRegistrationDelegate$BeanPostProcessorChecker - Bean 'kaptchaConfig' of type [com.zhupeng.baseframe.config.KaptchaConfig$$EnhancerBySpringCGLIB$$13851945] is not eligible for getting processed by all BeanPostProcessors (for example: not eligible for auto-proxying)
2019-10-12 15:08:01.197 [restartedMain] INFO  o.s.c.s.PostProcessorRegistrationDelegate$BeanPostProcessorChecker - Bean 'producer' of type [com.google.code.kaptcha.impl.DefaultKaptcha] is not eligible for getting processed by all BeanPostProcessors (for example: not eligible for auto-proxying)
2019-10-12 15:08:01.201 [restartedMain] INFO  o.s.c.s.PostProcessorRegistrationDelegate$BeanPostProcessorChecker - Bean 'userServiceImpl' of type [com.zhupeng.baseframe.service.impl.UserServiceImpl] is not eligible for getting processed by all BeanPostProcessors (for example: not eligible for auto-proxying)
2019-10-12 15:08:01.211 [restartedMain] INFO  o.s.c.s.PostProcessorRegistrationDelegate$BeanPostProcessorChecker - Bean 'roleMapper' of type [org.mybatis.spring.mapper.MapperFactoryBean] is not eligible for getting processed by all BeanPostProcessors (for example: not eligible for auto-proxying)
2019-10-12 15:08:01.215 [restartedMain] INFO  o.s.c.s.PostProcessorRegistrationDelegate$BeanPostProcessorChecker - Bean 'roleMapper' of type [com.sun.proxy.$Proxy71] is not eligible for getting processed by all BeanPostProcessors (for example: not eligible for auto-proxying)
2019-10-12 15:08:01.216 [restartedMain] INFO  o.s.c.s.PostProcessorRegistrationDelegate$BeanPostProcessorChecker - Bean 'roleServiceImpl' of type [com.zhupeng.baseframe.service.impl.RoleServiceImpl] is not eligible for getting processed by all BeanPostProcessors (for example: not eligible for auto-proxying)
2019-10-12 15:08:01.229 [restartedMain] INFO  o.s.c.s.PostProcessorRegistrationDelegate$BeanPostProcessorChecker - Bean 'permissionMapper' of type [org.mybatis.spring.mapper.MapperFactoryBean] is not eligible for getting processed by all BeanPostProcessors (for example: not eligible for auto-proxying)
2019-10-12 15:08:01.230 [restartedMain] INFO  o.s.c.s.PostProcessorRegistrationDelegate$BeanPostProcessorChecker - Bean 'permissionMapper' of type [com.sun.proxy.$Proxy72] is not eligible for getting processed by all BeanPostProcessors (for example: not eligible for auto-proxying)
2019-10-12 15:08:01.231 [restartedMain] INFO  o.s.c.s.PostProcessorRegistrationDelegate$BeanPostProcessorChecker - Bean 'permissionServiceImpl' of type [com.zhupeng.baseframe.service.impl.PermissionServiceImpl] is not eligible for getting processed by all BeanPostProcessors (for example: not eligible for auto-proxying)
2019-10-12 15:08:01.235 [restartedMain] INFO  o.s.c.s.PostProcessorRegistrationDelegate$BeanPostProcessorChecker - Bean 'myShiroRealm' of type [com.zhupeng.baseframe.shiro.UserRealm] is not eligible for getting processed by all BeanPostProcessors (for example: not eligible for auto-proxying)
2019-10-12 15:08:01.255 [restartedMain] INFO  o.s.c.s.PostProcessorRegistrationDelegate$BeanPostProcessorChecker - Bean 'sessionManager' of type [org.apache.shiro.web.session.mgt.DefaultWebSessionManager] is not eligible for getting processed by all BeanPostProcessors (for example: not eligible for auto-proxying)
2019-10-12 15:08:01.262 [restartedMain] INFO  o.s.c.s.PostProcessorRegistrationDelegate$BeanPostProcessorChecker - Bean 'rememberMeCookie' of type [org.apache.shiro.web.servlet.SimpleCookie] is not eligible for getting processed by all BeanPostProcessors (for example: not eligible for auto-proxying)
2019-10-12 15:08:01.268 [restartedMain] INFO  o.s.c.s.PostProcessorRegistrationDelegate$BeanPostProcessorChecker - Bean 'rememberMeManager' of type [org.apache.shiro.web.mgt.CookieRememberMeManager] is not eligible for getting processed by all BeanPostProcessors (for example: not eligible for auto-proxying)
2019-10-12 15:08:01.291 [restartedMain] INFO  o.s.c.s.PostProcessorRegistrationDelegate$BeanPostProcessorChecker - Bean 'securityManager' of type [org.apache.shiro.web.mgt.DefaultWebSecurityManager] is not eligible for getting processed by all BeanPostProcessors (for example: not eligible for auto-proxying)
2019-10-12 15:08:01.403 [restartedMain] INFO  o.s.c.s.PostProcessorRegistrationDelegate$BeanPostProcessorChecker - Bean 'authorizationAttributeSourceAdvisor' of type [org.apache.shiro.spring.security.interceptor.AuthorizationAttributeSourceAdvisor] is not eligible for getting processed by all BeanPostProcessors (for example: not eligible for auto-proxying)
2019-10-12 15:08:01.560 [restartedMain] INFO  o.s.c.s.PostProcessorRegistrationDelegate$BeanPostProcessorChecker - Bean 'org.springframework.transaction.annotation.ProxyTransactionManagementConfiguration' of type [org.springframework.transaction.annotation.ProxyTransactionManagementConfiguration$$EnhancerBySpringCGLIB$$1765c5b0] is not eligible for getting processed by all BeanPostProcessors (for example: not eligible for auto-proxying)
2019-10-12 15:08:02.903 [restartedMain] INFO  o.s.b.c.e.tomcat.TomcatEmbeddedServletContainer - Tomcat initialized with port(s): 9999 (http)
2019-10-12 15:08:02.918 [restartedMain] INFO  org.apache.catalina.core.StandardService - Starting service [Tomcat]
2019-10-12 15:08:02.920 [restartedMain] INFO  org.apache.catalina.core.StandardEngine - Starting Servlet Engine: Apache Tomcat/8.5.16
2019-10-12 15:08:03.153 [localhost-startStop-1] INFO  o.a.c.c.C.[Tomcat].[localhost].[/baseframe] - Initializing Spring embedded WebApplicationContext
2019-10-12 15:08:03.154 [localhost-startStop-1] INFO  org.springframework.web.context.ContextLoader - Root WebApplicationContext: initialization completed in 6881 ms
2019-10-12 15:08:04.066 [localhost-startStop-1] INFO  o.s.boot.web.servlet.ServletRegistrationBean - Mapping servlet: 'kaptchaServlet' to [/kaptcha.jpg]
2019-10-12 15:08:04.068 [localhost-startStop-1] INFO  o.s.boot.web.servlet.ServletRegistrationBean - Mapping servlet: 'dispatcherServlet' to [/]
2019-10-12 15:08:04.074 [localhost-startStop-1] INFO  o.s.boot.web.servlet.FilterRegistrationBean - Mapping filter: 'characterEncodingFilter' to: [/*]
2019-10-12 15:08:04.075 [localhost-startStop-1] INFO  o.s.boot.web.servlet.FilterRegistrationBean - Mapping filter: 'hiddenHttpMethodFilter' to: [/*]
2019-10-12 15:08:04.075 [localhost-startStop-1] INFO  o.s.boot.web.servlet.FilterRegistrationBean - Mapping filter: 'httpPutFormContentFilter' to: [/*]
2019-10-12 15:08:04.075 [localhost-startStop-1] INFO  o.s.boot.web.servlet.FilterRegistrationBean - Mapping filter: 'requestContextFilter' to: [/*]
2019-10-12 15:08:04.075 [localhost-startStop-1] INFO  o.s.boot.web.servlet.FilterRegistrationBean - Mapping filter: 'shirFilter' to: [/*]
2019-10-12 15:08:04.612 [restartedMain] INFO  org.springframework.aop.framework.CglibAopProxy - Final method [public final void org.apache.shiro.realm.AuthenticatingRealm.init()] cannot get proxied via CGLIB: Calls to this method will NOT be routed to the target instance and might lead to NPEs against uninitialized fields in the proxy instance.
2019-10-12 15:08:04.612 [restartedMain] INFO  org.springframework.aop.framework.CglibAopProxy - Final method [public final org.apache.shiro.authc.AuthenticationInfo org.apache.shiro.realm.AuthenticatingRealm.getAuthenticationInfo(org.apache.shiro.authc.AuthenticationToken) throws org.apache.shiro.authc.AuthenticationException] cannot get proxied via CGLIB: Calls to this method will NOT be routed to the target instance and might lead to NPEs against uninitialized fields in the proxy instance.
2019-10-12 15:08:06.590 [restartedMain] INFO  o.s.w.s.m.m.a.RequestMappingHandlerMapping - Mapped "{[/uploadImg/test],methods=[GET]}" onto public void com.zhupeng.baseframe.controller.FileController.uploadImg(javax.servlet.http.HttpServletResponse)
2019-10-12 15:08:06.593 [restartedMain] INFO  o.s.w.s.m.m.a.RequestMappingHandlerMapping - Mapped "{[/userController/register]}" onto public com.zhupeng.baseframe.entity.ro.ResponseResult com.zhupeng.baseframe.controller.UserController.register(com.zhupeng.baseframe.entity.co.user.UserRegisterCo)
2019-10-12 15:08:06.594 [restartedMain] INFO  o.s.w.s.m.m.a.RequestMappingHandlerMapping - Mapped "{[/userController/delete]}" onto public void com.zhupeng.baseframe.controller.UserController.delete()
2019-10-12 15:08:06.594 [restartedMain] INFO  o.s.w.s.m.m.a.RequestMappingHandlerMapping - Mapped "{[/userController/getRole]}" onto public void com.zhupeng.baseframe.controller.UserController.getRole()
2019-10-12 15:08:06.594 [restartedMain] INFO  o.s.w.s.m.m.a.RequestMappingHandlerMapping - Mapped "{[/userController/test],methods=[GET]}" onto public java.lang.String com.zhupeng.baseframe.controller.UserController.addUser()
2019-10-12 15:08:06.594 [restartedMain] INFO  o.s.w.s.m.m.a.RequestMappingHandlerMapping - Mapped "{[/userController/logOut]}" onto public java.lang.String com.zhupeng.baseframe.controller.UserController.logOut(javax.servlet.http.HttpSession)
2019-10-12 15:08:06.595 [restartedMain] INFO  o.s.w.s.m.m.a.RequestMappingHandlerMapping - Mapped "{[/userController/loginUser]}" onto public com.zhupeng.baseframe.entity.ro.ResponseResult com.zhupeng.baseframe.controller.UserController.loginUser(com.zhupeng.baseframe.entity.co.user.LoginUserCo,javax.servlet.http.HttpSession,javax.servlet.http.HttpServletRequest)
2019-10-12 15:08:06.595 [restartedMain] INFO  o.s.w.s.m.m.a.RequestMappingHandlerMapping - Mapped "{[/userController/Captcha.jpg]}" onto public void com.zhupeng.baseframe.controller.UserController.kaptcha(javax.servlet.http.HttpServletResponse)
2019-10-12 15:08:06.596 [restartedMain] INFO  o.s.w.s.m.m.a.RequestMappingHandlerMapping - Mapped "{[/v2/api-docs],methods=[GET],produces=[application/json || application/hal+json]}" onto public org.springframework.http.ResponseEntity<springfox.documentation.spring.web.json.Json> springfox.documentation.swagger2.web.Swagger2Controller.getDocumentation(java.lang.String,javax.servlet.http.HttpServletRequest)
2019-10-12 15:08:06.600 [restartedMain] INFO  o.s.w.s.m.m.a.RequestMappingHandlerMapping - Mapped "{[/swagger-resources/configuration/ui]}" onto org.springframework.http.ResponseEntity<springfox.documentation.swagger.web.UiConfiguration> springfox.documentation.swagger.web.ApiResourceController.uiConfiguration()
2019-10-12 15:08:06.601 [restartedMain] INFO  o.s.w.s.m.m.a.RequestMappingHandlerMapping - Mapped "{[/swagger-resources]}" onto org.springframework.http.ResponseEntity<java.util.List<springfox.documentation.swagger.web.SwaggerResource>> springfox.documentation.swagger.web.ApiResourceController.swaggerResources()
2019-10-12 15:08:06.602 [restartedMain] INFO  o.s.w.s.m.m.a.RequestMappingHandlerMapping - Mapped "{[/swagger-resources/configuration/security]}" onto org.springframework.http.ResponseEntity<springfox.documentation.swagger.web.SecurityConfiguration> springfox.documentation.swagger.web.ApiResourceController.securityConfiguration()
2019-10-12 15:08:06.605 [restartedMain] INFO  o.s.w.s.m.m.a.RequestMappingHandlerMapping - Mapped "{[/error]}" onto public org.springframework.http.ResponseEntity<java.util.Map<java.lang.String, java.lang.Object>> org.springframework.boot.autoconfigure.web.BasicErrorController.error(javax.servlet.http.HttpServletRequest)
2019-10-12 15:08:06.606 [restartedMain] INFO  o.s.w.s.m.m.a.RequestMappingHandlerMapping - Mapped "{[/error],produces=[text/html]}" onto public org.springframework.web.servlet.ModelAndView org.springframework.boot.autoconfigure.web.BasicErrorController.errorHtml(javax.servlet.http.HttpServletRequest,javax.servlet.http.HttpServletResponse)
2019-10-12 15:08:08.437 [restartedMain] INFO  o.s.w.s.m.m.a.RequestMappingHandlerAdapter - Looking for @ControllerAdvice: org.springframework.boot.context.embedded.AnnotationConfigEmbeddedWebApplicationContext@d5e94dc: startup date [Sat Oct 12 15:07:56 CST 2019]; root of context hierarchy
2019-10-12 15:08:08.696 [restartedMain] INFO  o.s.web.servlet.handler.SimpleUrlHandlerMapping - Mapped URL path [/webjars/**] onto handler of type [class org.springframework.web.servlet.resource.ResourceHttpRequestHandler]
2019-10-12 15:08:08.697 [restartedMain] INFO  o.s.web.servlet.handler.SimpleUrlHandlerMapping - Mapped URL path [/**] onto handler of type [class org.springframework.web.servlet.resource.ResourceHttpRequestHandler]
2019-10-12 15:08:08.747 [restartedMain] INFO  o.s.w.s.m.m.a.ExceptionHandlerExceptionResolver - Detected @ExceptionHandler methods in exceptionHelper
2019-10-12 15:08:08.832 [restartedMain] INFO  o.s.web.servlet.handler.SimpleUrlHandlerMapping - Mapped URL path [/**/favicon.ico] onto handler of type [class org.springframework.web.servlet.resource.ResourceHttpRequestHandler]
2019-10-12 15:08:09.688 [restartedMain] INFO  o.s.b.a.w.WebMvcAutoConfiguration$WelcomePageHandlerMapping - Adding welcome page: class path resource [static/index.html]
2019-10-12 15:08:10.922 [restartedMain] INFO  o.s.ui.freemarker.SpringTemplateLoader - SpringTemplateLoader for FreeMarker: using resource loader [org.springframework.boot.context.embedded.AnnotationConfigEmbeddedWebApplicationContext@d5e94dc: startup date [Sat Oct 12 15:07:56 CST 2019]; root of context hierarchy] and template loader path [classpath:/templates/]
2019-10-12 15:08:10.924 [restartedMain] INFO  o.s.w.servlet.view.freemarker.FreeMarkerConfigurer - ClassTemplateLoader for Spring macros added to FreeMarker configuration
2019-10-12 15:08:12.349 [restartedMain] INFO  o.s.b.d.autoconfigure.OptionalLiveReloadServer - LiveReload server is running on port 35729
2019-10-12 15:08:12.576 [restartedMain] INFO  o.s.jmx.export.annotation.AnnotationMBeanExporter - Registering beans for JMX exposure on startup
2019-10-12 15:08:12.578 [restartedMain] INFO  o.s.jmx.export.annotation.AnnotationMBeanExporter - Bean with name 'dataSource' has been autodetected for JMX exposure
2019-10-12 15:08:12.585 [restartedMain] INFO  o.s.jmx.export.annotation.AnnotationMBeanExporter - Located MBean 'dataSource': registering with JMX server as MBean [com.alibaba.druid.pool:name=dataSource,type=DruidDataSource]
2019-10-12 15:08:12.590 [restartedMain] INFO  o.s.context.support.DefaultLifecycleProcessor - Starting beans in phase 2147483647
2019-10-12 15:08:12.590 [restartedMain] INFO  s.d.s.web.plugins.DocumentationPluginsBootstrapper - Context refreshed
2019-10-12 15:08:12.643 [restartedMain] INFO  s.d.s.web.plugins.DocumentationPluginsBootstrapper - Found 1 custom documentation plugin(s)
2019-10-12 15:08:12.671 [restartedMain] INFO  s.d.spring.web.scanners.ApiListingReferenceScanner - Scanning for api listing references
2019-10-12 15:08:13.197 [restartedMain] INFO  o.s.s.a.ScheduledAnnotationBeanPostProcessor - No TaskScheduler/ScheduledExecutorService bean found for scheduled processing
2019-10-12 15:08:13.219 [restartedMain] INFO  org.apache.coyote.http11.Http11NioProtocol - Initializing ProtocolHandler ["http-nio-9999"]
2019-10-12 15:08:13.234 [restartedMain] INFO  org.apache.coyote.http11.Http11NioProtocol - Starting ProtocolHandler ["http-nio-9999"]
2019-10-12 15:08:13.252 [restartedMain] INFO  org.apache.tomcat.util.net.NioSelectorPool - Using a shared selector for servlet write/read
2019-10-12 15:08:13.389 [restartedMain] INFO  o.s.b.c.e.tomcat.TomcatEmbeddedServletContainer - Tomcat started on port(s): 9999 (http)
2019-10-12 15:08:13.400 [restartedMain] INFO  com.zhupeng.baseframe.WebApplication - Started WebApplication in 19.566 seconds (JVM running for 21.574)
2019-10-12 15:08:13.400 [restartedMain] INFO  com.zhupeng.baseframe.WebApplication - Started WebApplication in 19.566 seconds (JVM running for 21.574)
2019-10-12 15:08:13.400 [restartedMain] INFO  com.zhupeng.baseframe.WebApplication - 启动完成！
2019-10-12 15:08:13.400 [restartedMain] INFO  com.zhupeng.baseframe.WebApplication - 启动完成！
2019-10-12 15:08:36.758 [http-nio-9999-exec-9] INFO  o.a.c.c.C.[Tomcat].[localhost].[/baseframe] - Initializing Spring FrameworkServlet 'dispatcherServlet'
2019-10-12 15:08:36.758 [http-nio-9999-exec-9] INFO  org.springframework.web.servlet.DispatcherServlet - FrameworkServlet 'dispatcherServlet': initialization started
2019-10-12 15:08:36.824 [http-nio-9999-exec-9] INFO  org.springframework.web.servlet.DispatcherServlet - FrameworkServlet 'dispatcherServlet': initialization completed in 65 ms
2019-10-12 15:08:36.862 [http-nio-9999-exec-9] INFO  o.a.s.session.mgt.AbstractValidatingSessionManager - Enabling session validation scheduler...
2019-10-12 15:08:37.791 [http-nio-9999-exec-7] INFO  com.zhupeng.baseframe.aop.LogAopAdvise - 请求request ==> url:[http://localhost:9999/baseframe/userController/Captcha.jpg], class:[com.zhupeng.baseframe.controller.UserController], method:[kaptcha], paramters:[{}]
2019-10-12 15:08:37.791 [http-nio-9999-exec-7] INFO  com.zhupeng.baseframe.aop.LogAopAdvise - 请求request ==> url:[http://localhost:9999/baseframe/userController/Captcha.jpg], class:[com.zhupeng.baseframe.controller.UserController], method:[kaptcha], paramters:[{}]
2019-10-12 15:08:38.462 [http-nio-9999-exec-7] INFO  com.zhupeng.baseframe.aop.LogAopAdvise - 返回response ==>  class:[com.zhupeng.baseframe.controller.UserController], method:[kaptcha], paramters:[]
2019-10-12 15:08:38.462 [http-nio-9999-exec-7] INFO  com.zhupeng.baseframe.aop.LogAopAdvise - 返回response ==>  class:[com.zhupeng.baseframe.controller.UserController], method:[kaptcha], paramters:[]
2019-10-12 15:08:54.622 [http-nio-9999-exec-1] INFO  com.zhupeng.baseframe.aop.LogAopAdvise - 请求request ==> url:[http://localhost:9999/baseframe/uploadImg/test], class:[com.zhupeng.baseframe.controller.FileController], method:[uploadImg], paramters:[{}]
2019-10-12 15:08:54.622 [http-nio-9999-exec-1] INFO  com.zhupeng.baseframe.aop.LogAopAdvise - 请求request ==> url:[http://localhost:9999/baseframe/uploadImg/test], class:[com.zhupeng.baseframe.controller.FileController], method:[uploadImg], paramters:[{}]
2019-10-12 15:09:02.050 [pool-2-thread-1] INFO  com.zhupeng.baseframe.aop.LogAopAdvise - 请求request ==> url:[null], class:[com.zhupeng.baseframe.task.TimerTask], method:[timeTest], paramters:[null]
2019-10-12 15:09:02.050 [pool-2-thread-1] INFO  com.zhupeng.baseframe.aop.LogAopAdvise - 请求request ==> url:[null], class:[com.zhupeng.baseframe.task.TimerTask], method:[timeTest], paramters:[null]
2019-10-12 15:09:02.064 [pool-2-thread-1] INFO  com.zhupeng.baseframe.task.TimerTask - 定时任务开始……
2019-10-12 15:09:02.064 [pool-2-thread-1] INFO  com.zhupeng.baseframe.task.TimerTask - 定时任务开始……
2019-10-12 15:09:02.935 [http-nio-9999-exec-1] INFO  com.zhupeng.baseframe.aop.LogAopAdvise - 返回response ==>  class:[com.zhupeng.baseframe.controller.FileController], method:[uploadImg], paramters:[]
2019-10-12 15:09:02.935 [http-nio-9999-exec-1] INFO  com.zhupeng.baseframe.aop.LogAopAdvise - 返回response ==>  class:[com.zhupeng.baseframe.controller.FileController], method:[uploadImg], paramters:[]
2019-10-12 15:09:03.000 [pool-2-thread-1] INFO  com.zhupeng.baseframe.aop.LogAopAdvise - 调用TimerTask.timeTest()方法，发生异常，异常信息是：Cannot get Jedis connection; nested exception is redis.clients.jedis.exceptions.JedisConnectionException: Could not get a resource from the pool
2019-10-12 15:09:03.000 [pool-2-thread-1] INFO  com.zhupeng.baseframe.aop.LogAopAdvise - 调用TimerTask.timeTest()方法，发生异常，异常信息是：Cannot get Jedis connection; nested exception is redis.clients.jedis.exceptions.JedisConnectionException: Could not get a resource from the pool
2019-10-12 15:10:00.003 [pool-2-thread-1] INFO  com.zhupeng.baseframe.aop.LogAopAdvise - 请求request ==> url:[null], class:[com.zhupeng.baseframe.task.TimerTask], method:[timeTest], paramters:[null]
2019-10-12 15:10:00.003 [pool-2-thread-1] INFO  com.zhupeng.baseframe.aop.LogAopAdvise - 请求request ==> url:[null], class:[com.zhupeng.baseframe.task.TimerTask], method:[timeTest], paramters:[null]
2019-10-12 15:10:00.003 [pool-2-thread-1] INFO  com.zhupeng.baseframe.task.TimerTask - 定时任务开始……
2019-10-12 15:10:00.003 [pool-2-thread-1] INFO  com.zhupeng.baseframe.task.TimerTask - 定时任务开始……
2019-10-12 15:10:00.007 [pool-2-thread-1] INFO  com.zhupeng.baseframe.aop.LogAopAdvise - 调用TimerTask.timeTest()方法，发生异常，异常信息是：Cannot get Jedis connection; nested exception is redis.clients.jedis.exceptions.JedisConnectionException: Could not get a resource from the pool
2019-10-12 15:10:00.007 [pool-2-thread-1] INFO  com.zhupeng.baseframe.aop.LogAopAdvise - 调用TimerTask.timeTest()方法，发生异常，异常信息是：Cannot get Jedis connection; nested exception is redis.clients.jedis.exceptions.JedisConnectionException: Could not get a resource from the pool
2019-10-12 15:11:00.002 [pool-2-thread-1] INFO  com.zhupeng.baseframe.aop.LogAopAdvise - 请求request ==> url:[null], class:[com.zhupeng.baseframe.task.TimerTask], method:[timeTest], paramters:[null]
2019-10-12 15:11:00.002 [pool-2-thread-1] INFO  com.zhupeng.baseframe.aop.LogAopAdvise - 请求request ==> url:[null], class:[com.zhupeng.baseframe.task.TimerTask], method:[timeTest], paramters:[null]
2019-10-12 15:11:00.002 [pool-2-thread-1] INFO  com.zhupeng.baseframe.task.TimerTask - 定时任务开始……
2019-10-12 15:11:00.002 [pool-2-thread-1] INFO  com.zhupeng.baseframe.task.TimerTask - 定时任务开始……
2019-10-12 15:11:00.008 [pool-2-thread-1] INFO  com.zhupeng.baseframe.aop.LogAopAdvise - 调用TimerTask.timeTest()方法，发生异常，异常信息是：Cannot get Jedis connection; nested exception is redis.clients.jedis.exceptions.JedisConnectionException: Could not get a resource from the pool
2019-10-12 15:11:00.008 [pool-2-thread-1] INFO  com.zhupeng.baseframe.aop.LogAopAdvise - 调用TimerTask.timeTest()方法，发生异常，异常信息是：Cannot get Jedis connection; nested exception is redis.clients.jedis.exceptions.JedisConnectionException: Could not get a resource from the pool
2019-10-12 15:12:00.002 [pool-2-thread-1] INFO  com.zhupeng.baseframe.aop.LogAopAdvise - 请求request ==> url:[null], class:[com.zhupeng.baseframe.task.TimerTask], method:[timeTest], paramters:[null]
2019-10-12 15:12:00.002 [pool-2-thread-1] INFO  com.zhupeng.baseframe.aop.LogAopAdvise - 请求request ==> url:[null], class:[com.zhupeng.baseframe.task.TimerTask], method:[timeTest], paramters:[null]
2019-10-12 15:12:00.003 [pool-2-thread-1] INFO  com.zhupeng.baseframe.task.TimerTask - 定时任务开始……
2019-10-12 15:12:00.003 [pool-2-thread-1] INFO  com.zhupeng.baseframe.task.TimerTask - 定时任务开始……
2019-10-12 15:12:00.011 [pool-2-thread-1] INFO  com.zhupeng.baseframe.aop.LogAopAdvise - 调用TimerTask.timeTest()方法，发生异常，异常信息是：Cannot get Jedis connection; nested exception is redis.clients.jedis.exceptions.JedisConnectionException: Could not get a resource from the pool
2019-10-12 15:12:00.011 [pool-2-thread-1] INFO  com.zhupeng.baseframe.aop.LogAopAdvise - 调用TimerTask.timeTest()方法，发生异常，异常信息是：Cannot get Jedis connection; nested exception is redis.clients.jedis.exceptions.JedisConnectionException: Could not get a resource from the pool
2019-10-12 15:13:00.002 [pool-2-thread-1] INFO  com.zhupeng.baseframe.aop.LogAopAdvise - 请求request ==> url:[null], class:[com.zhupeng.baseframe.task.TimerTask], method:[timeTest], paramters:[null]
2019-10-12 15:13:00.002 [pool-2-thread-1] INFO  com.zhupeng.baseframe.aop.LogAopAdvise - 请求request ==> url:[null], class:[com.zhupeng.baseframe.task.TimerTask], method:[timeTest], paramters:[null]
2019-10-12 15:13:00.002 [pool-2-thread-1] INFO  com.zhupeng.baseframe.task.TimerTask - 定时任务开始……
2019-10-12 15:13:00.002 [pool-2-thread-1] INFO  com.zhupeng.baseframe.task.TimerTask - 定时任务开始……
2019-10-12 15:13:00.006 [pool-2-thread-1] INFO  com.zhupeng.baseframe.aop.LogAopAdvise - 调用TimerTask.timeTest()方法，发生异常，异常信息是：Cannot get Jedis connection; nested exception is redis.clients.jedis.exceptions.JedisConnectionException: Could not get a resource from the pool
2019-10-12 15:13:00.006 [pool-2-thread-1] INFO  com.zhupeng.baseframe.aop.LogAopAdvise - 调用TimerTask.timeTest()方法，发生异常，异常信息是：Cannot get Jedis connection; nested exception is redis.clients.jedis.exceptions.JedisConnectionException: Could not get a resource from the pool
2019-10-12 15:14:00.001 [pool-2-thread-1] INFO  com.zhupeng.baseframe.aop.LogAopAdvise - 请求request ==> url:[null], class:[com.zhupeng.baseframe.task.TimerTask], method:[timeTest], paramters:[null]
2019-10-12 15:14:00.001 [pool-2-thread-1] INFO  com.zhupeng.baseframe.aop.LogAopAdvise - 请求request ==> url:[null], class:[com.zhupeng.baseframe.task.TimerTask], method:[timeTest], paramters:[null]
2019-10-12 15:14:00.002 [pool-2-thread-1] INFO  com.zhupeng.baseframe.task.TimerTask - 定时任务开始……
2019-10-12 15:14:00.002 [pool-2-thread-1] INFO  com.zhupeng.baseframe.task.TimerTask - 定时任务开始……
2019-10-12 15:14:00.008 [pool-2-thread-1] INFO  com.zhupeng.baseframe.aop.LogAopAdvise - 调用TimerTask.timeTest()方法，发生异常，异常信息是：Cannot get Jedis connection; nested exception is redis.clients.jedis.exceptions.JedisConnectionException: Could not get a resource from the pool
2019-10-12 15:14:00.008 [pool-2-thread-1] INFO  com.zhupeng.baseframe.aop.LogAopAdvise - 调用TimerTask.timeTest()方法，发生异常，异常信息是：Cannot get Jedis connection; nested exception is redis.clients.jedis.exceptions.JedisConnectionException: Could not get a resource from the pool
2019-10-12 15:15:00.002 [pool-2-thread-1] INFO  com.zhupeng.baseframe.aop.LogAopAdvise - 请求request ==> url:[null], class:[com.zhupeng.baseframe.task.TimerTask], method:[timeTest], paramters:[null]
2019-10-12 15:15:00.002 [pool-2-thread-1] INFO  com.zhupeng.baseframe.aop.LogAopAdvise - 请求request ==> url:[null], class:[com.zhupeng.baseframe.task.TimerTask], method:[timeTest], paramters:[null]
2019-10-12 15:15:00.002 [pool-2-thread-1] INFO  com.zhupeng.baseframe.task.TimerTask - 定时任务开始……
2019-10-12 15:15:00.002 [pool-2-thread-1] INFO  com.zhupeng.baseframe.task.TimerTask - 定时任务开始……
2019-10-12 15:15:00.008 [pool-2-thread-1] INFO  com.zhupeng.baseframe.aop.LogAopAdvise - 调用TimerTask.timeTest()方法，发生异常，异常信息是：Cannot get Jedis connection; nested exception is redis.clients.jedis.exceptions.JedisConnectionException: Could not get a resource from the pool
2019-10-12 15:15:00.008 [pool-2-thread-1] INFO  com.zhupeng.baseframe.aop.LogAopAdvise - 调用TimerTask.timeTest()方法，发生异常，异常信息是：Cannot get Jedis connection; nested exception is redis.clients.jedis.exceptions.JedisConnectionException: Could not get a resource from the pool
2019-10-12 15:16:00.001 [pool-2-thread-1] INFO  com.zhupeng.baseframe.aop.LogAopAdvise - 请求request ==> url:[null], class:[com.zhupeng.baseframe.task.TimerTask], method:[timeTest], paramters:[null]
2019-10-12 15:16:00.001 [pool-2-thread-1] INFO  com.zhupeng.baseframe.aop.LogAopAdvise - 请求request ==> url:[null], class:[com.zhupeng.baseframe.task.TimerTask], method:[timeTest], paramters:[null]
2019-10-12 15:16:00.002 [pool-2-thread-1] INFO  com.zhupeng.baseframe.task.TimerTask - 定时任务开始……
2019-10-12 15:16:00.002 [pool-2-thread-1] INFO  com.zhupeng.baseframe.task.TimerTask - 定时任务开始……
2019-10-12 15:16:00.010 [pool-2-thread-1] INFO  com.zhupeng.baseframe.aop.LogAopAdvise - 调用TimerTask.timeTest()方法，发生异常，异常信息是：Cannot get Jedis connection; nested exception is redis.clients.jedis.exceptions.JedisConnectionException: Could not get a resource from the pool
2019-10-12 15:16:00.010 [pool-2-thread-1] INFO  com.zhupeng.baseframe.aop.LogAopAdvise - 调用TimerTask.timeTest()方法，发生异常，异常信息是：Cannot get Jedis connection; nested exception is redis.clients.jedis.exceptions.JedisConnectionException: Could not get a resource from the pool
2019-10-12 15:16:05.593 [Thread-12] INFO  o.s.b.c.e.AnnotationConfigEmbeddedWebApplicationContext - Closing org.springframework.boot.context.embedded.AnnotationConfigEmbeddedWebApplicationContext@d5e94dc: startup date [Sat Oct 12 15:07:56 CST 2019]; root of context hierarchy
2019-10-12 15:16:05.600 [Thread-12] INFO  o.s.context.support.DefaultLifecycleProcessor - Stopping beans in phase 2147483647
2019-10-12 15:16:05.607 [Thread-12] INFO  o.s.jmx.export.annotation.AnnotationMBeanExporter - Unregistering JMX-exposed beans on shutdown
2019-10-12 15:16:05.611 [Thread-12] INFO  o.s.jmx.export.annotation.AnnotationMBeanExporter - Unregistering JMX-exposed beans
2019-10-12 15:16:05.648 [Thread-12] INFO  o.a.s.session.mgt.AbstractValidatingSessionManager - Disabled session validation scheduler.
