2019-04-02 17:03:58.392 [main] INFO  com.zhupeng.baseframe.WebApplication - 启动开始……
2019-04-02 17:03:58.971 [main] INFO  com.zhupeng.baseframe.WebApplication - Starting WebApplication on SD-20181227TXYQ with PID 8264 (D:\aiZu\myfile\baseframe2.0\target\classes started by Administrator in D:\aiZu\myfile\baseframe2.0)
2019-04-02 17:03:58.972 [main] INFO  com.zhupeng.baseframe.WebApplication - No active profile set, falling back to default profiles: default
2019-04-02 17:03:59.038 [main] INFO  o.s.b.c.e.AnnotationConfigEmbeddedWebApplicationContext - Refreshing org.springframework.boot.context.embedded.AnnotationConfigEmbeddedWebApplicationContext@11f0a5a1: startup date [Tue Apr 02 17:03:59 CST 2019]; root of context hierarchy
2019-04-02 17:03:59.319 [background-preinit] INFO  org.hibernate.validator.internal.util.Version - HV000001: Hibernate Validator 5.3.5.Final
2019-04-02 17:04:00.767 [main] INFO  o.s.b.c.e.tomcat.TomcatEmbeddedServletContainer - Tomcat initialized with port(s): 9999 (http)
2019-04-02 17:04:00.785 [main] INFO  org.apache.catalina.core.StandardService - Starting service [Tomcat]
2019-04-02 17:04:00.787 [main] INFO  org.apache.catalina.core.StandardEngine - Starting Servlet Engine: Apache Tomcat/8.5.16
2019-04-02 17:04:00.932 [localhost-startStop-1] INFO  o.a.c.c.C.[Tomcat].[localhost].[/baseframe] - Initializing Spring embedded WebApplicationContext
2019-04-02 17:04:00.933 [localhost-startStop-1] INFO  org.springframework.web.context.ContextLoader - Root WebApplicationContext: initialization completed in 1895 ms
2019-04-02 17:04:01.202 [localhost-startStop-1] INFO  o.s.boot.web.servlet.ServletRegistrationBean - Mapping servlet: 'dispatcherServlet' to [/]
2019-04-02 17:04:01.208 [localhost-startStop-1] INFO  o.s.boot.web.servlet.FilterRegistrationBean - Mapping filter: 'characterEncodingFilter' to: [/*]
2019-04-02 17:04:01.208 [localhost-startStop-1] INFO  o.s.boot.web.servlet.FilterRegistrationBean - Mapping filter: 'hiddenHttpMethodFilter' to: [/*]
2019-04-02 17:04:01.208 [localhost-startStop-1] INFO  o.s.boot.web.servlet.FilterRegistrationBean - Mapping filter: 'httpPutFormContentFilter' to: [/*]
2019-04-02 17:04:01.209 [localhost-startStop-1] INFO  o.s.boot.web.servlet.FilterRegistrationBean - Mapping filter: 'requestContextFilter' to: [/*]
2019-04-02 17:04:01.642 [main] INFO  o.s.w.s.m.m.a.RequestMappingHandlerAdapter - Looking for @ControllerAdvice: org.springframework.boot.context.embedded.AnnotationConfigEmbeddedWebApplicationContext@11f0a5a1: startup date [Tue Apr 02 17:03:59 CST 2019]; root of context hierarchy
2019-04-02 17:04:01.733 [main] INFO  o.s.w.s.m.m.a.RequestMappingHandlerMapping - Mapped "{[/error]}" onto public org.springframework.http.ResponseEntity<java.util.Map<java.lang.String, java.lang.Object>> org.springframework.boot.autoconfigure.web.BasicErrorController.error(javax.servlet.http.HttpServletRequest)
2019-04-02 17:04:01.734 [main] INFO  o.s.w.s.m.m.a.RequestMappingHandlerMapping - Mapped "{[/error],produces=[text/html]}" onto public org.springframework.web.servlet.ModelAndView org.springframework.boot.autoconfigure.web.BasicErrorController.errorHtml(javax.servlet.http.HttpServletRequest,javax.servlet.http.HttpServletResponse)
2019-04-02 17:04:01.809 [main] INFO  o.s.web.servlet.handler.SimpleUrlHandlerMapping - Mapped URL path [/webjars/**] onto handler of type [class org.springframework.web.servlet.resource.ResourceHttpRequestHandler]
2019-04-02 17:04:01.809 [main] INFO  o.s.web.servlet.handler.SimpleUrlHandlerMapping - Mapped URL path [/**] onto handler of type [class org.springframework.web.servlet.resource.ResourceHttpRequestHandler]
2019-04-02 17:04:01.863 [main] INFO  o.s.web.servlet.handler.SimpleUrlHandlerMapping - Mapped URL path [/**/favicon.ico] onto handler of type [class org.springframework.web.servlet.resource.ResourceHttpRequestHandler]
2019-04-02 17:04:02.127 [main] INFO  o.s.jmx.export.annotation.AnnotationMBeanExporter - Registering beans for JMX exposure on startup
2019-04-02 17:04:02.164 [main] INFO  org.apache.coyote.http11.Http11NioProtocol - Initializing ProtocolHandler ["http-nio-9999"]
2019-04-02 17:04:02.177 [main] INFO  org.apache.coyote.http11.Http11NioProtocol - Starting ProtocolHandler ["http-nio-9999"]
2019-04-02 17:04:02.189 [main] INFO  org.apache.tomcat.util.net.NioSelectorPool - Using a shared selector for servlet write/read
2019-04-02 17:04:02.230 [main] INFO  o.s.b.c.e.tomcat.TomcatEmbeddedServletContainer - Tomcat started on port(s): 9999 (http)
2019-04-02 17:04:02.238 [main] INFO  com.zhupeng.baseframe.WebApplication - Started WebApplication in 3.709 seconds (JVM running for 4.45)
2019-04-02 17:04:02.239 [main] INFO  com.zhupeng.baseframe.WebApplication - 启动完成！
