2019-05-25 21:11:30.509 [main] INFO  com.zhupeng.baseframe.WebApplication - 启动开始……
2019-05-25 21:11:31.603 [restartedMain] INFO  com.zhupeng.baseframe.WebApplication - 启动开始……
2019-05-25 21:11:33.653 [restartedMain] INFO  com.zhupeng.baseframe.WebApplication - Starting WebApplication on SD-20181223DEXT with PID 7984 (D:\workspace\zhupeng\baseframe2.0\target\classes started by Administrator in D:\workspace\zhupeng\baseframe2.0)
2019-05-25 21:11:33.653 [restartedMain] INFO  com.zhupeng.baseframe.WebApplication - No active profile set, falling back to default profiles: default
2019-05-25 21:11:34.763 [background-preinit] INFO  org.hibernate.validator.internal.util.Version - HV000001: Hibernate Validator 5.3.5.Final
2019-05-25 21:11:34.903 [restartedMain] INFO  o.s.b.c.e.AnnotationConfigEmbeddedWebApplicationContext - Refreshing org.springframework.boot.context.embedded.AnnotationConfigEmbeddedWebApplicationContext@17188d63: startup date [Sat May 25 21:11:34 CST 2019]; root of context hierarchy
2019-05-25 21:11:39.005 [restartedMain] INFO  o.s.b.factory.support.DefaultListableBeanFactory - Overriding bean definition for bean 'stringRedisTemplate' with a different definition: replacing [Root bean: class [null]; scope=; abstract=false; lazyInit=false; autowireMode=3; dependencyCheck=0; autowireCandidate=true; primary=false; factoryBeanName=redisConfig; factoryMethodName=stringRedisTemplate; initMethodName=null; destroyMethodName=(inferred); defined in class path resource [com/zhupeng/baseframe/config/RedisConfig.class]] with [Root bean: class [null]; scope=; abstract=false; lazyInit=false; autowireMode=3; dependencyCheck=0; autowireCandidate=true; primary=false; factoryBeanName=org.springframework.boot.autoconfigure.data.redis.RedisAutoConfiguration$RedisConfiguration; factoryMethodName=stringRedisTemplate; initMethodName=null; destroyMethodName=(inferred); defined in class path resource [org/springframework/boot/autoconfigure/data/redis/RedisAutoConfiguration$RedisConfiguration.class]]
2019-05-25 21:11:39.176 [restartedMain] INFO  o.s.d.r.config.RepositoryConfigurationDelegate - Multiple Spring Data modules found, entering strict repository configuration mode!
2019-05-25 21:11:40.691 [restartedMain] INFO  o.s.c.s.PostProcessorRegistrationDelegate$BeanPostProcessorChecker - Bean 'org.springframework.transaction.annotation.ProxyTransactionManagementConfiguration' of type [org.springframework.transaction.annotation.ProxyTransactionManagementConfiguration$$EnhancerBySpringCGLIB$$316114c0] is not eligible for getting processed by all BeanPostProcessors (for example: not eligible for auto-proxying)
2019-05-25 21:11:42.193 [restartedMain] INFO  o.s.b.c.e.tomcat.TomcatEmbeddedServletContainer - Tomcat initialized with port(s): 9999 (http)
2019-05-25 21:11:42.240 [restartedMain] INFO  org.apache.catalina.core.StandardService - Starting service [Tomcat]
2019-05-25 21:11:42.240 [restartedMain] INFO  org.apache.catalina.core.StandardEngine - Starting Servlet Engine: Apache Tomcat/8.5.16
2019-05-25 21:11:42.646 [localhost-startStop-1] INFO  o.a.c.c.C.[Tomcat].[localhost].[/baseframe] - Initializing Spring embedded WebApplicationContext
2019-05-25 21:11:42.646 [localhost-startStop-1] INFO  org.springframework.web.context.ContextLoader - Root WebApplicationContext: initialization completed in 7743 ms
2019-05-25 21:11:43.069 [localhost-startStop-1] INFO  o.s.boot.web.servlet.ServletRegistrationBean - Mapping servlet: 'dispatcherServlet' to [/]
2019-05-25 21:11:43.116 [localhost-startStop-1] INFO  o.s.boot.web.servlet.FilterRegistrationBean - Mapping filter: 'characterEncodingFilter' to: [/*]
2019-05-25 21:11:43.116 [localhost-startStop-1] INFO  o.s.boot.web.servlet.FilterRegistrationBean - Mapping filter: 'hiddenHttpMethodFilter' to: [/*]
2019-05-25 21:11:43.116 [localhost-startStop-1] INFO  o.s.boot.web.servlet.FilterRegistrationBean - Mapping filter: 'httpPutFormContentFilter' to: [/*]
2019-05-25 21:11:43.116 [localhost-startStop-1] INFO  o.s.boot.web.servlet.FilterRegistrationBean - Mapping filter: 'requestContextFilter' to: [/*]
2019-05-25 21:11:43.116 [localhost-startStop-1] INFO  o.s.boot.web.servlet.FilterRegistrationBean - Mapping filter: 'baseControllerFilter' to urls: [/*]
2019-05-25 21:11:43.506 [restartedMain] INFO  com.zhupeng.baseframe.config.RedisConfig - JedisConnectionFactory bean init success.
2019-05-25 21:11:45.134 [restartedMain] INFO  o.s.w.s.m.m.a.RequestMappingHandlerMapping - Mapped "{[/userController/add],methods=[GET]}" onto public java.lang.String com.zhupeng.baseframe.controller.UserController.addUser()
2019-05-25 21:11:45.150 [restartedMain] INFO  o.s.w.s.m.m.a.RequestMappingHandlerMapping - Mapped "{[/swagger-resources/configuration/ui]}" onto public org.springframework.http.ResponseEntity<springfox.documentation.swagger.web.UiConfiguration> springfox.documentation.swagger.web.ApiResourceController.uiConfiguration()
2019-05-25 21:11:45.150 [restartedMain] INFO  o.s.w.s.m.m.a.RequestMappingHandlerMapping - Mapped "{[/swagger-resources]}" onto public org.springframework.http.ResponseEntity<java.util.List<springfox.documentation.swagger.web.SwaggerResource>> springfox.documentation.swagger.web.ApiResourceController.swaggerResources()
2019-05-25 21:11:45.150 [restartedMain] INFO  o.s.w.s.m.m.a.RequestMappingHandlerMapping - Mapped "{[/swagger-resources/configuration/security]}" onto public org.springframework.http.ResponseEntity<springfox.documentation.swagger.web.SecurityConfiguration> springfox.documentation.swagger.web.ApiResourceController.securityConfiguration()
2019-05-25 21:11:45.150 [restartedMain] INFO  o.s.w.s.m.m.a.RequestMappingHandlerMapping - Mapped "{[/error]}" onto public org.springframework.http.ResponseEntity<java.util.Map<java.lang.String, java.lang.Object>> org.springframework.boot.autoconfigure.web.BasicErrorController.error(javax.servlet.http.HttpServletRequest)
2019-05-25 21:11:45.150 [restartedMain] INFO  o.s.w.s.m.m.a.RequestMappingHandlerMapping - Mapped "{[/error],produces=[text/html]}" onto public org.springframework.web.servlet.ModelAndView org.springframework.boot.autoconfigure.web.BasicErrorController.errorHtml(javax.servlet.http.HttpServletRequest,javax.servlet.http.HttpServletResponse)
2019-05-25 21:11:45.555 [restartedMain] INFO  s.d.s.w.PropertySourcedRequestMappingHandlerMapping - Mapped URL path [/v2/api-docs] onto method [public org.springframework.http.ResponseEntity<springfox.documentation.spring.web.json.Json> springfox.documentation.swagger2.web.Swagger2Controller.getDocumentation(java.lang.String,javax.servlet.http.HttpServletRequest)]
2019-05-25 21:11:46.382 [restartedMain] INFO  o.s.w.s.m.m.a.RequestMappingHandlerAdapter - Looking for @ControllerAdvice: org.springframework.boot.context.embedded.AnnotationConfigEmbeddedWebApplicationContext@17188d63: startup date [Sat May 25 21:11:34 CST 2019]; root of context hierarchy
2019-05-25 21:11:46.616 [restartedMain] INFO  o.s.web.servlet.handler.SimpleUrlHandlerMapping - Mapped URL path [/webjars/**] onto handler of type [class org.springframework.web.servlet.resource.ResourceHttpRequestHandler]
2019-05-25 21:11:46.616 [restartedMain] INFO  o.s.web.servlet.handler.SimpleUrlHandlerMapping - Mapped URL path [/**] onto handler of type [class org.springframework.web.servlet.resource.ResourceHttpRequestHandler]
2019-05-25 21:11:46.647 [restartedMain] INFO  o.s.w.s.m.m.a.ExceptionHandlerExceptionResolver - Detected @ExceptionHandler methods in exceptionHelper
2019-05-25 21:11:46.710 [restartedMain] INFO  o.s.web.servlet.handler.SimpleUrlHandlerMapping - Mapped URL path [/**/favicon.ico] onto handler of type [class org.springframework.web.servlet.resource.ResourceHttpRequestHandler]
2019-05-25 21:11:48.710 [restartedMain] INFO  o.s.ui.freemarker.SpringTemplateLoader - SpringTemplateLoader for FreeMarker: using resource loader [org.springframework.boot.context.embedded.AnnotationConfigEmbeddedWebApplicationContext@17188d63: startup date [Sat May 25 21:11:34 CST 2019]; root of context hierarchy] and template loader path [classpath:/templates/]
2019-05-25 21:11:48.727 [restartedMain] INFO  o.s.w.servlet.view.freemarker.FreeMarkerConfigurer - ClassTemplateLoader for Spring macros added to FreeMarker configuration
2019-05-25 21:11:49.212 [restartedMain] INFO  o.s.b.d.autoconfigure.OptionalLiveReloadServer - LiveReload server is running on port 35729
2019-05-25 21:11:49.588 [restartedMain] INFO  o.s.jmx.export.annotation.AnnotationMBeanExporter - Registering beans for JMX exposure on startup
2019-05-25 21:11:49.588 [restartedMain] INFO  o.s.jmx.export.annotation.AnnotationMBeanExporter - Bean with name 'dataSource' has been autodetected for JMX exposure
2019-05-25 21:11:49.604 [restartedMain] INFO  o.s.jmx.export.annotation.AnnotationMBeanExporter - Located MBean 'dataSource': registering with JMX server as MBean [com.alibaba.druid.pool:name=dataSource,type=DruidDataSource]
2019-05-25 21:11:49.619 [restartedMain] INFO  o.s.context.support.DefaultLifecycleProcessor - Starting beans in phase 2147483647
2019-05-25 21:11:49.619 [restartedMain] INFO  s.d.s.web.plugins.DocumentationPluginsBootstrapper - Context refreshed
2019-05-25 21:11:49.682 [restartedMain] INFO  s.d.s.web.plugins.DocumentationPluginsBootstrapper - Found 1 custom documentation plugin(s)
2019-05-25 21:11:49.745 [restartedMain] INFO  s.d.spring.web.scanners.ApiListingReferenceScanner - Scanning for api listing references
2019-05-25 21:11:50.041 [restartedMain] INFO  org.apache.coyote.http11.Http11NioProtocol - Initializing ProtocolHandler ["http-nio-9999"]
2019-05-25 21:11:50.073 [restartedMain] INFO  org.apache.coyote.http11.Http11NioProtocol - Starting ProtocolHandler ["http-nio-9999"]
2019-05-25 21:11:50.088 [restartedMain] INFO  org.apache.tomcat.util.net.NioSelectorPool - Using a shared selector for servlet write/read
2019-05-25 21:11:50.166 [restartedMain] INFO  o.s.b.c.e.tomcat.TomcatEmbeddedServletContainer - Tomcat started on port(s): 9999 (http)
2019-05-25 21:11:50.182 [restartedMain] INFO  com.zhupeng.baseframe.WebApplication - Started WebApplication in 18.564 seconds (JVM running for 22.159)
2019-05-25 21:11:50.182 [restartedMain] INFO  com.zhupeng.baseframe.WebApplication - 启动完成！
2019-05-25 21:13:07.292 [Thread-52] INFO  o.s.b.c.e.AnnotationConfigEmbeddedWebApplicationContext - Closing org.springframework.boot.context.embedded.AnnotationConfigEmbeddedWebApplicationContext@17188d63: startup date [Sat May 25 21:11:34 CST 2019]; root of context hierarchy
2019-05-25 21:13:07.308 [Thread-52] INFO  o.s.context.support.DefaultLifecycleProcessor - Stopping beans in phase 2147483647
2019-05-25 21:13:07.354 [Thread-52] INFO  o.s.jmx.export.annotation.AnnotationMBeanExporter - Unregistering JMX-exposed beans on shutdown
2019-05-25 21:13:07.354 [Thread-52] INFO  o.s.jmx.export.annotation.AnnotationMBeanExporter - Unregistering JMX-exposed beans
2019-05-25 21:15:59.407 [main] INFO  com.zhupeng.baseframe.WebApplication - 启动开始……
2019-05-25 21:15:59.893 [restartedMain] INFO  com.zhupeng.baseframe.WebApplication - 启动开始……
2019-05-25 21:16:00.851 [restartedMain] INFO  com.zhupeng.baseframe.WebApplication - Starting WebApplication on SD-20181223DEXT with PID 7808 (D:\workspace\zhupeng\baseframe2.0\target\classes started by Administrator in D:\workspace\zhupeng\baseframe2.0)
2019-05-25 21:16:00.851 [restartedMain] INFO  com.zhupeng.baseframe.WebApplication - No active profile set, falling back to default profiles: default
2019-05-25 21:16:01.334 [restartedMain] INFO  o.s.b.c.e.AnnotationConfigEmbeddedWebApplicationContext - Refreshing org.springframework.boot.context.embedded.AnnotationConfigEmbeddedWebApplicationContext@15194610: startup date [Sat May 25 21:16:01 CST 2019]; root of context hierarchy
2019-05-25 21:16:01.428 [background-preinit] INFO  org.hibernate.validator.internal.util.Version - HV000001: Hibernate Validator 5.3.5.Final
2019-05-25 21:16:03.886 [restartedMain] INFO  o.s.b.factory.support.DefaultListableBeanFactory - Overriding bean definition for bean 'stringRedisTemplate' with a different definition: replacing [Root bean: class [null]; scope=; abstract=false; lazyInit=false; autowireMode=3; dependencyCheck=0; autowireCandidate=true; primary=false; factoryBeanName=redisConfig; factoryMethodName=stringRedisTemplate; initMethodName=null; destroyMethodName=(inferred); defined in class path resource [com/zhupeng/baseframe/config/RedisConfig.class]] with [Root bean: class [null]; scope=; abstract=false; lazyInit=false; autowireMode=3; dependencyCheck=0; autowireCandidate=true; primary=false; factoryBeanName=org.springframework.boot.autoconfigure.data.redis.RedisAutoConfiguration$RedisConfiguration; factoryMethodName=stringRedisTemplate; initMethodName=null; destroyMethodName=(inferred); defined in class path resource [org/springframework/boot/autoconfigure/data/redis/RedisAutoConfiguration$RedisConfiguration.class]]
2019-05-25 21:16:03.933 [restartedMain] INFO  o.s.d.r.config.RepositoryConfigurationDelegate - Multiple Spring Data modules found, entering strict repository configuration mode!
2019-05-25 21:16:04.934 [restartedMain] INFO  o.s.c.s.PostProcessorRegistrationDelegate$BeanPostProcessorChecker - Bean 'org.springframework.transaction.annotation.ProxyTransactionManagementConfiguration' of type [org.springframework.transaction.annotation.ProxyTransactionManagementConfiguration$$EnhancerBySpringCGLIB$$8b50bc2] is not eligible for getting processed by all BeanPostProcessors (for example: not eligible for auto-proxying)
2019-05-25 21:16:05.620 [restartedMain] INFO  o.s.b.c.e.tomcat.TomcatEmbeddedServletContainer - Tomcat initialized with port(s): 9999 (http)
2019-05-25 21:16:05.636 [restartedMain] INFO  org.apache.catalina.core.StandardService - Starting service [Tomcat]
2019-05-25 21:16:05.636 [restartedMain] INFO  org.apache.catalina.core.StandardEngine - Starting Servlet Engine: Apache Tomcat/8.5.16
2019-05-25 21:16:05.902 [localhost-startStop-1] INFO  o.a.c.c.C.[Tomcat].[localhost].[/baseframe] - Initializing Spring embedded WebApplicationContext
2019-05-25 21:16:05.902 [localhost-startStop-1] INFO  org.springframework.web.context.ContextLoader - Root WebApplicationContext: initialization completed in 4568 ms
2019-05-25 21:16:06.246 [localhost-startStop-1] INFO  o.s.boot.web.servlet.ServletRegistrationBean - Mapping servlet: 'dispatcherServlet' to [/]
2019-05-25 21:16:06.246 [localhost-startStop-1] INFO  o.s.boot.web.servlet.FilterRegistrationBean - Mapping filter: 'characterEncodingFilter' to: [/*]
2019-05-25 21:16:06.246 [localhost-startStop-1] INFO  o.s.boot.web.servlet.FilterRegistrationBean - Mapping filter: 'hiddenHttpMethodFilter' to: [/*]
2019-05-25 21:16:06.246 [localhost-startStop-1] INFO  o.s.boot.web.servlet.FilterRegistrationBean - Mapping filter: 'httpPutFormContentFilter' to: [/*]
2019-05-25 21:16:06.246 [localhost-startStop-1] INFO  o.s.boot.web.servlet.FilterRegistrationBean - Mapping filter: 'requestContextFilter' to: [/*]
2019-05-25 21:16:06.246 [localhost-startStop-1] INFO  o.s.boot.web.servlet.FilterRegistrationBean - Mapping filter: 'baseControllerFilter' to urls: [/*]
2019-05-25 21:16:06.511 [restartedMain] INFO  com.zhupeng.baseframe.config.RedisConfig - JedisConnectionFactory bean init success.
2019-05-25 21:16:07.543 [restartedMain] INFO  o.s.w.s.m.m.a.RequestMappingHandlerMapping - Mapped "{[/userController/add],methods=[GET]}" onto public java.lang.String com.zhupeng.baseframe.controller.UserController.addUser()
2019-05-25 21:16:07.543 [restartedMain] INFO  o.s.w.s.m.m.a.RequestMappingHandlerMapping - Mapped "{[/swagger-resources/configuration/security]}" onto public org.springframework.http.ResponseEntity<springfox.documentation.swagger.web.SecurityConfiguration> springfox.documentation.swagger.web.ApiResourceController.securityConfiguration()
2019-05-25 21:16:07.543 [restartedMain] INFO  o.s.w.s.m.m.a.RequestMappingHandlerMapping - Mapped "{[/swagger-resources/configuration/ui]}" onto public org.springframework.http.ResponseEntity<springfox.documentation.swagger.web.UiConfiguration> springfox.documentation.swagger.web.ApiResourceController.uiConfiguration()
2019-05-25 21:16:07.543 [restartedMain] INFO  o.s.w.s.m.m.a.RequestMappingHandlerMapping - Mapped "{[/swagger-resources]}" onto public org.springframework.http.ResponseEntity<java.util.List<springfox.documentation.swagger.web.SwaggerResource>> springfox.documentation.swagger.web.ApiResourceController.swaggerResources()
2019-05-25 21:16:07.558 [restartedMain] INFO  o.s.w.s.m.m.a.RequestMappingHandlerMapping - Mapped "{[/error]}" onto public org.springframework.http.ResponseEntity<java.util.Map<java.lang.String, java.lang.Object>> org.springframework.boot.autoconfigure.web.BasicErrorController.error(javax.servlet.http.HttpServletRequest)
2019-05-25 21:16:07.558 [restartedMain] INFO  o.s.w.s.m.m.a.RequestMappingHandlerMapping - Mapped "{[/error],produces=[text/html]}" onto public org.springframework.web.servlet.ModelAndView org.springframework.boot.autoconfigure.web.BasicErrorController.errorHtml(javax.servlet.http.HttpServletRequest,javax.servlet.http.HttpServletResponse)
2019-05-25 21:16:07.887 [restartedMain] INFO  s.d.s.w.PropertySourcedRequestMappingHandlerMapping - Mapped URL path [/v2/api-docs] onto method [public org.springframework.http.ResponseEntity<springfox.documentation.spring.web.json.Json> springfox.documentation.swagger2.web.Swagger2Controller.getDocumentation(java.lang.String,javax.servlet.http.HttpServletRequest)]
2019-05-25 21:16:08.449 [restartedMain] INFO  o.s.w.s.m.m.a.RequestMappingHandlerAdapter - Looking for @ControllerAdvice: org.springframework.boot.context.embedded.AnnotationConfigEmbeddedWebApplicationContext@15194610: startup date [Sat May 25 21:16:01 CST 2019]; root of context hierarchy
2019-05-25 21:16:08.683 [restartedMain] INFO  o.s.web.servlet.handler.SimpleUrlHandlerMapping - Mapped URL path [/webjars/**] onto handler of type [class org.springframework.web.servlet.resource.ResourceHttpRequestHandler]
2019-05-25 21:16:08.683 [restartedMain] INFO  o.s.web.servlet.handler.SimpleUrlHandlerMapping - Mapped URL path [/**] onto handler of type [class org.springframework.web.servlet.resource.ResourceHttpRequestHandler]
2019-05-25 21:16:08.750 [restartedMain] INFO  o.s.w.s.m.m.a.ExceptionHandlerExceptionResolver - Detected @ExceptionHandler methods in exceptionHelper
2019-05-25 21:16:08.828 [restartedMain] INFO  o.s.web.servlet.handler.SimpleUrlHandlerMapping - Mapped URL path [/**/favicon.ico] onto handler of type [class org.springframework.web.servlet.resource.ResourceHttpRequestHandler]
2019-05-25 21:16:10.290 [restartedMain] INFO  o.s.ui.freemarker.SpringTemplateLoader - SpringTemplateLoader for FreeMarker: using resource loader [org.springframework.boot.context.embedded.AnnotationConfigEmbeddedWebApplicationContext@15194610: startup date [Sat May 25 21:16:01 CST 2019]; root of context hierarchy] and template loader path [classpath:/templates/]
2019-05-25 21:16:10.290 [restartedMain] INFO  o.s.w.servlet.view.freemarker.FreeMarkerConfigurer - ClassTemplateLoader for Spring macros added to FreeMarker configuration
2019-05-25 21:16:10.742 [restartedMain] INFO  o.s.b.d.autoconfigure.OptionalLiveReloadServer - LiveReload server is running on port 35729
2019-05-25 21:16:11.149 [restartedMain] INFO  o.s.jmx.export.annotation.AnnotationMBeanExporter - Registering beans for JMX exposure on startup
2019-05-25 21:16:11.149 [restartedMain] INFO  o.s.jmx.export.annotation.AnnotationMBeanExporter - Bean with name 'dataSource' has been autodetected for JMX exposure
2019-05-25 21:16:11.164 [restartedMain] INFO  o.s.jmx.export.annotation.AnnotationMBeanExporter - Located MBean 'dataSource': registering with JMX server as MBean [com.alibaba.druid.pool:name=dataSource,type=DruidDataSource]
2019-05-25 21:16:11.180 [restartedMain] INFO  o.s.context.support.DefaultLifecycleProcessor - Starting beans in phase 2147483647
2019-05-25 21:16:11.180 [restartedMain] INFO  s.d.s.web.plugins.DocumentationPluginsBootstrapper - Context refreshed
2019-05-25 21:16:11.196 [restartedMain] INFO  s.d.s.web.plugins.DocumentationPluginsBootstrapper - Found 1 custom documentation plugin(s)
2019-05-25 21:16:11.258 [restartedMain] INFO  s.d.spring.web.scanners.ApiListingReferenceScanner - Scanning for api listing references
2019-05-25 21:16:11.523 [restartedMain] INFO  org.apache.coyote.http11.Http11NioProtocol - Initializing ProtocolHandler ["http-nio-9999"]
2019-05-25 21:16:11.539 [restartedMain] INFO  org.apache.coyote.http11.Http11NioProtocol - Starting ProtocolHandler ["http-nio-9999"]
2019-05-25 21:16:11.554 [restartedMain] INFO  org.apache.tomcat.util.net.NioSelectorPool - Using a shared selector for servlet write/read
2019-05-25 21:16:11.586 [restartedMain] INFO  o.s.b.c.e.tomcat.TomcatEmbeddedServletContainer - Tomcat started on port(s): 9999 (http)
2019-05-25 21:16:11.601 [restartedMain] INFO  com.zhupeng.baseframe.WebApplication - Started WebApplication in 11.677 seconds (JVM running for 14.285)
2019-05-25 21:16:11.601 [restartedMain] INFO  com.zhupeng.baseframe.WebApplication - 启动完成！
2019-05-25 21:16:12.901 [restartedMain] INFO  i.g.robwin.markup.builder.asciidoc.AsciiDocBuilder - overview.adoc was written to: target/asciidoc
2019-05-25 21:16:12.932 [restartedMain] INFO  io.github.robwin.swagger2markup.utils.TagUtils - Added path operation 'POST /DestinyController/getDestinyReport' to tag '算命相关接口'
2019-05-25 21:16:12.948 [restartedMain] INFO  io.github.robwin.swagger2markup.utils.TagUtils - Added path operation 'POST /DestinyController/uploadDestiny' to tag '算命相关接口'
2019-05-25 21:16:12.948 [restartedMain] INFO  io.github.robwin.swagger2markup.utils.TagUtils - Added path operation 'GET /roleController/addRole' to tag '角色相关的接口1111'
2019-05-25 21:16:12.948 [restartedMain] INFO  io.github.robwin.swagger2markup.utils.TagUtils - Added path operation 'GET /roleController/getRoleById/{roleId}' to tag '角色相关的接口1111'
2019-05-25 21:16:12.948 [restartedMain] INFO  io.github.robwin.swagger2markup.utils.TagUtils - Added path operation 'POST /roleController/getRoleById/{roleId}' to tag '角色相关的接口1111'
2019-05-25 21:16:13.010 [restartedMain] INFO  io.github.robwin.swagger2markup.utils.TagUtils - Added path operation 'GET /roleController/getRoleById2' to tag '角色相关的接口1111'
2019-05-25 21:16:13.010 [restartedMain] INFO  io.github.robwin.swagger2markup.utils.TagUtils - Added path operation 'GET /roleController/test' to tag '角色相关的接口1111'
2019-05-25 21:16:13.026 [restartedMain] INFO  i.g.r.s.builder.document.PathsDocument - Path processed: POST /DestinyController/uploadDestiny
2019-05-25 21:22:05.102 [Thread-35] INFO  o.s.b.c.e.AnnotationConfigEmbeddedWebApplicationContext - Closing org.springframework.boot.context.embedded.AnnotationConfigEmbeddedWebApplicationContext@15194610: startup date [Sat May 25 21:16:01 CST 2019]; root of context hierarchy
2019-05-25 21:22:05.102 [Thread-35] INFO  o.s.context.support.DefaultLifecycleProcessor - Stopping beans in phase 2147483647
2019-05-25 21:22:05.118 [Thread-35] INFO  o.s.jmx.export.annotation.AnnotationMBeanExporter - Unregistering JMX-exposed beans on shutdown
2019-05-25 21:22:05.118 [Thread-35] INFO  o.s.jmx.export.annotation.AnnotationMBeanExporter - Unregistering JMX-exposed beans
2019-05-25 21:22:30.493 [main] INFO  com.zhupeng.baseframe.WebApplication - 启动开始……
2019-05-25 21:22:30.998 [restartedMain] INFO  com.zhupeng.baseframe.WebApplication - 启动开始……
2019-05-25 21:22:32.060 [restartedMain] INFO  com.zhupeng.baseframe.WebApplication - Starting WebApplication on SD-20181223DEXT with PID 1808 (D:\workspace\zhupeng\baseframe2.0\target\classes started by Administrator in D:\workspace\zhupeng\baseframe2.0)
2019-05-25 21:22:32.063 [restartedMain] INFO  com.zhupeng.baseframe.WebApplication - No active profile set, falling back to default profiles: default
2019-05-25 21:22:32.493 [restartedMain] INFO  o.s.b.c.e.AnnotationConfigEmbeddedWebApplicationContext - Refreshing org.springframework.boot.context.embedded.AnnotationConfigEmbeddedWebApplicationContext@59fab68: startup date [Sat May 25 21:22:32 CST 2019]; root of context hierarchy
2019-05-25 21:22:32.602 [background-preinit] INFO  org.hibernate.validator.internal.util.Version - HV000001: Hibernate Validator 5.3.5.Final
2019-05-25 21:22:34.996 [restartedMain] INFO  o.s.b.factory.support.DefaultListableBeanFactory - Overriding bean definition for bean 'stringRedisTemplate' with a different definition: replacing [Root bean: class [null]; scope=; abstract=false; lazyInit=false; autowireMode=3; dependencyCheck=0; autowireCandidate=true; primary=false; factoryBeanName=redisConfig; factoryMethodName=stringRedisTemplate; initMethodName=null; destroyMethodName=(inferred); defined in class path resource [com/zhupeng/baseframe/config/RedisConfig.class]] with [Root bean: class [null]; scope=; abstract=false; lazyInit=false; autowireMode=3; dependencyCheck=0; autowireCandidate=true; primary=false; factoryBeanName=org.springframework.boot.autoconfigure.data.redis.RedisAutoConfiguration$RedisConfiguration; factoryMethodName=stringRedisTemplate; initMethodName=null; destroyMethodName=(inferred); defined in class path resource [org/springframework/boot/autoconfigure/data/redis/RedisAutoConfiguration$RedisConfiguration.class]]
2019-05-25 21:22:35.041 [restartedMain] INFO  o.s.d.r.config.RepositoryConfigurationDelegate - Multiple Spring Data modules found, entering strict repository configuration mode!
2019-05-25 21:22:35.974 [restartedMain] INFO  o.s.c.s.PostProcessorRegistrationDelegate$BeanPostProcessorChecker - Bean 'org.springframework.transaction.annotation.ProxyTransactionManagementConfiguration' of type [org.springframework.transaction.annotation.ProxyTransactionManagementConfiguration$$EnhancerBySpringCGLIB$$68412849] is not eligible for getting processed by all BeanPostProcessors (for example: not eligible for auto-proxying)
2019-05-25 21:22:36.631 [restartedMain] INFO  o.s.b.c.e.tomcat.TomcatEmbeddedServletContainer - Tomcat initialized with port(s): 9999 (http)
2019-05-25 21:22:36.631 [restartedMain] INFO  org.apache.catalina.core.StandardService - Starting service [Tomcat]
2019-05-25 21:22:36.647 [restartedMain] INFO  org.apache.catalina.core.StandardEngine - Starting Servlet Engine: Apache Tomcat/8.5.16
2019-05-25 21:22:36.851 [localhost-startStop-1] INFO  o.a.c.c.C.[Tomcat].[localhost].[/baseframe] - Initializing Spring embedded WebApplicationContext
2019-05-25 21:22:36.851 [localhost-startStop-1] INFO  org.springframework.web.context.ContextLoader - Root WebApplicationContext: initialization completed in 4358 ms
2019-05-25 21:22:37.147 [localhost-startStop-1] INFO  o.s.boot.web.servlet.ServletRegistrationBean - Mapping servlet: 'dispatcherServlet' to [/]
2019-05-25 21:22:37.147 [localhost-startStop-1] INFO  o.s.boot.web.servlet.FilterRegistrationBean - Mapping filter: 'characterEncodingFilter' to: [/*]
2019-05-25 21:22:37.147 [localhost-startStop-1] INFO  o.s.boot.web.servlet.FilterRegistrationBean - Mapping filter: 'hiddenHttpMethodFilter' to: [/*]
2019-05-25 21:22:37.147 [localhost-startStop-1] INFO  o.s.boot.web.servlet.FilterRegistrationBean - Mapping filter: 'httpPutFormContentFilter' to: [/*]
2019-05-25 21:22:37.147 [localhost-startStop-1] INFO  o.s.boot.web.servlet.FilterRegistrationBean - Mapping filter: 'requestContextFilter' to: [/*]
2019-05-25 21:22:37.147 [localhost-startStop-1] INFO  o.s.boot.web.servlet.FilterRegistrationBean - Mapping filter: 'baseControllerFilter' to urls: [/*]
2019-05-25 21:22:37.352 [restartedMain] INFO  com.zhupeng.baseframe.config.RedisConfig - JedisConnectionFactory bean init success.
2019-05-25 21:22:37.995 [restartedMain] INFO  o.s.w.s.m.m.a.RequestMappingHandlerMapping - Mapped "{[/userController/add],methods=[GET]}" onto public java.lang.String com.zhupeng.baseframe.controller.UserController.addUser()
2019-05-25 21:22:38.000 [restartedMain] INFO  o.s.w.s.m.m.a.RequestMappingHandlerMapping - Mapped "{[/swagger-resources/configuration/ui]}" onto public org.springframework.http.ResponseEntity<springfox.documentation.swagger.web.UiConfiguration> springfox.documentation.swagger.web.ApiResourceController.uiConfiguration()
2019-05-25 21:22:38.000 [restartedMain] INFO  o.s.w.s.m.m.a.RequestMappingHandlerMapping - Mapped "{[/swagger-resources]}" onto public org.springframework.http.ResponseEntity<java.util.List<springfox.documentation.swagger.web.SwaggerResource>> springfox.documentation.swagger.web.ApiResourceController.swaggerResources()
2019-05-25 21:22:38.000 [restartedMain] INFO  o.s.w.s.m.m.a.RequestMappingHandlerMapping - Mapped "{[/swagger-resources/configuration/security]}" onto public org.springframework.http.ResponseEntity<springfox.documentation.swagger.web.SecurityConfiguration> springfox.documentation.swagger.web.ApiResourceController.securityConfiguration()
2019-05-25 21:22:38.000 [restartedMain] INFO  o.s.w.s.m.m.a.RequestMappingHandlerMapping - Mapped "{[/error]}" onto public org.springframework.http.ResponseEntity<java.util.Map<java.lang.String, java.lang.Object>> org.springframework.boot.autoconfigure.web.BasicErrorController.error(javax.servlet.http.HttpServletRequest)
2019-05-25 21:22:38.000 [restartedMain] INFO  o.s.w.s.m.m.a.RequestMappingHandlerMapping - Mapped "{[/error],produces=[text/html]}" onto public org.springframework.web.servlet.ModelAndView org.springframework.boot.autoconfigure.web.BasicErrorController.errorHtml(javax.servlet.http.HttpServletRequest,javax.servlet.http.HttpServletResponse)
2019-05-25 21:22:38.414 [restartedMain] INFO  s.d.s.w.PropertySourcedRequestMappingHandlerMapping - Mapped URL path [/v2/api-docs] onto method [public org.springframework.http.ResponseEntity<springfox.documentation.spring.web.json.Json> springfox.documentation.swagger2.web.Swagger2Controller.getDocumentation(java.lang.String,javax.servlet.http.HttpServletRequest)]
2019-05-25 21:22:38.838 [restartedMain] INFO  o.s.w.s.m.m.a.RequestMappingHandlerAdapter - Looking for @ControllerAdvice: org.springframework.boot.context.embedded.AnnotationConfigEmbeddedWebApplicationContext@59fab68: startup date [Sat May 25 21:22:32 CST 2019]; root of context hierarchy
2019-05-25 21:22:38.926 [restartedMain] INFO  o.s.web.servlet.handler.SimpleUrlHandlerMapping - Mapped URL path [/webjars/**] onto handler of type [class org.springframework.web.servlet.resource.ResourceHttpRequestHandler]
2019-05-25 21:22:38.927 [restartedMain] INFO  o.s.web.servlet.handler.SimpleUrlHandlerMapping - Mapped URL path [/**] onto handler of type [class org.springframework.web.servlet.resource.ResourceHttpRequestHandler]
2019-05-25 21:22:38.952 [restartedMain] INFO  o.s.w.s.m.m.a.ExceptionHandlerExceptionResolver - Detected @ExceptionHandler methods in exceptionHelper
2019-05-25 21:22:38.983 [restartedMain] INFO  o.s.web.servlet.handler.SimpleUrlHandlerMapping - Mapped URL path [/**/favicon.ico] onto handler of type [class org.springframework.web.servlet.resource.ResourceHttpRequestHandler]
2019-05-25 21:22:39.975 [restartedMain] INFO  o.s.ui.freemarker.SpringTemplateLoader - SpringTemplateLoader for FreeMarker: using resource loader [org.springframework.boot.context.embedded.AnnotationConfigEmbeddedWebApplicationContext@59fab68: startup date [Sat May 25 21:22:32 CST 2019]; root of context hierarchy] and template loader path [classpath:/templates/]
2019-05-25 21:22:39.991 [restartedMain] INFO  o.s.w.servlet.view.freemarker.FreeMarkerConfigurer - ClassTemplateLoader for Spring macros added to FreeMarker configuration
2019-05-25 21:22:40.243 [restartedMain] INFO  o.s.b.d.autoconfigure.OptionalLiveReloadServer - LiveReload server is running on port 35729
2019-05-25 21:22:40.337 [restartedMain] INFO  o.s.jmx.export.annotation.AnnotationMBeanExporter - Registering beans for JMX exposure on startup
2019-05-25 21:22:40.352 [restartedMain] INFO  o.s.jmx.export.annotation.AnnotationMBeanExporter - Bean with name 'dataSource' has been autodetected for JMX exposure
2019-05-25 21:22:40.352 [restartedMain] INFO  o.s.jmx.export.annotation.AnnotationMBeanExporter - Located MBean 'dataSource': registering with JMX server as MBean [com.alibaba.druid.pool:name=dataSource,type=DruidDataSource]
2019-05-25 21:22:40.352 [restartedMain] INFO  o.s.context.support.DefaultLifecycleProcessor - Starting beans in phase 2147483647
2019-05-25 21:22:40.352 [restartedMain] INFO  s.d.s.web.plugins.DocumentationPluginsBootstrapper - Context refreshed
2019-05-25 21:22:40.384 [restartedMain] INFO  s.d.s.web.plugins.DocumentationPluginsBootstrapper - Found 1 custom documentation plugin(s)
2019-05-25 21:22:40.415 [restartedMain] INFO  s.d.spring.web.scanners.ApiListingReferenceScanner - Scanning for api listing references
2019-05-25 21:22:40.571 [restartedMain] INFO  org.apache.coyote.http11.Http11NioProtocol - Initializing ProtocolHandler ["http-nio-9999"]
2019-05-25 21:22:40.571 [restartedMain] INFO  org.apache.coyote.http11.Http11NioProtocol - Starting ProtocolHandler ["http-nio-9999"]
2019-05-25 21:22:40.586 [restartedMain] INFO  org.apache.tomcat.util.net.NioSelectorPool - Using a shared selector for servlet write/read
2019-05-25 21:22:40.618 [restartedMain] INFO  o.s.b.c.e.tomcat.TomcatEmbeddedServletContainer - Tomcat started on port(s): 9999 (http)
2019-05-25 21:22:40.633 [restartedMain] INFO  com.zhupeng.baseframe.WebApplication - Started WebApplication in 9.608 seconds (JVM running for 12.023)
2019-05-25 21:22:40.633 [restartedMain] INFO  com.zhupeng.baseframe.WebApplication - 启动完成！
2019-05-25 21:22:41.641 [restartedMain] INFO  i.g.robwin.markup.builder.asciidoc.AsciiDocBuilder - overview.adoc was written to: target/asciidoc
2019-05-25 21:22:41.660 [restartedMain] INFO  io.github.robwin.swagger2markup.utils.TagUtils - Added path operation 'POST /DestinyController/getDestinyReport' to tag '算命相关接口'
2019-05-25 21:22:41.663 [restartedMain] INFO  io.github.robwin.swagger2markup.utils.TagUtils - Added path operation 'POST /DestinyController/uploadDestiny' to tag '算命相关接口'
2019-05-25 21:22:41.663 [restartedMain] INFO  io.github.robwin.swagger2markup.utils.TagUtils - Added path operation 'GET /roleController/addRole' to tag '角色相关的接口1111'
2019-05-25 21:22:41.663 [restartedMain] INFO  io.github.robwin.swagger2markup.utils.TagUtils - Added path operation 'GET /roleController/getRoleById/{roleId}' to tag '角色相关的接口1111'
2019-05-25 21:22:41.664 [restartedMain] INFO  io.github.robwin.swagger2markup.utils.TagUtils - Added path operation 'POST /roleController/getRoleById/{roleId}' to tag '角色相关的接口1111'
2019-05-25 21:22:41.667 [restartedMain] INFO  io.github.robwin.swagger2markup.utils.TagUtils - Added path operation 'GET /roleController/getRoleById2' to tag '角色相关的接口1111'
2019-05-25 21:22:41.667 [restartedMain] INFO  io.github.robwin.swagger2markup.utils.TagUtils - Added path operation 'GET /roleController/test' to tag '角色相关的接口1111'
2019-05-25 21:22:41.671 [restartedMain] INFO  i.g.r.s.builder.document.PathsDocument - Path processed: POST /DestinyController/getDestinyReport
