2019-05-30 00:07:19.599 [main] INFO  com.zhupeng.baseframe.WebApplication - 启动开始……
2019-05-30 00:07:20.157 [restartedMain] INFO  com.zhupeng.baseframe.WebApplication - 启动开始……
2019-05-30 00:07:20.939 [restartedMain] INFO  com.zhupeng.baseframe.WebApplication - Starting WebApplication on SD-20181223DEXT with PID 6788 (D:\workspace\zhupeng\baseframe2.0\target\classes started by Administrator in D:\workspace\zhupeng\baseframe2.0)
2019-05-30 00:07:20.939 [restartedMain] INFO  com.zhupeng.baseframe.WebApplication - No active profile set, falling back to default profiles: default
2019-05-30 00:07:21.320 [restartedMain] INFO  o.s.b.c.e.AnnotationConfigEmbeddedWebApplicationContext - Refreshing org.springframework.boot.context.embedded.AnnotationConfigEmbeddedWebApplicationContext@3c3700db: startup date [Thu May 30 00:07:21 CST 2019]; root of context hierarchy
2019-05-30 00:07:21.349 [background-preinit] INFO  org.hibernate.validator.internal.util.Version - HV000001: Hibernate Validator 5.3.5.Final
2019-05-30 00:07:23.554 [restartedMain] INFO  o.s.b.factory.support.DefaultListableBeanFactory - Overriding bean definition for bean 'stringRedisTemplate' with a different definition: replacing [Root bean: class [null]; scope=; abstract=false; lazyInit=false; autowireMode=3; dependencyCheck=0; autowireCandidate=true; primary=false; factoryBeanName=redisConfig; factoryMethodName=stringRedisTemplate; initMethodName=null; destroyMethodName=(inferred); defined in class path resource [com/zhupeng/baseframe/config/RedisConfig.class]] with [Root bean: class [null]; scope=; abstract=false; lazyInit=false; autowireMode=3; dependencyCheck=0; autowireCandidate=true; primary=false; factoryBeanName=org.springframework.boot.autoconfigure.data.redis.RedisAutoConfiguration$RedisConfiguration; factoryMethodName=stringRedisTemplate; initMethodName=null; destroyMethodName=(inferred); defined in class path resource [org/springframework/boot/autoconfigure/data/redis/RedisAutoConfiguration$RedisConfiguration.class]]
2019-05-30 00:07:23.595 [restartedMain] INFO  o.s.d.r.config.RepositoryConfigurationDelegate - Multiple Spring Data modules found, entering strict repository configuration mode!
2019-05-30 00:07:24.263 [restartedMain] INFO  o.s.c.s.PostProcessorRegistrationDelegate$BeanPostProcessorChecker - Bean 'shiroConfig' of type [com.zhupeng.baseframe.config.ShiroConfig$$EnhancerBySpringCGLIB$$b044ca5d] is not eligible for getting processed by all BeanPostProcessors (for example: not eligible for auto-proxying)
2019-05-30 00:07:24.428 [restartedMain] INFO  o.s.c.s.PostProcessorRegistrationDelegate$BeanPostProcessorChecker - Bean 'sessionManager' of type [org.apache.shiro.web.session.mgt.DefaultWebSessionManager] is not eligible for getting processed by all BeanPostProcessors (for example: not eligible for auto-proxying)
2019-05-30 00:07:24.838 [restartedMain] INFO  o.s.c.s.PostProcessorRegistrationDelegate$BeanPostProcessorChecker - Bean 'myModularRealmAuthenticator' of type [com.zhupeng.baseframe.shiro.MyModularRealmAuthenticator] is not eligible for getting processed by all BeanPostProcessors (for example: not eligible for auto-proxying)
2019-05-30 00:07:24.875 [restartedMain] INFO  o.s.c.s.PostProcessorRegistrationDelegate$BeanPostProcessorChecker - Bean 'authorizingRealm' of type [com.zhupeng.baseframe.shiro.AuthorizationRealm] is not eligible for getting processed by all BeanPostProcessors (for example: not eligible for auto-proxying)
2019-05-30 00:07:24.895 [restartedMain] INFO  o.s.c.s.PostProcessorRegistrationDelegate$BeanPostProcessorChecker - Bean 'userPasswordRealm' of type [com.zhupeng.baseframe.shiro.UserPasswordRealm] is not eligible for getting processed by all BeanPostProcessors (for example: not eligible for auto-proxying)
2019-05-30 00:07:24.913 [restartedMain] INFO  o.s.c.s.PostProcessorRegistrationDelegate$BeanPostProcessorChecker - Bean 'userPhoneRealm' of type [com.zhupeng.baseframe.shiro.UserPhoneRealm] is not eligible for getting processed by all BeanPostProcessors (for example: not eligible for auto-proxying)
2019-05-30 00:07:24.941 [restartedMain] INFO  o.s.c.s.PostProcessorRegistrationDelegate$BeanPostProcessorChecker - Bean 'securityManager' of type [org.apache.shiro.web.mgt.DefaultWebSecurityManager] is not eligible for getting processed by all BeanPostProcessors (for example: not eligible for auto-proxying)
2019-05-30 00:07:25.210 [restartedMain] INFO  o.s.c.s.PostProcessorRegistrationDelegate$BeanPostProcessorChecker - Bean 'authorizationAttributeSourceAdvisor' of type [org.apache.shiro.spring.security.interceptor.AuthorizationAttributeSourceAdvisor] is not eligible for getting processed by all BeanPostProcessors (for example: not eligible for auto-proxying)
2019-05-30 00:07:25.324 [restartedMain] INFO  o.s.c.s.PostProcessorRegistrationDelegate$BeanPostProcessorChecker - Bean 'org.springframework.transaction.annotation.ProxyTransactionManagementConfiguration' of type [org.springframework.transaction.annotation.ProxyTransactionManagementConfiguration$$EnhancerBySpringCGLIB$$595a5eb9] is not eligible for getting processed by all BeanPostProcessors (for example: not eligible for auto-proxying)
2019-05-30 00:07:27.227 [restartedMain] INFO  o.s.b.c.e.tomcat.TomcatEmbeddedServletContainer - Tomcat initialized with port(s): 9999 (http)
2019-05-30 00:07:27.244 [restartedMain] INFO  org.apache.catalina.core.StandardService - Starting service [Tomcat]
2019-05-30 00:07:27.245 [restartedMain] INFO  org.apache.catalina.core.StandardEngine - Starting Servlet Engine: Apache Tomcat/8.5.16
2019-05-30 00:07:27.481 [localhost-startStop-1] INFO  o.a.c.c.C.[Tomcat].[localhost].[/baseframe] - Initializing Spring embedded WebApplicationContext
2019-05-30 00:07:27.482 [localhost-startStop-1] INFO  org.springframework.web.context.ContextLoader - Root WebApplicationContext: initialization completed in 6161 ms
2019-05-30 00:07:28.711 [localhost-startStop-1] INFO  o.s.boot.web.servlet.ServletRegistrationBean - Mapping servlet: 'dispatcherServlet' to [/]
2019-05-30 00:07:28.721 [localhost-startStop-1] INFO  o.s.boot.web.servlet.FilterRegistrationBean - Mapping filter: 'characterEncodingFilter' to: [/*]
2019-05-30 00:07:28.722 [localhost-startStop-1] INFO  o.s.boot.web.servlet.FilterRegistrationBean - Mapping filter: 'hiddenHttpMethodFilter' to: [/*]
2019-05-30 00:07:28.723 [localhost-startStop-1] INFO  o.s.boot.web.servlet.FilterRegistrationBean - Mapping filter: 'httpPutFormContentFilter' to: [/*]
2019-05-30 00:07:28.723 [localhost-startStop-1] INFO  o.s.boot.web.servlet.FilterRegistrationBean - Mapping filter: 'requestContextFilter' to: [/*]
2019-05-30 00:07:28.724 [localhost-startStop-1] INFO  o.s.boot.web.servlet.FilterRegistrationBean - Mapping filter: 'shirFilter' to: [/*]
2019-05-30 00:07:32.654 [restartedMain] INFO  com.zhupeng.baseframe.config.RedisConfig - JedisConnectionFactory bean init success.
2019-05-30 00:07:35.948 [restartedMain] INFO  o.s.w.s.m.m.a.RequestMappingHandlerMapping - Mapped "{[/userController/add],methods=[GET]}" onto public java.lang.String com.zhupeng.baseframe.controller.UserController.addUser()
2019-05-30 00:07:35.953 [restartedMain] INFO  o.s.w.s.m.m.a.RequestMappingHandlerMapping - Mapped "{[/v2/api-docs],methods=[GET],produces=[application/json || application/hal+json]}" onto public org.springframework.http.ResponseEntity<springfox.documentation.spring.web.json.Json> springfox.documentation.swagger2.web.Swagger2Controller.getDocumentation(java.lang.String,javax.servlet.http.HttpServletRequest)
2019-05-30 00:07:35.958 [restartedMain] INFO  o.s.w.s.m.m.a.RequestMappingHandlerMapping - Mapped "{[/swagger-resources/configuration/security]}" onto org.springframework.http.ResponseEntity<springfox.documentation.swagger.web.SecurityConfiguration> springfox.documentation.swagger.web.ApiResourceController.securityConfiguration()
2019-05-30 00:07:35.960 [restartedMain] INFO  o.s.w.s.m.m.a.RequestMappingHandlerMapping - Mapped "{[/swagger-resources/configuration/ui]}" onto org.springframework.http.ResponseEntity<springfox.documentation.swagger.web.UiConfiguration> springfox.documentation.swagger.web.ApiResourceController.uiConfiguration()
2019-05-30 00:07:35.961 [restartedMain] INFO  o.s.w.s.m.m.a.RequestMappingHandlerMapping - Mapped "{[/swagger-resources]}" onto org.springframework.http.ResponseEntity<java.util.List<springfox.documentation.swagger.web.SwaggerResource>> springfox.documentation.swagger.web.ApiResourceController.swaggerResources()
2019-05-30 00:07:35.967 [restartedMain] INFO  o.s.w.s.m.m.a.RequestMappingHandlerMapping - Mapped "{[/error]}" onto public org.springframework.http.ResponseEntity<java.util.Map<java.lang.String, java.lang.Object>> org.springframework.boot.autoconfigure.web.BasicErrorController.error(javax.servlet.http.HttpServletRequest)
2019-05-30 00:07:35.968 [restartedMain] INFO  o.s.w.s.m.m.a.RequestMappingHandlerMapping - Mapped "{[/error],produces=[text/html]}" onto public org.springframework.web.servlet.ModelAndView org.springframework.boot.autoconfigure.web.BasicErrorController.errorHtml(javax.servlet.http.HttpServletRequest,javax.servlet.http.HttpServletResponse)
2019-05-30 00:07:39.908 [restartedMain] INFO  o.s.w.s.m.m.a.RequestMappingHandlerAdapter - Looking for @ControllerAdvice: org.springframework.boot.context.embedded.AnnotationConfigEmbeddedWebApplicationContext@3c3700db: startup date [Thu May 30 00:07:21 CST 2019]; root of context hierarchy
2019-05-30 00:07:40.603 [restartedMain] INFO  o.s.web.servlet.handler.SimpleUrlHandlerMapping - Mapped URL path [/webjars/**] onto handler of type [class org.springframework.web.servlet.resource.ResourceHttpRequestHandler]
2019-05-30 00:07:40.604 [restartedMain] INFO  o.s.web.servlet.handler.SimpleUrlHandlerMapping - Mapped URL path [/**] onto handler of type [class org.springframework.web.servlet.resource.ResourceHttpRequestHandler]
2019-05-30 00:07:40.800 [restartedMain] INFO  o.s.w.s.m.m.a.ExceptionHandlerExceptionResolver - Detected @ExceptionHandler methods in exceptionHelper
2019-05-30 00:07:41.050 [restartedMain] INFO  o.s.web.servlet.handler.SimpleUrlHandlerMapping - Mapped URL path [/**/favicon.ico] onto handler of type [class org.springframework.web.servlet.resource.ResourceHttpRequestHandler]
2019-05-30 00:07:42.697 [restartedMain] INFO  o.s.b.a.w.WebMvcAutoConfiguration$WelcomePageHandlerMapping - Adding welcome page: class path resource [static/index.html]
2019-05-30 00:07:44.541 [restartedMain] INFO  o.s.ui.freemarker.SpringTemplateLoader - SpringTemplateLoader for FreeMarker: using resource loader [org.springframework.boot.context.embedded.AnnotationConfigEmbeddedWebApplicationContext@3c3700db: startup date [Thu May 30 00:07:21 CST 2019]; root of context hierarchy] and template loader path [classpath:/templates/]
2019-05-30 00:07:44.543 [restartedMain] INFO  o.s.w.servlet.view.freemarker.FreeMarkerConfigurer - ClassTemplateLoader for Spring macros added to FreeMarker configuration
2019-05-30 00:07:46.933 [restartedMain] INFO  o.s.b.d.autoconfigure.OptionalLiveReloadServer - LiveReload server is running on port 35729
2019-05-30 00:07:47.389 [restartedMain] INFO  o.s.jmx.export.annotation.AnnotationMBeanExporter - Registering beans for JMX exposure on startup
2019-05-30 00:07:47.394 [restartedMain] INFO  o.s.jmx.export.annotation.AnnotationMBeanExporter - Bean with name 'dataSource' has been autodetected for JMX exposure
2019-05-30 00:07:47.407 [restartedMain] INFO  o.s.jmx.export.annotation.AnnotationMBeanExporter - Located MBean 'dataSource': registering with JMX server as MBean [com.alibaba.druid.pool:name=dataSource,type=DruidDataSource]
2019-05-30 00:07:47.415 [restartedMain] INFO  o.s.context.support.DefaultLifecycleProcessor - Starting beans in phase 2147483647
2019-05-30 00:07:47.415 [restartedMain] INFO  s.d.s.web.plugins.DocumentationPluginsBootstrapper - Context refreshed
2019-05-30 00:07:47.445 [restartedMain] INFO  s.d.s.web.plugins.DocumentationPluginsBootstrapper - Found 1 custom documentation plugin(s)
2019-05-30 00:07:47.470 [restartedMain] INFO  s.d.spring.web.scanners.ApiListingReferenceScanner - Scanning for api listing references
2019-05-30 00:07:47.665 [restartedMain] INFO  o.s.s.a.ScheduledAnnotationBeanPostProcessor - No TaskScheduler/ScheduledExecutorService bean found for scheduled processing
2019-05-30 00:07:47.695 [restartedMain] INFO  org.apache.coyote.http11.Http11NioProtocol - Initializing ProtocolHandler ["http-nio-9999"]
2019-05-30 00:07:47.726 [restartedMain] INFO  org.apache.coyote.http11.Http11NioProtocol - Starting ProtocolHandler ["http-nio-9999"]
2019-05-30 00:07:47.755 [restartedMain] INFO  org.apache.tomcat.util.net.NioSelectorPool - Using a shared selector for servlet write/read
2019-05-30 00:07:47.797 [restartedMain] INFO  o.s.b.c.e.tomcat.TomcatEmbeddedServletContainer - Tomcat started on port(s): 9999 (http)
2019-05-30 00:07:47.811 [restartedMain] INFO  com.zhupeng.baseframe.WebApplication - Started WebApplication in 27.635 seconds (JVM running for 31.466)
2019-05-30 00:07:47.812 [restartedMain] INFO  com.zhupeng.baseframe.WebApplication - 启动完成！
2019-05-30 00:07:53.305 [http-nio-9999-exec-1] INFO  o.a.c.c.C.[Tomcat].[localhost].[/baseframe] - Initializing Spring FrameworkServlet 'dispatcherServlet'
2019-05-30 00:07:53.306 [http-nio-9999-exec-1] INFO  org.springframework.web.servlet.DispatcherServlet - FrameworkServlet 'dispatcherServlet': initialization started
2019-05-30 00:07:53.405 [http-nio-9999-exec-1] INFO  org.springframework.web.servlet.DispatcherServlet - FrameworkServlet 'dispatcherServlet': initialization completed in 99 ms
2019-05-30 00:07:53.433 [http-nio-9999-exec-1] INFO  o.a.s.session.mgt.AbstractValidatingSessionManager - Enabling session validation scheduler...
2019-05-30 00:09:09.279 [http-nio-9999-exec-1] INFO  com.zhupeng.baseframe.aop.DebuggerAop - --响应请求--
--------------------response------------------------
Response-Code:200
Content-Type:null
Headers:Set-Cookie=[rememberMe=deleteMe; Path=/baseframe; Max-Age=0; Expires=Tue, 28-May-2019 16:07:53 GMT], 
Payload:null
----------------------------------------------------
Total time:0ms
2019-05-30 00:16:53.036 [Thread-66] INFO  o.s.b.c.e.AnnotationConfigEmbeddedWebApplicationContext - Closing org.springframework.boot.context.embedded.AnnotationConfigEmbeddedWebApplicationContext@3c3700db: startup date [Thu May 30 00:07:21 CST 2019]; root of context hierarchy
2019-05-30 00:16:53.041 [Thread-66] INFO  o.s.context.support.DefaultLifecycleProcessor - Stopping beans in phase 2147483647
2019-05-30 00:16:53.048 [Thread-66] INFO  o.s.jmx.export.annotation.AnnotationMBeanExporter - Unregistering JMX-exposed beans on shutdown
2019-05-30 00:16:53.048 [Thread-66] INFO  o.s.jmx.export.annotation.AnnotationMBeanExporter - Unregistering JMX-exposed beans
2019-05-30 00:16:53.056 [Thread-66] INFO  o.a.s.session.mgt.AbstractValidatingSessionManager - Disabled session validation scheduler.
2019-05-30 00:21:34.639 [main] INFO  com.zhupeng.baseframe.WebApplication - 启动开始……
2019-05-30 00:21:35.169 [restartedMain] INFO  com.zhupeng.baseframe.WebApplication - 启动开始……
2019-05-30 00:21:35.902 [restartedMain] INFO  com.zhupeng.baseframe.WebApplication - Starting WebApplication on SD-20181223DEXT with PID 6400 (D:\workspace\zhupeng\baseframe2.0\target\classes started by Administrator in D:\workspace\zhupeng\baseframe2.0)
2019-05-30 00:21:35.903 [restartedMain] INFO  com.zhupeng.baseframe.WebApplication - No active profile set, falling back to default profiles: default
2019-05-30 00:21:36.293 [restartedMain] INFO  o.s.b.c.e.AnnotationConfigEmbeddedWebApplicationContext - Refreshing org.springframework.boot.context.embedded.AnnotationConfigEmbeddedWebApplicationContext@f6aa6ac: startup date [Thu May 30 00:21:36 CST 2019]; root of context hierarchy
2019-05-30 00:21:36.368 [background-preinit] INFO  org.hibernate.validator.internal.util.Version - HV000001: Hibernate Validator 5.3.5.Final
2019-05-30 00:21:38.519 [restartedMain] INFO  o.s.b.factory.support.DefaultListableBeanFactory - Overriding bean definition for bean 'stringRedisTemplate' with a different definition: replacing [Root bean: class [null]; scope=; abstract=false; lazyInit=false; autowireMode=3; dependencyCheck=0; autowireCandidate=true; primary=false; factoryBeanName=redisConfig; factoryMethodName=stringRedisTemplate; initMethodName=null; destroyMethodName=(inferred); defined in class path resource [com/zhupeng/baseframe/config/RedisConfig.class]] with [Root bean: class [null]; scope=; abstract=false; lazyInit=false; autowireMode=3; dependencyCheck=0; autowireCandidate=true; primary=false; factoryBeanName=org.springframework.boot.autoconfigure.data.redis.RedisAutoConfiguration$RedisConfiguration; factoryMethodName=stringRedisTemplate; initMethodName=null; destroyMethodName=(inferred); defined in class path resource [org/springframework/boot/autoconfigure/data/redis/RedisAutoConfiguration$RedisConfiguration.class]]
2019-05-30 00:21:38.562 [restartedMain] INFO  o.s.d.r.config.RepositoryConfigurationDelegate - Multiple Spring Data modules found, entering strict repository configuration mode!
2019-05-30 00:21:39.272 [restartedMain] INFO  o.s.c.s.PostProcessorRegistrationDelegate$BeanPostProcessorChecker - Bean 'shiroConfig' of type [com.zhupeng.baseframe.config.ShiroConfig$$EnhancerBySpringCGLIB$$a92d00f3] is not eligible for getting processed by all BeanPostProcessors (for example: not eligible for auto-proxying)
2019-05-30 00:21:39.458 [restartedMain] INFO  o.s.c.s.PostProcessorRegistrationDelegate$BeanPostProcessorChecker - Bean 'sessionManager' of type [org.apache.shiro.web.session.mgt.DefaultWebSessionManager] is not eligible for getting processed by all BeanPostProcessors (for example: not eligible for auto-proxying)
2019-05-30 00:21:39.851 [restartedMain] INFO  o.s.c.s.PostProcessorRegistrationDelegate$BeanPostProcessorChecker - Bean 'myModularRealmAuthenticator' of type [com.zhupeng.baseframe.shiro.MyModularRealmAuthenticator] is not eligible for getting processed by all BeanPostProcessors (for example: not eligible for auto-proxying)
2019-05-30 00:21:39.885 [restartedMain] INFO  o.s.c.s.PostProcessorRegistrationDelegate$BeanPostProcessorChecker - Bean 'authorizingRealm' of type [com.zhupeng.baseframe.shiro.AuthorizationRealm] is not eligible for getting processed by all BeanPostProcessors (for example: not eligible for auto-proxying)
2019-05-30 00:21:39.901 [restartedMain] INFO  o.s.c.s.PostProcessorRegistrationDelegate$BeanPostProcessorChecker - Bean 'userPasswordRealm' of type [com.zhupeng.baseframe.shiro.UserPasswordRealm] is not eligible for getting processed by all BeanPostProcessors (for example: not eligible for auto-proxying)
2019-05-30 00:21:39.916 [restartedMain] INFO  o.s.c.s.PostProcessorRegistrationDelegate$BeanPostProcessorChecker - Bean 'userPhoneRealm' of type [com.zhupeng.baseframe.shiro.UserPhoneRealm] is not eligible for getting processed by all BeanPostProcessors (for example: not eligible for auto-proxying)
2019-05-30 00:21:39.946 [restartedMain] INFO  o.s.c.s.PostProcessorRegistrationDelegate$BeanPostProcessorChecker - Bean 'securityManager' of type [org.apache.shiro.web.mgt.DefaultWebSecurityManager] is not eligible for getting processed by all BeanPostProcessors (for example: not eligible for auto-proxying)
2019-05-30 00:21:40.205 [restartedMain] INFO  o.s.c.s.PostProcessorRegistrationDelegate$BeanPostProcessorChecker - Bean 'authorizationAttributeSourceAdvisor' of type [org.apache.shiro.spring.security.interceptor.AuthorizationAttributeSourceAdvisor] is not eligible for getting processed by all BeanPostProcessors (for example: not eligible for auto-proxying)
2019-05-30 00:21:40.435 [restartedMain] INFO  o.s.c.s.PostProcessorRegistrationDelegate$BeanPostProcessorChecker - Bean 'org.springframework.transaction.annotation.ProxyTransactionManagementConfiguration' of type [org.springframework.transaction.annotation.ProxyTransactionManagementConfiguration$$EnhancerBySpringCGLIB$$5242954f] is not eligible for getting processed by all BeanPostProcessors (for example: not eligible for auto-proxying)
2019-05-30 00:21:42.487 [restartedMain] INFO  o.s.b.c.e.tomcat.TomcatEmbeddedServletContainer - Tomcat initialized with port(s): 9999 (http)
2019-05-30 00:21:42.504 [restartedMain] INFO  org.apache.catalina.core.StandardService - Starting service [Tomcat]
2019-05-30 00:21:42.505 [restartedMain] INFO  org.apache.catalina.core.StandardEngine - Starting Servlet Engine: Apache Tomcat/8.5.16
2019-05-30 00:21:42.729 [localhost-startStop-1] INFO  o.a.c.c.C.[Tomcat].[localhost].[/baseframe] - Initializing Spring embedded WebApplicationContext
2019-05-30 00:21:42.730 [localhost-startStop-1] INFO  org.springframework.web.context.ContextLoader - Root WebApplicationContext: initialization completed in 6437 ms
2019-05-30 00:21:43.834 [localhost-startStop-1] INFO  o.s.boot.web.servlet.ServletRegistrationBean - Mapping servlet: 'dispatcherServlet' to [/]
2019-05-30 00:21:43.844 [localhost-startStop-1] INFO  o.s.boot.web.servlet.FilterRegistrationBean - Mapping filter: 'characterEncodingFilter' to: [/*]
2019-05-30 00:21:43.845 [localhost-startStop-1] INFO  o.s.boot.web.servlet.FilterRegistrationBean - Mapping filter: 'hiddenHttpMethodFilter' to: [/*]
2019-05-30 00:21:43.845 [localhost-startStop-1] INFO  o.s.boot.web.servlet.FilterRegistrationBean - Mapping filter: 'httpPutFormContentFilter' to: [/*]
2019-05-30 00:21:43.846 [localhost-startStop-1] INFO  o.s.boot.web.servlet.FilterRegistrationBean - Mapping filter: 'requestContextFilter' to: [/*]
2019-05-30 00:21:43.846 [localhost-startStop-1] INFO  o.s.boot.web.servlet.FilterRegistrationBean - Mapping filter: 'shirFilter' to: [/*]
2019-05-30 00:21:47.198 [restartedMain] INFO  com.zhupeng.baseframe.config.RedisConfig - JedisConnectionFactory bean init success.
2019-05-30 00:21:50.101 [restartedMain] INFO  o.s.w.s.m.m.a.RequestMappingHandlerMapping - Mapped "{[/userController/add],methods=[GET]}" onto public java.lang.String com.zhupeng.baseframe.controller.UserController.addUser()
2019-05-30 00:21:50.105 [restartedMain] INFO  o.s.w.s.m.m.a.RequestMappingHandlerMapping - Mapped "{[/v2/api-docs],methods=[GET],produces=[application/json || application/hal+json]}" onto public org.springframework.http.ResponseEntity<springfox.documentation.spring.web.json.Json> springfox.documentation.swagger2.web.Swagger2Controller.getDocumentation(java.lang.String,javax.servlet.http.HttpServletRequest)
2019-05-30 00:21:50.110 [restartedMain] INFO  o.s.w.s.m.m.a.RequestMappingHandlerMapping - Mapped "{[/swagger-resources]}" onto org.springframework.http.ResponseEntity<java.util.List<springfox.documentation.swagger.web.SwaggerResource>> springfox.documentation.swagger.web.ApiResourceController.swaggerResources()
2019-05-30 00:21:50.111 [restartedMain] INFO  o.s.w.s.m.m.a.RequestMappingHandlerMapping - Mapped "{[/swagger-resources/configuration/ui]}" onto org.springframework.http.ResponseEntity<springfox.documentation.swagger.web.UiConfiguration> springfox.documentation.swagger.web.ApiResourceController.uiConfiguration()
2019-05-30 00:21:50.112 [restartedMain] INFO  o.s.w.s.m.m.a.RequestMappingHandlerMapping - Mapped "{[/swagger-resources/configuration/security]}" onto org.springframework.http.ResponseEntity<springfox.documentation.swagger.web.SecurityConfiguration> springfox.documentation.swagger.web.ApiResourceController.securityConfiguration()
2019-05-30 00:21:50.117 [restartedMain] INFO  o.s.w.s.m.m.a.RequestMappingHandlerMapping - Mapped "{[/error]}" onto public org.springframework.http.ResponseEntity<java.util.Map<java.lang.String, java.lang.Object>> org.springframework.boot.autoconfigure.web.BasicErrorController.error(javax.servlet.http.HttpServletRequest)
2019-05-30 00:21:50.118 [restartedMain] INFO  o.s.w.s.m.m.a.RequestMappingHandlerMapping - Mapped "{[/error],produces=[text/html]}" onto public org.springframework.web.servlet.ModelAndView org.springframework.boot.autoconfigure.web.BasicErrorController.errorHtml(javax.servlet.http.HttpServletRequest,javax.servlet.http.HttpServletResponse)
2019-05-30 00:21:53.448 [restartedMain] INFO  o.s.w.s.m.m.a.RequestMappingHandlerAdapter - Looking for @ControllerAdvice: org.springframework.boot.context.embedded.AnnotationConfigEmbeddedWebApplicationContext@f6aa6ac: startup date [Thu May 30 00:21:36 CST 2019]; root of context hierarchy
2019-05-30 00:21:54.055 [restartedMain] INFO  o.s.web.servlet.handler.SimpleUrlHandlerMapping - Mapped URL path [/webjars/**] onto handler of type [class org.springframework.web.servlet.resource.ResourceHttpRequestHandler]
2019-05-30 00:21:54.055 [restartedMain] INFO  o.s.web.servlet.handler.SimpleUrlHandlerMapping - Mapped URL path [/**] onto handler of type [class org.springframework.web.servlet.resource.ResourceHttpRequestHandler]
2019-05-30 00:21:54.253 [restartedMain] INFO  o.s.w.s.m.m.a.ExceptionHandlerExceptionResolver - Detected @ExceptionHandler methods in exceptionHelper
2019-05-30 00:21:54.481 [restartedMain] INFO  o.s.web.servlet.handler.SimpleUrlHandlerMapping - Mapped URL path [/**/favicon.ico] onto handler of type [class org.springframework.web.servlet.resource.ResourceHttpRequestHandler]
2019-05-30 00:21:56.045 [restartedMain] INFO  o.s.b.a.w.WebMvcAutoConfiguration$WelcomePageHandlerMapping - Adding welcome page: class path resource [static/index.html]
2019-05-30 00:21:57.632 [restartedMain] INFO  o.s.ui.freemarker.SpringTemplateLoader - SpringTemplateLoader for FreeMarker: using resource loader [org.springframework.boot.context.embedded.AnnotationConfigEmbeddedWebApplicationContext@f6aa6ac: startup date [Thu May 30 00:21:36 CST 2019]; root of context hierarchy] and template loader path [classpath:/templates/]
2019-05-30 00:21:57.634 [restartedMain] INFO  o.s.w.servlet.view.freemarker.FreeMarkerConfigurer - ClassTemplateLoader for Spring macros added to FreeMarker configuration
2019-05-30 00:21:59.542 [restartedMain] INFO  o.s.b.d.autoconfigure.OptionalLiveReloadServer - LiveReload server is running on port 35729
2019-05-30 00:21:59.968 [restartedMain] INFO  o.s.jmx.export.annotation.AnnotationMBeanExporter - Registering beans for JMX exposure on startup
2019-05-30 00:21:59.971 [restartedMain] INFO  o.s.jmx.export.annotation.AnnotationMBeanExporter - Bean with name 'dataSource' has been autodetected for JMX exposure
2019-05-30 00:21:59.985 [restartedMain] INFO  o.s.jmx.export.annotation.AnnotationMBeanExporter - Located MBean 'dataSource': registering with JMX server as MBean [com.alibaba.druid.pool:name=dataSource,type=DruidDataSource]
2019-05-30 00:21:59.993 [restartedMain] INFO  o.s.context.support.DefaultLifecycleProcessor - Starting beans in phase 2147483647
2019-05-30 00:21:59.993 [restartedMain] INFO  s.d.s.web.plugins.DocumentationPluginsBootstrapper - Context refreshed
2019-05-30 00:22:00.019 [restartedMain] INFO  s.d.s.web.plugins.DocumentationPluginsBootstrapper - Found 1 custom documentation plugin(s)
2019-05-30 00:22:00.042 [restartedMain] INFO  s.d.spring.web.scanners.ApiListingReferenceScanner - Scanning for api listing references
2019-05-30 00:22:00.222 [restartedMain] INFO  o.s.s.a.ScheduledAnnotationBeanPostProcessor - No TaskScheduler/ScheduledExecutorService bean found for scheduled processing
2019-05-30 00:22:00.240 [restartedMain] INFO  org.apache.coyote.http11.Http11NioProtocol - Initializing ProtocolHandler ["http-nio-9999"]
2019-05-30 00:22:00.259 [restartedMain] INFO  org.apache.coyote.http11.Http11NioProtocol - Starting ProtocolHandler ["http-nio-9999"]
2019-05-30 00:22:00.282 [restartedMain] INFO  org.apache.tomcat.util.net.NioSelectorPool - Using a shared selector for servlet write/read
2019-05-30 00:22:00.314 [restartedMain] INFO  o.s.b.c.e.tomcat.TomcatEmbeddedServletContainer - Tomcat started on port(s): 9999 (http)
2019-05-30 00:22:00.325 [restartedMain] INFO  com.zhupeng.baseframe.WebApplication - Started WebApplication in 25.129 seconds (JVM running for 29.284)
2019-05-30 00:22:00.325 [restartedMain] INFO  com.zhupeng.baseframe.WebApplication - 启动完成！
2019-05-30 00:22:05.783 [http-nio-9999-exec-1] INFO  o.a.c.c.C.[Tomcat].[localhost].[/baseframe] - Initializing Spring FrameworkServlet 'dispatcherServlet'
2019-05-30 00:22:05.784 [http-nio-9999-exec-1] INFO  org.springframework.web.servlet.DispatcherServlet - FrameworkServlet 'dispatcherServlet': initialization started
2019-05-30 00:22:05.871 [http-nio-9999-exec-1] INFO  org.springframework.web.servlet.DispatcherServlet - FrameworkServlet 'dispatcherServlet': initialization completed in 87 ms
2019-05-30 00:22:05.896 [http-nio-9999-exec-1] INFO  o.a.s.session.mgt.AbstractValidatingSessionManager - Enabling session validation scheduler...
2019-05-30 00:22:27.903 [http-nio-9999-exec-1] INFO  com.zhupeng.baseframe.aop.DebuggerAop - --接收到请求--/baseframe/userController/add
--------------------request-------------------------
RemoteAddr:0:0:0:0:0:0:0:1
Address:http://localhost:9999/baseframe/userController/add
Encoding:UTF-8
HttpMethod:GET
ContentType:null
Headers:host=[localhost:9999], connection=[keep-alive], cache-control=[max-age=0], upgrade-insecure-requests=[1], user-agent=[Mozilla/5.0 (Windows NT 6.1; WOW64) AppleWebKit/537.36 (KHTML, like Gecko) Chrome/65.0.3325.181 Safari/537.36], accept=[text/html,application/xhtml+xml,application/xml;q=0.9,image/webp,image/apng,*/*;q=0.8], accept-encoding=[gzip, deflate, br], accept-language=[zh-CN,zh;q=0.9], cookie=[rememberMe=YQtJXFnbWh95moPyInjD/hnGjjTf82R8+1dnXBPNCLA42lmiaUYlv6U34znfqJuV1ju3U8oFMJxSzItNJPgW8QI6N2QPLKSUpIPaF/Ywv+SAy5Ib/UI5eK+wr9Z3MW4Y0ICjH5E6hE/9jKmWQXPimeHahYZ3hxyPjbLg1mJRdWvs0KUz2BjCc6Or2U730eVuwmACS0A1CF96715vvm7DkaqXlKIxgjwrMQcYUUWkfvWFFKxHfNJwkgNQpBSmXjsrA471FM5CNqSDs2iAr37Z58rvn+t4fue0CC6PqCe1NYo9BjGwCJaexOklLljri7qRLI9xScxPkv7JUefGr/XRZhpDlawuuLgUtuDoRc73QRX0j25WMqAX8uLjMWl5YxRRsF8xndT49jU14jA3PCJyiygBvPDNBn6LXRDTSy9MrMb4Z60o0Ealzfy69ck8lpPq2A0mmig2srDRyldrkkEtajUjMYinZrreuOqiacyh53OjH0nZ8B7+Aa/Evr2T+TLf05BIW6GM9yo0Oxiwfb3nKtvkbi1cbyUhprOGgx3oyBp34ReRAXP19JOzooMQ3cl+JHpDJ7x8hsVyfjI9d6bqFjP3xHF/nTLFAULEScBM8gLNh5WFFlv45WsYGrlh3TG8+yOsz+sKjlvZraIWvIp+Y0CB2QzW8K1+70rujT7bLNOBpEKlDBnMFgVFQL4EU3qUjOaogEwJKXLD5kQvT3moVocBCaBxUo1qNjiAm8azv/jNU7nJMWwCZb790t3X6CtuHPQYdUyCrsuW7Lq8JjT3h+gTqXJyDVZSCtnER1zO17rsJiq/dLlQsM1df41Zq6IcPEn6yDPRlbgHkpkh6zVs1NTNCFNrUHhrNuVVVy/CjbHLOM86H0GL9uSBz7PvfIFf6QaF2yIfdurIP9rVS2aX6A==], 
Payload-param:{}
Payload-body:
2019-05-30 00:23:10.014 [http-nio-9999-exec-1] INFO  com.zhupeng.baseframe.aop.LogAopAdviseDefine - 请求request ==> url:[http://localhost:9999/baseframe/userController/add], class:[com.zhupeng.baseframe.controller.UserController], method:[addUser], paramters:[{}]
2019-05-30 00:23:10.018 [http-nio-9999-exec-1] INFO  com.zhupeng.baseframe.controller.UserController - 添加用户
2019-05-30 00:23:10.019 [http-nio-9999-exec-1] INFO  com.zhupeng.baseframe.aop.LogAopAdviseDefine - 返回response ==>  class:[com.zhupeng.baseframe.controller.UserController], method:[addUser], paramters:["添加用户"]
2019-05-30 00:23:42.813 [http-nio-9999-exec-1] INFO  com.zhupeng.baseframe.aop.DebuggerAop - --响应请求--
--------------------response------------------------
Response-Code:200
Content-Type:null
Headers:Set-Cookie=[rememberMe=deleteMe; Path=/baseframe; Max-Age=0; Expires=Tue, 28-May-2019 16:22:05 GMT], 
Payload:"添加用户"
----------------------------------------------------
Total time:0ms
2019-05-30 00:24:25.817 [http-nio-9999-exec-4] INFO  com.zhupeng.baseframe.aop.DebuggerAop - --接收到请求--/baseframe/userController/add
--------------------request-------------------------
RemoteAddr:0:0:0:0:0:0:0:1
Address:http://localhost:9999/baseframe/userController/add
Encoding:UTF-8
HttpMethod:GET
ContentType:null
Headers:host=[localhost:9999], connection=[keep-alive], cache-control=[max-age=0], upgrade-insecure-requests=[1], user-agent=[Mozilla/5.0 (Windows NT 6.1; WOW64) AppleWebKit/537.36 (KHTML, like Gecko) Chrome/65.0.3325.181 Safari/537.36], accept=[text/html,application/xhtml+xml,application/xml;q=0.9,image/webp,image/apng,*/*;q=0.8], accept-encoding=[gzip, deflate, br], accept-language=[zh-CN,zh;q=0.9], cookie=[rememberMe=YQtJXFnbWh95moPyInjD/hnGjjTf82R8+1dnXBPNCLA42lmiaUYlv6U34znfqJuV1ju3U8oFMJxSzItNJPgW8QI6N2QPLKSUpIPaF/Ywv+SAy5Ib/UI5eK+wr9Z3MW4Y0ICjH5E6hE/9jKmWQXPimeHahYZ3hxyPjbLg1mJRdWvs0KUz2BjCc6Or2U730eVuwmACS0A1CF96715vvm7DkaqXlKIxgjwrMQcYUUWkfvWFFKxHfNJwkgNQpBSmXjsrA471FM5CNqSDs2iAr37Z58rvn+t4fue0CC6PqCe1NYo9BjGwCJaexOklLljri7qRLI9xScxPkv7JUefGr/XRZhpDlawuuLgUtuDoRc73QRX0j25WMqAX8uLjMWl5YxRRsF8xndT49jU14jA3PCJyiygBvPDNBn6LXRDTSy9MrMb4Z60o0Ealzfy69ck8lpPq2A0mmig2srDRyldrkkEtajUjMYinZrreuOqiacyh53OjH0nZ8B7+Aa/Evr2T+TLf05BIW6GM9yo0Oxiwfb3nKtvkbi1cbyUhprOGgx3oyBp34ReRAXP19JOzooMQ3cl+JHpDJ7x8hsVyfjI9d6bqFjP3xHF/nTLFAULEScBM8gLNh5WFFlv45WsYGrlh3TG8+yOsz+sKjlvZraIWvIp+Y0CB2QzW8K1+70rujT7bLNOBpEKlDBnMFgVFQL4EU3qUjOaogEwJKXLD5kQvT3moVocBCaBxUo1qNjiAm8azv/jNU7nJMWwCZb790t3X6CtuHPQYdUyCrsuW7Lq8JjT3h+gTqXJyDVZSCtnER1zO17rsJiq/dLlQsM1df41Zq6IcPEn6yDPRlbgHkpkh6zVs1NTNCFNrUHhrNuVVVy/CjbHLOM86H0GL9uSBz7PvfIFf6QaF2yIfdurIP9rVS2aX6A==], 
Payload-param:{}
Payload-body:
2019-05-30 00:24:25.818 [http-nio-9999-exec-4] INFO  com.zhupeng.baseframe.aop.LogAopAdviseDefine - 请求request ==> url:[http://localhost:9999/baseframe/userController/add], class:[com.zhupeng.baseframe.controller.UserController], method:[addUser], paramters:[{}]
2019-05-30 00:24:25.818 [http-nio-9999-exec-4] INFO  com.zhupeng.baseframe.controller.UserController - 添加用户
2019-05-30 00:24:25.818 [http-nio-9999-exec-4] INFO  com.zhupeng.baseframe.aop.LogAopAdviseDefine - 返回response ==>  class:[com.zhupeng.baseframe.controller.UserController], method:[addUser], paramters:["添加用户"]
2019-05-30 00:24:28.148 [http-nio-9999-exec-4] INFO  com.zhupeng.baseframe.aop.DebuggerAop - --响应请求--
--------------------response------------------------
Response-Code:200
Content-Type:null
Headers:Set-Cookie=[rememberMe=deleteMe; Path=/baseframe; Max-Age=0; Expires=Tue, 28-May-2019 16:23:51 GMT], 
Payload:"添加用户"
----------------------------------------------------
Total time:0ms
2019-05-30 00:26:38.561 [Thread-61] INFO  o.s.b.c.e.AnnotationConfigEmbeddedWebApplicationContext - Closing org.springframework.boot.context.embedded.AnnotationConfigEmbeddedWebApplicationContext@f6aa6ac: startup date [Thu May 30 00:21:36 CST 2019]; root of context hierarchy
2019-05-30 00:26:38.566 [Thread-61] INFO  o.s.context.support.DefaultLifecycleProcessor - Stopping beans in phase 2147483647
2019-05-30 00:26:38.576 [Thread-61] INFO  o.s.jmx.export.annotation.AnnotationMBeanExporter - Unregistering JMX-exposed beans on shutdown
2019-05-30 00:26:38.577 [Thread-61] INFO  o.s.jmx.export.annotation.AnnotationMBeanExporter - Unregistering JMX-exposed beans
2019-05-30 00:26:38.586 [Thread-61] INFO  o.a.s.session.mgt.AbstractValidatingSessionManager - Disabled session validation scheduler.
2019-05-30 00:27:13.969 [main] INFO  com.zhupeng.baseframe.WebApplication - 启动开始……
2019-05-30 00:27:14.534 [restartedMain] INFO  com.zhupeng.baseframe.WebApplication - 启动开始……
2019-05-30 00:27:15.465 [restartedMain] INFO  com.zhupeng.baseframe.WebApplication - Starting WebApplication on SD-20181223DEXT with PID 1088 (D:\workspace\zhupeng\baseframe2.0\target\classes started by Administrator in D:\workspace\zhupeng\baseframe2.0)
2019-05-30 00:27:15.466 [restartedMain] INFO  com.zhupeng.baseframe.WebApplication - No active profile set, falling back to default profiles: default
2019-05-30 00:27:15.861 [restartedMain] INFO  o.s.b.c.e.AnnotationConfigEmbeddedWebApplicationContext - Refreshing org.springframework.boot.context.embedded.AnnotationConfigEmbeddedWebApplicationContext@2d866644: startup date [Thu May 30 00:27:15 CST 2019]; root of context hierarchy
2019-05-30 00:27:15.929 [background-preinit] INFO  org.hibernate.validator.internal.util.Version - HV000001: Hibernate Validator 5.3.5.Final
2019-05-30 00:27:18.171 [restartedMain] INFO  o.s.b.factory.support.DefaultListableBeanFactory - Overriding bean definition for bean 'stringRedisTemplate' with a different definition: replacing [Root bean: class [null]; scope=; abstract=false; lazyInit=false; autowireMode=3; dependencyCheck=0; autowireCandidate=true; primary=false; factoryBeanName=redisConfig; factoryMethodName=stringRedisTemplate; initMethodName=null; destroyMethodName=(inferred); defined in class path resource [com/zhupeng/baseframe/config/RedisConfig.class]] with [Root bean: class [null]; scope=; abstract=false; lazyInit=false; autowireMode=3; dependencyCheck=0; autowireCandidate=true; primary=false; factoryBeanName=org.springframework.boot.autoconfigure.data.redis.RedisAutoConfiguration$RedisConfiguration; factoryMethodName=stringRedisTemplate; initMethodName=null; destroyMethodName=(inferred); defined in class path resource [org/springframework/boot/autoconfigure/data/redis/RedisAutoConfiguration$RedisConfiguration.class]]
2019-05-30 00:27:18.217 [restartedMain] INFO  o.s.d.r.config.RepositoryConfigurationDelegate - Multiple Spring Data modules found, entering strict repository configuration mode!
2019-05-30 00:27:18.925 [restartedMain] INFO  o.s.c.s.PostProcessorRegistrationDelegate$BeanPostProcessorChecker - Bean 'shiroConfig' of type [com.zhupeng.baseframe.config.ShiroConfig$$EnhancerBySpringCGLIB$$dadc7ef8] is not eligible for getting processed by all BeanPostProcessors (for example: not eligible for auto-proxying)
2019-05-30 00:27:19.130 [restartedMain] INFO  o.s.c.s.PostProcessorRegistrationDelegate$BeanPostProcessorChecker - Bean 'sessionManager' of type [org.apache.shiro.web.session.mgt.DefaultWebSessionManager] is not eligible for getting processed by all BeanPostProcessors (for example: not eligible for auto-proxying)
2019-05-30 00:27:19.615 [restartedMain] INFO  o.s.c.s.PostProcessorRegistrationDelegate$BeanPostProcessorChecker - Bean 'myModularRealmAuthenticator' of type [com.zhupeng.baseframe.shiro.MyModularRealmAuthenticator] is not eligible for getting processed by all BeanPostProcessors (for example: not eligible for auto-proxying)
2019-05-30 00:27:19.654 [restartedMain] INFO  o.s.c.s.PostProcessorRegistrationDelegate$BeanPostProcessorChecker - Bean 'authorizingRealm' of type [com.zhupeng.baseframe.shiro.AuthorizationRealm] is not eligible for getting processed by all BeanPostProcessors (for example: not eligible for auto-proxying)
2019-05-30 00:27:19.672 [restartedMain] INFO  o.s.c.s.PostProcessorRegistrationDelegate$BeanPostProcessorChecker - Bean 'userPasswordRealm' of type [com.zhupeng.baseframe.shiro.UserPasswordRealm] is not eligible for getting processed by all BeanPostProcessors (for example: not eligible for auto-proxying)
2019-05-30 00:27:19.692 [restartedMain] INFO  o.s.c.s.PostProcessorRegistrationDelegate$BeanPostProcessorChecker - Bean 'userPhoneRealm' of type [com.zhupeng.baseframe.shiro.UserPhoneRealm] is not eligible for getting processed by all BeanPostProcessors (for example: not eligible for auto-proxying)
2019-05-30 00:27:19.726 [restartedMain] INFO  o.s.c.s.PostProcessorRegistrationDelegate$BeanPostProcessorChecker - Bean 'securityManager' of type [org.apache.shiro.web.mgt.DefaultWebSecurityManager] is not eligible for getting processed by all BeanPostProcessors (for example: not eligible for auto-proxying)
2019-05-30 00:27:19.989 [restartedMain] INFO  o.s.c.s.PostProcessorRegistrationDelegate$BeanPostProcessorChecker - Bean 'authorizationAttributeSourceAdvisor' of type [org.apache.shiro.spring.security.interceptor.AuthorizationAttributeSourceAdvisor] is not eligible for getting processed by all BeanPostProcessors (for example: not eligible for auto-proxying)
2019-05-30 00:27:20.114 [restartedMain] INFO  o.s.c.s.PostProcessorRegistrationDelegate$BeanPostProcessorChecker - Bean 'org.springframework.transaction.annotation.ProxyTransactionManagementConfiguration' of type [org.springframework.transaction.annotation.ProxyTransactionManagementConfiguration$$EnhancerBySpringCGLIB$$83f21354] is not eligible for getting processed by all BeanPostProcessors (for example: not eligible for auto-proxying)
2019-05-30 00:27:22.027 [restartedMain] INFO  o.s.b.c.e.tomcat.TomcatEmbeddedServletContainer - Tomcat initialized with port(s): 9999 (http)
2019-05-30 00:27:22.044 [restartedMain] INFO  org.apache.catalina.core.StandardService - Starting service [Tomcat]
2019-05-30 00:27:22.046 [restartedMain] INFO  org.apache.catalina.core.StandardEngine - Starting Servlet Engine: Apache Tomcat/8.5.16
2019-05-30 00:27:22.278 [localhost-startStop-1] INFO  o.a.c.c.C.[Tomcat].[localhost].[/baseframe] - Initializing Spring embedded WebApplicationContext
2019-05-30 00:27:22.278 [localhost-startStop-1] INFO  org.springframework.web.context.ContextLoader - Root WebApplicationContext: initialization completed in 6418 ms
2019-05-30 00:27:23.412 [localhost-startStop-1] INFO  o.s.boot.web.servlet.ServletRegistrationBean - Mapping servlet: 'dispatcherServlet' to [/]
2019-05-30 00:27:23.420 [localhost-startStop-1] INFO  o.s.boot.web.servlet.FilterRegistrationBean - Mapping filter: 'characterEncodingFilter' to: [/*]
2019-05-30 00:27:23.422 [localhost-startStop-1] INFO  o.s.boot.web.servlet.FilterRegistrationBean - Mapping filter: 'hiddenHttpMethodFilter' to: [/*]
2019-05-30 00:27:23.422 [localhost-startStop-1] INFO  o.s.boot.web.servlet.FilterRegistrationBean - Mapping filter: 'httpPutFormContentFilter' to: [/*]
2019-05-30 00:27:23.422 [localhost-startStop-1] INFO  o.s.boot.web.servlet.FilterRegistrationBean - Mapping filter: 'requestContextFilter' to: [/*]
2019-05-30 00:27:23.422 [localhost-startStop-1] INFO  o.s.boot.web.servlet.FilterRegistrationBean - Mapping filter: 'shirFilter' to: [/*]
2019-05-30 00:27:26.782 [restartedMain] INFO  com.zhupeng.baseframe.config.RedisConfig - JedisConnectionFactory bean init success.
2019-05-30 00:27:29.836 [restartedMain] INFO  o.s.w.s.m.m.a.RequestMappingHandlerMapping - Mapped "{[/userController/add],methods=[GET]}" onto public java.lang.String com.zhupeng.baseframe.controller.UserController.addUser()
2019-05-30 00:27:29.840 [restartedMain] INFO  o.s.w.s.m.m.a.RequestMappingHandlerMapping - Mapped "{[/v2/api-docs],methods=[GET],produces=[application/json || application/hal+json]}" onto public org.springframework.http.ResponseEntity<springfox.documentation.spring.web.json.Json> springfox.documentation.swagger2.web.Swagger2Controller.getDocumentation(java.lang.String,javax.servlet.http.HttpServletRequest)
2019-05-30 00:27:29.845 [restartedMain] INFO  o.s.w.s.m.m.a.RequestMappingHandlerMapping - Mapped "{[/swagger-resources]}" onto org.springframework.http.ResponseEntity<java.util.List<springfox.documentation.swagger.web.SwaggerResource>> springfox.documentation.swagger.web.ApiResourceController.swaggerResources()
2019-05-30 00:27:29.847 [restartedMain] INFO  o.s.w.s.m.m.a.RequestMappingHandlerMapping - Mapped "{[/swagger-resources/configuration/ui]}" onto org.springframework.http.ResponseEntity<springfox.documentation.swagger.web.UiConfiguration> springfox.documentation.swagger.web.ApiResourceController.uiConfiguration()
2019-05-30 00:27:29.848 [restartedMain] INFO  o.s.w.s.m.m.a.RequestMappingHandlerMapping - Mapped "{[/swagger-resources/configuration/security]}" onto org.springframework.http.ResponseEntity<springfox.documentation.swagger.web.SecurityConfiguration> springfox.documentation.swagger.web.ApiResourceController.securityConfiguration()
2019-05-30 00:27:29.853 [restartedMain] INFO  o.s.w.s.m.m.a.RequestMappingHandlerMapping - Mapped "{[/error]}" onto public org.springframework.http.ResponseEntity<java.util.Map<java.lang.String, java.lang.Object>> org.springframework.boot.autoconfigure.web.BasicErrorController.error(javax.servlet.http.HttpServletRequest)
2019-05-30 00:27:29.854 [restartedMain] INFO  o.s.w.s.m.m.a.RequestMappingHandlerMapping - Mapped "{[/error],produces=[text/html]}" onto public org.springframework.web.servlet.ModelAndView org.springframework.boot.autoconfigure.web.BasicErrorController.errorHtml(javax.servlet.http.HttpServletRequest,javax.servlet.http.HttpServletResponse)
2019-05-30 00:27:33.330 [restartedMain] INFO  o.s.w.s.m.m.a.RequestMappingHandlerAdapter - Looking for @ControllerAdvice: org.springframework.boot.context.embedded.AnnotationConfigEmbeddedWebApplicationContext@2d866644: startup date [Thu May 30 00:27:15 CST 2019]; root of context hierarchy
2019-05-30 00:27:34.043 [restartedMain] INFO  o.s.web.servlet.handler.SimpleUrlHandlerMapping - Mapped URL path [/webjars/**] onto handler of type [class org.springframework.web.servlet.resource.ResourceHttpRequestHandler]
2019-05-30 00:27:34.043 [restartedMain] INFO  o.s.web.servlet.handler.SimpleUrlHandlerMapping - Mapped URL path [/**] onto handler of type [class org.springframework.web.servlet.resource.ResourceHttpRequestHandler]
2019-05-30 00:27:34.235 [restartedMain] INFO  o.s.w.s.m.m.a.ExceptionHandlerExceptionResolver - Detected @ExceptionHandler methods in exceptionHelper
2019-05-30 00:27:34.463 [restartedMain] INFO  o.s.web.servlet.handler.SimpleUrlHandlerMapping - Mapped URL path [/**/favicon.ico] onto handler of type [class org.springframework.web.servlet.resource.ResourceHttpRequestHandler]
2019-05-30 00:27:36.052 [restartedMain] INFO  o.s.b.a.w.WebMvcAutoConfiguration$WelcomePageHandlerMapping - Adding welcome page: class path resource [static/index.html]
2019-05-30 00:27:37.684 [restartedMain] INFO  o.s.ui.freemarker.SpringTemplateLoader - SpringTemplateLoader for FreeMarker: using resource loader [org.springframework.boot.context.embedded.AnnotationConfigEmbeddedWebApplicationContext@2d866644: startup date [Thu May 30 00:27:15 CST 2019]; root of context hierarchy] and template loader path [classpath:/templates/]
2019-05-30 00:27:37.686 [restartedMain] INFO  o.s.w.servlet.view.freemarker.FreeMarkerConfigurer - ClassTemplateLoader for Spring macros added to FreeMarker configuration
2019-05-30 00:27:39.559 [restartedMain] INFO  o.s.b.d.autoconfigure.OptionalLiveReloadServer - LiveReload server is running on port 35729
2019-05-30 00:27:39.985 [restartedMain] INFO  o.s.jmx.export.annotation.AnnotationMBeanExporter - Registering beans for JMX exposure on startup
2019-05-30 00:27:39.990 [restartedMain] INFO  o.s.jmx.export.annotation.AnnotationMBeanExporter - Bean with name 'dataSource' has been autodetected for JMX exposure
2019-05-30 00:27:40.001 [restartedMain] INFO  o.s.jmx.export.annotation.AnnotationMBeanExporter - Located MBean 'dataSource': registering with JMX server as MBean [com.alibaba.druid.pool:name=dataSource,type=DruidDataSource]
2019-05-30 00:27:40.009 [restartedMain] INFO  o.s.context.support.DefaultLifecycleProcessor - Starting beans in phase 2147483647
2019-05-30 00:27:40.009 [restartedMain] INFO  s.d.s.web.plugins.DocumentationPluginsBootstrapper - Context refreshed
2019-05-30 00:27:40.036 [restartedMain] INFO  s.d.s.web.plugins.DocumentationPluginsBootstrapper - Found 1 custom documentation plugin(s)
2019-05-30 00:27:40.063 [restartedMain] INFO  s.d.spring.web.scanners.ApiListingReferenceScanner - Scanning for api listing references
2019-05-30 00:27:40.253 [restartedMain] INFO  o.s.s.a.ScheduledAnnotationBeanPostProcessor - No TaskScheduler/ScheduledExecutorService bean found for scheduled processing
2019-05-30 00:27:40.271 [restartedMain] INFO  org.apache.coyote.http11.Http11NioProtocol - Initializing ProtocolHandler ["http-nio-9999"]
2019-05-30 00:27:40.291 [restartedMain] INFO  org.apache.coyote.http11.Http11NioProtocol - Starting ProtocolHandler ["http-nio-9999"]
2019-05-30 00:27:40.311 [restartedMain] INFO  org.apache.tomcat.util.net.NioSelectorPool - Using a shared selector for servlet write/read
2019-05-30 00:27:40.343 [restartedMain] INFO  o.s.b.c.e.tomcat.TomcatEmbeddedServletContainer - Tomcat started on port(s): 9999 (http)
2019-05-30 00:27:40.353 [restartedMain] INFO  com.zhupeng.baseframe.WebApplication - Started WebApplication in 25.798 seconds (JVM running for 29.507)
2019-05-30 00:27:40.354 [restartedMain] INFO  com.zhupeng.baseframe.WebApplication - 启动完成！
2019-05-30 00:27:54.817 [http-nio-9999-exec-1] INFO  o.a.c.c.C.[Tomcat].[localhost].[/baseframe] - Initializing Spring FrameworkServlet 'dispatcherServlet'
2019-05-30 00:27:54.818 [http-nio-9999-exec-1] INFO  org.springframework.web.servlet.DispatcherServlet - FrameworkServlet 'dispatcherServlet': initialization started
2019-05-30 00:27:54.910 [http-nio-9999-exec-1] INFO  org.springframework.web.servlet.DispatcherServlet - FrameworkServlet 'dispatcherServlet': initialization completed in 92 ms
2019-05-30 00:27:54.942 [http-nio-9999-exec-1] INFO  o.a.s.session.mgt.AbstractValidatingSessionManager - Enabling session validation scheduler...
2019-05-30 00:27:55.088 [http-nio-9999-exec-1] INFO  com.zhupeng.baseframe.aop.LogAopAdviseDefine - 请求request ==> url:[http://localhost:9999/baseframe/userController/add], class:[com.zhupeng.baseframe.controller.UserController], method:[addUser], paramters:[{}]
2019-05-30 00:28:28.852 [http-nio-9999-exec-1] INFO  com.zhupeng.baseframe.aop.DebuggerAop - --接收到请求--/baseframe/userController/add
--------------------request-------------------------
RemoteAddr:0:0:0:0:0:0:0:1
Address:http://localhost:9999/baseframe/userController/add
Encoding:UTF-8
HttpMethod:GET
ContentType:null
Headers:host=[localhost:9999], connection=[keep-alive], cache-control=[max-age=0], upgrade-insecure-requests=[1], user-agent=[Mozilla/5.0 (Windows NT 6.1; WOW64) AppleWebKit/537.36 (KHTML, like Gecko) Chrome/65.0.3325.181 Safari/537.36], accept=[text/html,application/xhtml+xml,application/xml;q=0.9,image/webp,image/apng,*/*;q=0.8], accept-encoding=[gzip, deflate, br], accept-language=[zh-CN,zh;q=0.9], cookie=[rememberMe=YQtJXFnbWh95moPyInjD/hnGjjTf82R8+1dnXBPNCLA42lmiaUYlv6U34znfqJuV1ju3U8oFMJxSzItNJPgW8QI6N2QPLKSUpIPaF/Ywv+SAy5Ib/UI5eK+wr9Z3MW4Y0ICjH5E6hE/9jKmWQXPimeHahYZ3hxyPjbLg1mJRdWvs0KUz2BjCc6Or2U730eVuwmACS0A1CF96715vvm7DkaqXlKIxgjwrMQcYUUWkfvWFFKxHfNJwkgNQpBSmXjsrA471FM5CNqSDs2iAr37Z58rvn+t4fue0CC6PqCe1NYo9BjGwCJaexOklLljri7qRLI9xScxPkv7JUefGr/XRZhpDlawuuLgUtuDoRc73QRX0j25WMqAX8uLjMWl5YxRRsF8xndT49jU14jA3PCJyiygBvPDNBn6LXRDTSy9MrMb4Z60o0Ealzfy69ck8lpPq2A0mmig2srDRyldrkkEtajUjMYinZrreuOqiacyh53OjH0nZ8B7+Aa/Evr2T+TLf05BIW6GM9yo0Oxiwfb3nKtvkbi1cbyUhprOGgx3oyBp34ReRAXP19JOzooMQ3cl+JHpDJ7x8hsVyfjI9d6bqFjP3xHF/nTLFAULEScBM8gLNh5WFFlv45WsYGrlh3TG8+yOsz+sKjlvZraIWvIp+Y0CB2QzW8K1+70rujT7bLNOBpEKlDBnMFgVFQL4EU3qUjOaogEwJKXLD5kQvT3moVocBCaBxUo1qNjiAm8azv/jNU7nJMWwCZb790t3X6CtuHPQYdUyCrsuW7Lq8JjT3h+gTqXJyDVZSCtnER1zO17rsJiq/dLlQsM1df41Zq6IcPEn6yDPRlbgHkpkh6zVs1NTNCFNrUHhrNuVVVy/CjbHLOM86H0GL9uSBz7PvfIFf6QaF2yIfdurIP9rVS2aX6A==], 
Payload-param:{}
Payload-body:
2019-05-30 00:28:34.195 [http-nio-9999-exec-1] INFO  com.zhupeng.baseframe.controller.UserController - 添加用户
2019-05-30 00:28:40.664 [http-nio-9999-exec-1] INFO  com.zhupeng.baseframe.aop.DebuggerAop - --响应请求--
--------------------response------------------------
Response-Code:200
Content-Type:null
Headers:Set-Cookie=[rememberMe=deleteMe; Path=/baseframe; Max-Age=0; Expires=Tue, 28-May-2019 16:27:54 GMT], 
Payload:"添加用户"
----------------------------------------------------
Total time:0ms
2019-05-30 00:28:42.502 [http-nio-9999-exec-1] INFO  com.zhupeng.baseframe.aop.LogAopAdviseDefine - 返回response ==>  class:[com.zhupeng.baseframe.controller.UserController], method:[addUser], paramters:["添加用户"]
2019-05-30 00:28:46.873 [http-nio-9999-exec-2] INFO  com.zhupeng.baseframe.aop.LogAopAdviseDefine - 请求request ==> url:[http://localhost:9999/baseframe/userController/add], class:[com.zhupeng.baseframe.controller.UserController], method:[addUser], paramters:[{}]
2019-05-30 00:29:09.364 [http-nio-9999-exec-2] INFO  com.zhupeng.baseframe.aop.DebuggerAop - --接收到请求--/baseframe/userController/add
--------------------request-------------------------
RemoteAddr:0:0:0:0:0:0:0:1
Address:http://localhost:9999/baseframe/userController/add
Encoding:UTF-8
HttpMethod:GET
ContentType:null
Headers:host=[localhost:9999], connection=[keep-alive], cache-control=[max-age=0], upgrade-insecure-requests=[1], user-agent=[Mozilla/5.0 (Windows NT 6.1; WOW64) AppleWebKit/537.36 (KHTML, like Gecko) Chrome/65.0.3325.181 Safari/537.36], accept=[text/html,application/xhtml+xml,application/xml;q=0.9,image/webp,image/apng,*/*;q=0.8], accept-encoding=[gzip, deflate, br], accept-language=[zh-CN,zh;q=0.9], cookie=[rememberMe=YQtJXFnbWh95moPyInjD/hnGjjTf82R8+1dnXBPNCLA42lmiaUYlv6U34znfqJuV1ju3U8oFMJxSzItNJPgW8QI6N2QPLKSUpIPaF/Ywv+SAy5Ib/UI5eK+wr9Z3MW4Y0ICjH5E6hE/9jKmWQXPimeHahYZ3hxyPjbLg1mJRdWvs0KUz2BjCc6Or2U730eVuwmACS0A1CF96715vvm7DkaqXlKIxgjwrMQcYUUWkfvWFFKxHfNJwkgNQpBSmXjsrA471FM5CNqSDs2iAr37Z58rvn+t4fue0CC6PqCe1NYo9BjGwCJaexOklLljri7qRLI9xScxPkv7JUefGr/XRZhpDlawuuLgUtuDoRc73QRX0j25WMqAX8uLjMWl5YxRRsF8xndT49jU14jA3PCJyiygBvPDNBn6LXRDTSy9MrMb4Z60o0Ealzfy69ck8lpPq2A0mmig2srDRyldrkkEtajUjMYinZrreuOqiacyh53OjH0nZ8B7+Aa/Evr2T+TLf05BIW6GM9yo0Oxiwfb3nKtvkbi1cbyUhprOGgx3oyBp34ReRAXP19JOzooMQ3cl+JHpDJ7x8hsVyfjI9d6bqFjP3xHF/nTLFAULEScBM8gLNh5WFFlv45WsYGrlh3TG8+yOsz+sKjlvZraIWvIp+Y0CB2QzW8K1+70rujT7bLNOBpEKlDBnMFgVFQL4EU3qUjOaogEwJKXLD5kQvT3moVocBCaBxUo1qNjiAm8azv/jNU7nJMWwCZb790t3X6CtuHPQYdUyCrsuW7Lq8JjT3h+gTqXJyDVZSCtnER1zO17rsJiq/dLlQsM1df41Zq6IcPEn6yDPRlbgHkpkh6zVs1NTNCFNrUHhrNuVVVy/CjbHLOM86H0GL9uSBz7PvfIFf6QaF2yIfdurIP9rVS2aX6A==], 
Payload-param:{}
Payload-body:
2019-05-30 00:29:56.567 [http-nio-9999-exec-2] INFO  com.zhupeng.baseframe.controller.UserController - 添加用户
2019-05-30 00:29:58.353 [http-nio-9999-exec-2] INFO  com.zhupeng.baseframe.aop.DebuggerAop - --响应请求--
--------------------response------------------------
Response-Code:200
Content-Type:null
Headers:Set-Cookie=[rememberMe=deleteMe; Path=/baseframe; Max-Age=0; Expires=Tue, 28-May-2019 16:28:46 GMT], 
Payload:"添加用户"
----------------------------------------------------
Total time:0ms
2019-05-30 00:29:58.354 [http-nio-9999-exec-2] INFO  com.zhupeng.baseframe.aop.LogAopAdviseDefine - 返回response ==>  class:[com.zhupeng.baseframe.controller.UserController], method:[addUser], paramters:["添加用户"]
2019-05-30 00:31:32.142 [Thread-64] INFO  o.s.b.c.e.AnnotationConfigEmbeddedWebApplicationContext - Closing org.springframework.boot.context.embedded.AnnotationConfigEmbeddedWebApplicationContext@2d866644: startup date [Thu May 30 00:27:15 CST 2019]; root of context hierarchy
2019-05-30 00:31:32.148 [Thread-64] INFO  o.s.context.support.DefaultLifecycleProcessor - Stopping beans in phase 2147483647
2019-05-30 00:31:32.155 [Thread-64] INFO  o.s.jmx.export.annotation.AnnotationMBeanExporter - Unregistering JMX-exposed beans on shutdown
2019-05-30 00:31:32.156 [Thread-64] INFO  o.s.jmx.export.annotation.AnnotationMBeanExporter - Unregistering JMX-exposed beans
2019-05-30 00:31:32.163 [Thread-64] INFO  o.a.s.session.mgt.AbstractValidatingSessionManager - Disabled session validation scheduler.
2019-05-30 00:32:03.707 [main] INFO  com.zhupeng.baseframe.WebApplication - 启动开始……
2019-05-30 00:32:04.117 [restartedMain] INFO  com.zhupeng.baseframe.WebApplication - 启动开始……
2019-05-30 00:32:04.745 [restartedMain] INFO  com.zhupeng.baseframe.WebApplication - Starting WebApplication on SD-20181223DEXT with PID 1380 (D:\workspace\zhupeng\baseframe2.0\target\classes started by Administrator in D:\workspace\zhupeng\baseframe2.0)
2019-05-30 00:32:04.746 [restartedMain] INFO  com.zhupeng.baseframe.WebApplication - No active profile set, falling back to default profiles: default
2019-05-30 00:32:05.136 [restartedMain] INFO  o.s.b.c.e.AnnotationConfigEmbeddedWebApplicationContext - Refreshing org.springframework.boot.context.embedded.AnnotationConfigEmbeddedWebApplicationContext@650dcb4f: startup date [Thu May 30 00:32:05 CST 2019]; root of context hierarchy
2019-05-30 00:32:05.166 [background-preinit] INFO  org.hibernate.validator.internal.util.Version - HV000001: Hibernate Validator 5.3.5.Final
2019-05-30 00:32:07.210 [restartedMain] INFO  o.s.b.factory.support.DefaultListableBeanFactory - Overriding bean definition for bean 'stringRedisTemplate' with a different definition: replacing [Root bean: class [null]; scope=; abstract=false; lazyInit=false; autowireMode=3; dependencyCheck=0; autowireCandidate=true; primary=false; factoryBeanName=redisConfig; factoryMethodName=stringRedisTemplate; initMethodName=null; destroyMethodName=(inferred); defined in class path resource [com/zhupeng/baseframe/config/RedisConfig.class]] with [Root bean: class [null]; scope=; abstract=false; lazyInit=false; autowireMode=3; dependencyCheck=0; autowireCandidate=true; primary=false; factoryBeanName=org.springframework.boot.autoconfigure.data.redis.RedisAutoConfiguration$RedisConfiguration; factoryMethodName=stringRedisTemplate; initMethodName=null; destroyMethodName=(inferred); defined in class path resource [org/springframework/boot/autoconfigure/data/redis/RedisAutoConfiguration$RedisConfiguration.class]]
2019-05-30 00:32:07.250 [restartedMain] INFO  o.s.d.r.config.RepositoryConfigurationDelegate - Multiple Spring Data modules found, entering strict repository configuration mode!
2019-05-30 00:32:07.909 [restartedMain] INFO  o.s.c.s.PostProcessorRegistrationDelegate$BeanPostProcessorChecker - Bean 'shiroConfig' of type [com.zhupeng.baseframe.config.ShiroConfig$$EnhancerBySpringCGLIB$$a4c57b5a] is not eligible for getting processed by all BeanPostProcessors (for example: not eligible for auto-proxying)
2019-05-30 00:32:08.098 [restartedMain] INFO  o.s.c.s.PostProcessorRegistrationDelegate$BeanPostProcessorChecker - Bean 'sessionManager' of type [org.apache.shiro.web.session.mgt.DefaultWebSessionManager] is not eligible for getting processed by all BeanPostProcessors (for example: not eligible for auto-proxying)
2019-05-30 00:32:08.488 [restartedMain] INFO  o.s.c.s.PostProcessorRegistrationDelegate$BeanPostProcessorChecker - Bean 'myModularRealmAuthenticator' of type [com.zhupeng.baseframe.shiro.MyModularRealmAuthenticator] is not eligible for getting processed by all BeanPostProcessors (for example: not eligible for auto-proxying)
2019-05-30 00:32:08.522 [restartedMain] INFO  o.s.c.s.PostProcessorRegistrationDelegate$BeanPostProcessorChecker - Bean 'authorizingRealm' of type [com.zhupeng.baseframe.shiro.AuthorizationRealm] is not eligible for getting processed by all BeanPostProcessors (for example: not eligible for auto-proxying)
2019-05-30 00:32:08.539 [restartedMain] INFO  o.s.c.s.PostProcessorRegistrationDelegate$BeanPostProcessorChecker - Bean 'userPasswordRealm' of type [com.zhupeng.baseframe.shiro.UserPasswordRealm] is not eligible for getting processed by all BeanPostProcessors (for example: not eligible for auto-proxying)
2019-05-30 00:32:08.555 [restartedMain] INFO  o.s.c.s.PostProcessorRegistrationDelegate$BeanPostProcessorChecker - Bean 'userPhoneRealm' of type [com.zhupeng.baseframe.shiro.UserPhoneRealm] is not eligible for getting processed by all BeanPostProcessors (for example: not eligible for auto-proxying)
2019-05-30 00:32:08.583 [restartedMain] INFO  o.s.c.s.PostProcessorRegistrationDelegate$BeanPostProcessorChecker - Bean 'securityManager' of type [org.apache.shiro.web.mgt.DefaultWebSecurityManager] is not eligible for getting processed by all BeanPostProcessors (for example: not eligible for auto-proxying)
2019-05-30 00:32:08.840 [restartedMain] INFO  o.s.c.s.PostProcessorRegistrationDelegate$BeanPostProcessorChecker - Bean 'authorizationAttributeSourceAdvisor' of type [org.apache.shiro.spring.security.interceptor.AuthorizationAttributeSourceAdvisor] is not eligible for getting processed by all BeanPostProcessors (for example: not eligible for auto-proxying)
2019-05-30 00:32:08.956 [restartedMain] INFO  o.s.c.s.PostProcessorRegistrationDelegate$BeanPostProcessorChecker - Bean 'org.springframework.transaction.annotation.ProxyTransactionManagementConfiguration' of type [org.springframework.transaction.annotation.ProxyTransactionManagementConfiguration$$EnhancerBySpringCGLIB$$4ddb0fb6] is not eligible for getting processed by all BeanPostProcessors (for example: not eligible for auto-proxying)
2019-05-30 00:32:10.688 [restartedMain] INFO  o.s.b.c.e.tomcat.TomcatEmbeddedServletContainer - Tomcat initialized with port(s): 9999 (http)
2019-05-30 00:32:10.710 [restartedMain] INFO  org.apache.catalina.core.StandardService - Starting service [Tomcat]
2019-05-30 00:32:10.711 [restartedMain] INFO  org.apache.catalina.core.StandardEngine - Starting Servlet Engine: Apache Tomcat/8.5.16
2019-05-30 00:32:10.926 [localhost-startStop-1] INFO  o.a.c.c.C.[Tomcat].[localhost].[/baseframe] - Initializing Spring embedded WebApplicationContext
2019-05-30 00:32:10.926 [localhost-startStop-1] INFO  org.springframework.web.context.ContextLoader - Root WebApplicationContext: initialization completed in 5791 ms
2019-05-30 00:32:12.051 [localhost-startStop-1] INFO  o.s.boot.web.servlet.ServletRegistrationBean - Mapping servlet: 'dispatcherServlet' to [/]
2019-05-30 00:32:12.060 [localhost-startStop-1] INFO  o.s.boot.web.servlet.FilterRegistrationBean - Mapping filter: 'characterEncodingFilter' to: [/*]
2019-05-30 00:32:12.061 [localhost-startStop-1] INFO  o.s.boot.web.servlet.FilterRegistrationBean - Mapping filter: 'hiddenHttpMethodFilter' to: [/*]
2019-05-30 00:32:12.061 [localhost-startStop-1] INFO  o.s.boot.web.servlet.FilterRegistrationBean - Mapping filter: 'httpPutFormContentFilter' to: [/*]
2019-05-30 00:32:12.062 [localhost-startStop-1] INFO  o.s.boot.web.servlet.FilterRegistrationBean - Mapping filter: 'requestContextFilter' to: [/*]
2019-05-30 00:32:12.062 [localhost-startStop-1] INFO  o.s.boot.web.servlet.FilterRegistrationBean - Mapping filter: 'shirFilter' to: [/*]
2019-05-30 00:32:15.322 [restartedMain] INFO  com.zhupeng.baseframe.config.RedisConfig - JedisConnectionFactory bean init success.
2019-05-30 00:32:18.236 [restartedMain] INFO  o.s.w.s.m.m.a.RequestMappingHandlerMapping - Mapped "{[/userController/add],methods=[GET]}" onto public java.lang.String com.zhupeng.baseframe.controller.UserController.addUser()
2019-05-30 00:32:18.241 [restartedMain] INFO  o.s.w.s.m.m.a.RequestMappingHandlerMapping - Mapped "{[/v2/api-docs],methods=[GET],produces=[application/json || application/hal+json]}" onto public org.springframework.http.ResponseEntity<springfox.documentation.spring.web.json.Json> springfox.documentation.swagger2.web.Swagger2Controller.getDocumentation(java.lang.String,javax.servlet.http.HttpServletRequest)
2019-05-30 00:32:18.247 [restartedMain] INFO  o.s.w.s.m.m.a.RequestMappingHandlerMapping - Mapped "{[/swagger-resources]}" onto org.springframework.http.ResponseEntity<java.util.List<springfox.documentation.swagger.web.SwaggerResource>> springfox.documentation.swagger.web.ApiResourceController.swaggerResources()
2019-05-30 00:32:18.249 [restartedMain] INFO  o.s.w.s.m.m.a.RequestMappingHandlerMapping - Mapped "{[/swagger-resources/configuration/ui]}" onto org.springframework.http.ResponseEntity<springfox.documentation.swagger.web.UiConfiguration> springfox.documentation.swagger.web.ApiResourceController.uiConfiguration()
2019-05-30 00:32:18.250 [restartedMain] INFO  o.s.w.s.m.m.a.RequestMappingHandlerMapping - Mapped "{[/swagger-resources/configuration/security]}" onto org.springframework.http.ResponseEntity<springfox.documentation.swagger.web.SecurityConfiguration> springfox.documentation.swagger.web.ApiResourceController.securityConfiguration()
2019-05-30 00:32:18.256 [restartedMain] INFO  o.s.w.s.m.m.a.RequestMappingHandlerMapping - Mapped "{[/error]}" onto public org.springframework.http.ResponseEntity<java.util.Map<java.lang.String, java.lang.Object>> org.springframework.boot.autoconfigure.web.BasicErrorController.error(javax.servlet.http.HttpServletRequest)
2019-05-30 00:32:18.257 [restartedMain] INFO  o.s.w.s.m.m.a.RequestMappingHandlerMapping - Mapped "{[/error],produces=[text/html]}" onto public org.springframework.web.servlet.ModelAndView org.springframework.boot.autoconfigure.web.BasicErrorController.errorHtml(javax.servlet.http.HttpServletRequest,javax.servlet.http.HttpServletResponse)
2019-05-30 00:32:21.626 [restartedMain] INFO  o.s.w.s.m.m.a.RequestMappingHandlerAdapter - Looking for @ControllerAdvice: org.springframework.boot.context.embedded.AnnotationConfigEmbeddedWebApplicationContext@650dcb4f: startup date [Thu May 30 00:32:05 CST 2019]; root of context hierarchy
2019-05-30 00:32:22.236 [restartedMain] INFO  o.s.web.servlet.handler.SimpleUrlHandlerMapping - Mapped URL path [/webjars/**] onto handler of type [class org.springframework.web.servlet.resource.ResourceHttpRequestHandler]
2019-05-30 00:32:22.237 [restartedMain] INFO  o.s.web.servlet.handler.SimpleUrlHandlerMapping - Mapped URL path [/**] onto handler of type [class org.springframework.web.servlet.resource.ResourceHttpRequestHandler]
2019-05-30 00:32:22.427 [restartedMain] INFO  o.s.w.s.m.m.a.ExceptionHandlerExceptionResolver - Detected @ExceptionHandler methods in exceptionHelper
2019-05-30 00:32:22.653 [restartedMain] INFO  o.s.web.servlet.handler.SimpleUrlHandlerMapping - Mapped URL path [/**/favicon.ico] onto handler of type [class org.springframework.web.servlet.resource.ResourceHttpRequestHandler]
2019-05-30 00:32:24.149 [restartedMain] INFO  o.s.b.a.w.WebMvcAutoConfiguration$WelcomePageHandlerMapping - Adding welcome page: class path resource [static/index.html]
2019-05-30 00:32:25.725 [restartedMain] INFO  o.s.ui.freemarker.SpringTemplateLoader - SpringTemplateLoader for FreeMarker: using resource loader [org.springframework.boot.context.embedded.AnnotationConfigEmbeddedWebApplicationContext@650dcb4f: startup date [Thu May 30 00:32:05 CST 2019]; root of context hierarchy] and template loader path [classpath:/templates/]
2019-05-30 00:32:25.727 [restartedMain] INFO  o.s.w.servlet.view.freemarker.FreeMarkerConfigurer - ClassTemplateLoader for Spring macros added to FreeMarker configuration
2019-05-30 00:32:27.686 [restartedMain] INFO  o.s.b.d.autoconfigure.OptionalLiveReloadServer - LiveReload server is running on port 35729
2019-05-30 00:32:28.117 [restartedMain] INFO  o.s.jmx.export.annotation.AnnotationMBeanExporter - Registering beans for JMX exposure on startup
2019-05-30 00:32:28.121 [restartedMain] INFO  o.s.jmx.export.annotation.AnnotationMBeanExporter - Bean with name 'dataSource' has been autodetected for JMX exposure
2019-05-30 00:32:28.133 [restartedMain] INFO  o.s.jmx.export.annotation.AnnotationMBeanExporter - Located MBean 'dataSource': registering with JMX server as MBean [com.alibaba.druid.pool:name=dataSource,type=DruidDataSource]
2019-05-30 00:32:28.141 [restartedMain] INFO  o.s.context.support.DefaultLifecycleProcessor - Starting beans in phase 2147483647
2019-05-30 00:32:28.141 [restartedMain] INFO  s.d.s.web.plugins.DocumentationPluginsBootstrapper - Context refreshed
2019-05-30 00:32:28.166 [restartedMain] INFO  s.d.s.web.plugins.DocumentationPluginsBootstrapper - Found 1 custom documentation plugin(s)
2019-05-30 00:32:28.187 [restartedMain] INFO  s.d.spring.web.scanners.ApiListingReferenceScanner - Scanning for api listing references
2019-05-30 00:32:28.370 [restartedMain] INFO  o.s.s.a.ScheduledAnnotationBeanPostProcessor - No TaskScheduler/ScheduledExecutorService bean found for scheduled processing
2019-05-30 00:32:28.388 [restartedMain] INFO  org.apache.coyote.http11.Http11NioProtocol - Initializing ProtocolHandler ["http-nio-9999"]
2019-05-30 00:32:28.407 [restartedMain] INFO  org.apache.coyote.http11.Http11NioProtocol - Starting ProtocolHandler ["http-nio-9999"]
2019-05-30 00:32:28.428 [restartedMain] INFO  org.apache.tomcat.util.net.NioSelectorPool - Using a shared selector for servlet write/read
2019-05-30 00:32:28.460 [restartedMain] INFO  o.s.b.c.e.tomcat.TomcatEmbeddedServletContainer - Tomcat started on port(s): 9999 (http)
2019-05-30 00:32:28.470 [restartedMain] INFO  com.zhupeng.baseframe.WebApplication - Started WebApplication in 24.331 seconds (JVM running for 28.257)
2019-05-30 00:32:28.471 [restartedMain] INFO  com.zhupeng.baseframe.WebApplication - 启动完成！
2019-05-30 00:32:57.810 [http-nio-9999-exec-1] INFO  o.a.c.c.C.[Tomcat].[localhost].[/baseframe] - Initializing Spring FrameworkServlet 'dispatcherServlet'
2019-05-30 00:32:57.810 [http-nio-9999-exec-1] INFO  org.springframework.web.servlet.DispatcherServlet - FrameworkServlet 'dispatcherServlet': initialization started
2019-05-30 00:32:57.897 [http-nio-9999-exec-1] INFO  org.springframework.web.servlet.DispatcherServlet - FrameworkServlet 'dispatcherServlet': initialization completed in 87 ms
2019-05-30 00:32:57.922 [http-nio-9999-exec-1] INFO  o.a.s.session.mgt.AbstractValidatingSessionManager - Enabling session validation scheduler...
2019-05-30 00:32:58.068 [http-nio-9999-exec-1] INFO  com.zhupeng.baseframe.aop.LogAopAdviseDefine - 请求request ==> url:[http://localhost:9999/baseframe/userController/add], class:[com.zhupeng.baseframe.controller.UserController], method:[addUser], paramters:[{}]
2019-05-30 00:33:06.684 [pool-2-thread-1] INFO  com.zhupeng.baseframe.aop.LogAopAdviseDefine - 调用TimerTask.timeTest()方法，发生异常，异常信息是：null
2019-05-30 00:33:09.750 [http-nio-9999-exec-1] INFO  com.zhupeng.baseframe.aop.DebuggerAop - --接收到请求--/baseframe/userController/add
--------------------request-------------------------
RemoteAddr:0:0:0:0:0:0:0:1
Address:http://localhost:9999/baseframe/userController/add
Encoding:UTF-8
HttpMethod:GET
ContentType:null
Headers:host=[localhost:9999], connection=[keep-alive], cache-control=[max-age=0], upgrade-insecure-requests=[1], user-agent=[Mozilla/5.0 (Windows NT 6.1; WOW64) AppleWebKit/537.36 (KHTML, like Gecko) Chrome/65.0.3325.181 Safari/537.36], accept=[text/html,application/xhtml+xml,application/xml;q=0.9,image/webp,image/apng,*/*;q=0.8], accept-encoding=[gzip, deflate, br], accept-language=[zh-CN,zh;q=0.9], cookie=[rememberMe=YQtJXFnbWh95moPyInjD/hnGjjTf82R8+1dnXBPNCLA42lmiaUYlv6U34znfqJuV1ju3U8oFMJxSzItNJPgW8QI6N2QPLKSUpIPaF/Ywv+SAy5Ib/UI5eK+wr9Z3MW4Y0ICjH5E6hE/9jKmWQXPimeHahYZ3hxyPjbLg1mJRdWvs0KUz2BjCc6Or2U730eVuwmACS0A1CF96715vvm7DkaqXlKIxgjwrMQcYUUWkfvWFFKxHfNJwkgNQpBSmXjsrA471FM5CNqSDs2iAr37Z58rvn+t4fue0CC6PqCe1NYo9BjGwCJaexOklLljri7qRLI9xScxPkv7JUefGr/XRZhpDlawuuLgUtuDoRc73QRX0j25WMqAX8uLjMWl5YxRRsF8xndT49jU14jA3PCJyiygBvPDNBn6LXRDTSy9MrMb4Z60o0Ealzfy69ck8lpPq2A0mmig2srDRyldrkkEtajUjMYinZrreuOqiacyh53OjH0nZ8B7+Aa/Evr2T+TLf05BIW6GM9yo0Oxiwfb3nKtvkbi1cbyUhprOGgx3oyBp34ReRAXP19JOzooMQ3cl+JHpDJ7x8hsVyfjI9d6bqFjP3xHF/nTLFAULEScBM8gLNh5WFFlv45WsYGrlh3TG8+yOsz+sKjlvZraIWvIp+Y0CB2QzW8K1+70rujT7bLNOBpEKlDBnMFgVFQL4EU3qUjOaogEwJKXLD5kQvT3moVocBCaBxUo1qNjiAm8azv/jNU7nJMWwCZb790t3X6CtuHPQYdUyCrsuW7Lq8JjT3h+gTqXJyDVZSCtnER1zO17rsJiq/dLlQsM1df41Zq6IcPEn6yDPRlbgHkpkh6zVs1NTNCFNrUHhrNuVVVy/CjbHLOM86H0GL9uSBz7PvfIFf6QaF2yIfdurIP9rVS2aX6A==], 
Payload-param:{}
Payload-body:
2019-05-30 00:33:09.755 [http-nio-9999-exec-1] INFO  com.zhupeng.baseframe.controller.UserController - 添加用户
2019-05-30 00:33:44.815 [http-nio-9999-exec-1] INFO  com.zhupeng.baseframe.aop.DebuggerAop - --响应请求--
--------------------response------------------------
Response-Code:200
Content-Type:null
Headers:Set-Cookie=[rememberMe=deleteMe; Path=/baseframe; Max-Age=0; Expires=Tue, 28-May-2019 16:32:57 GMT], 
Payload:"添加用户"
----------------------------------------------------
Total time:0ms
2019-05-30 00:33:44.816 [http-nio-9999-exec-1] INFO  com.zhupeng.baseframe.aop.LogAopAdviseDefine - 返回response ==>  class:[com.zhupeng.baseframe.controller.UserController], method:[addUser], paramters:["添加用户"]
2019-05-30 00:33:58.967 [Thread-61] INFO  o.s.b.c.e.AnnotationConfigEmbeddedWebApplicationContext - Closing org.springframework.boot.context.embedded.AnnotationConfigEmbeddedWebApplicationContext@650dcb4f: startup date [Thu May 30 00:32:05 CST 2019]; root of context hierarchy
2019-05-30 00:33:58.971 [Thread-61] INFO  o.s.context.support.DefaultLifecycleProcessor - Stopping beans in phase 2147483647
2019-05-30 00:33:58.979 [Thread-61] INFO  o.s.jmx.export.annotation.AnnotationMBeanExporter - Unregistering JMX-exposed beans on shutdown
2019-05-30 00:33:58.980 [Thread-61] INFO  o.s.jmx.export.annotation.AnnotationMBeanExporter - Unregistering JMX-exposed beans
2019-05-30 00:33:58.987 [Thread-61] INFO  o.a.s.session.mgt.AbstractValidatingSessionManager - Disabled session validation scheduler.
